[0.135s] Invoking command in '/home/knapp/git/order_optimizer/build/order_optimizer': CMAKE_PREFIX_PATH=${CMAKE_PREFIX_PATH}:/home/knapp/ros2_foxy/install/ros2bag:/home/knapp/ros2_foxy/install/tracetools_launch:/home/knapp/ros2_foxy/install/topic_monitor:/home/knapp/ros2_foxy/install/examples_tf2_py:/home/knapp/ros2_foxy/install/sros2:/home/knapp/ros2_foxy/install/rqt_topic:/home/knapp/ros2_foxy/install/rqt_top:/home/knapp/ros2_foxy/install/rqt_srv:/home/knapp/ros2_foxy/install/rqt_shell:/home/knapp/ros2_foxy/install/rqt_service_caller:/home/knapp/ros2_foxy/install/rqt_reconfigure:/home/knapp/ros2_foxy/install/rqt_py_console:/home/knapp/ros2_foxy/install/rqt_publisher:/home/knapp/ros2_foxy/install/rqt_plot:/home/knapp/ros2_foxy/install/rqt_action:/home/knapp/ros2_foxy/install/rqt_msg:/home/knapp/ros2_foxy/install/rqt:/home/knapp/ros2_foxy/install/rqt_graph:/home/knapp/ros2_foxy/install/rqt_gui_py:/home/knapp/ros2_foxy/install/rqt_gui:/home/knapp/ros2_foxy/install/ros2trace:/home/knapp/ros2_foxy/install/ros2topic:/home/knapp/ros2_foxy/install/ros2test:/home/knapp/ros2_foxy/install/ros2component:/home/knapp/ros2_foxy/install/ros2param:/home/knapp/ros2_foxy/install/ros2lifecycle:/home/knapp/ros2_foxy/install/ros2service:/home/knapp/ros2_foxy/install/ros2run:/home/knapp/ros2_foxy/install/ros2launch:/home/knapp/ros2_foxy/install/ros2pkg:/home/knapp/ros2_foxy/install/ros2node:/home/knapp/ros2_foxy/install/ros2multicast:/home/knapp/ros2_foxy/install/ros2interface:/home/knapp/ros2_foxy/install/ros2doctor:/home/knapp/ros2_foxy/install/ros2action:/home/knapp/ros2_foxy/install/ros2cli:/home/knapp/ros2_foxy/install/quality_of_service_demo_py:/home/knapp/ros2_foxy/install/launch_testing_ros:/home/knapp/ros2_foxy/install/launch_ros:/home/knapp/ros2_foxy/install/examples_rclpy_minimal_subscriber:/home/knapp/ros2_foxy/install/examples_rclpy_minimal_service:/home/knapp/ros2_foxy/install/examples_rclpy_minimal_publisher:/home/knapp/ros2_foxy/install/examples_rclpy_minimal_client:/home/knapp/ros2_foxy/install/examples_rclpy_minimal_action_server:/home/knapp/ros2_foxy/install/examples_rclpy_minimal_action_client:/home/knapp/ros2_foxy/install/examples_rclpy_executors:/home/knapp/ros2_foxy/install/demo_nodes_py:/home/knapp/ros2_foxy/install/action_tutorials_py:/home/knapp/ros2_foxy/install/ament_uncrustify:/home/knapp/ros2_foxy/install/tracetools_trace:/home/knapp/ros2_foxy/install/tracetools_read:/home/knapp/ros2_foxy/install/test_launch_ros:/home/knapp/ros2_foxy/install/sensor_msgs_py:/home/knapp/ros2_foxy/install/rpyutils:/home/knapp/ros2_foxy/install/rosidl_runtime_py:/home/knapp/ros2_foxy/install/launch_yaml:/home/knapp/ros2_foxy/install/launch_xml:/home/knapp/ros2_foxy/install/launch_testing:/home/knapp/ros2_foxy/install/launch:/home/knapp/ros2_foxy/install/osrf_pycommon:/home/knapp/ros2_foxy/install/domain_coordinator:/home/knapp/ros2_foxy/install/ament_xmllint:/home/knapp/ros2_foxy/install/ament_pyflakes:/home/knapp/ros2_foxy/install/ament_pycodestyle:/home/knapp/ros2_foxy/install/ament_pep257:/home/knapp/ros2_foxy/install/ament_pclint:/home/knapp/ros2_foxy/install/ament_package:/home/knapp/ros2_foxy/install/ament_mypy:/home/knapp/ros2_foxy/install/ament_lint_cmake:/home/knapp/ros2_foxy/install/ament_flake8:/home/knapp/ros2_foxy/install/ament_copyright:/home/knapp/ros2_foxy/install/ament_lint:/home/knapp/ros2_foxy/install/ament_index_python:/home/knapp/ros2_foxy/install/ament_cpplint:/home/knapp/ros2_foxy/install/ament_cppcheck:/home/knapp/ros2_foxy/install/ament_clang_tidy:/home/knapp/ros2_foxy/install/ament_clang_format /usr/bin/cmake --build /home/knapp/git/order_optimizer/build/order_optimizer -- -j1 -l1
[0.429s] [ 50%] Built target OrderOptimizer
[0.485s] [35m[1mScanning dependencies of target SendOrder[0m
[0.590s] [ 75%] [32mBuilding CXX object CMakeFiles/SendOrder.dir/src/publisher_function.cpp.o[0m
[3.523s] [01m[K/home/knapp/git/order_optimizer/src/order_optimizer/src/publisher_function.cpp:10:46:[m[K [01;35m[Kwarning: [m[Kâ€˜[01m[Kgeometry_msgs::msg::PoseStamped_<std::allocator<void> >::ConstPtr[m[Kâ€™ is deprecated [[01;35m[K-Wdeprecated-declarations[m[K]
[3.523s]    10 | std::vector<geometry_msgs::msg::PoseStamped::[01;35m[KConstPtr[m[K> current_pos;
[3.524s]       |                                              [01;35m[K^~~~~~~~[m[K
[3.524s] In file included from [01m[K/home/knapp/ros2_foxy/install/geometry_msgs/include/geometry_msgs/msg/pose_stamped.hpp:7[m[K,
[3.524s]                  from [01m[K/home/knapp/git/order_optimizer/src/order_optimizer/src/publisher_function.cpp:5[m[K:
[3.524s] [01m[K/home/knapp/ros2_foxy/install/geometry_msgs/include/geometry_msgs/msg/detail/pose_stamped__struct.hpp:114:5:[m[K [01;36m[Knote: [m[Kdeclared here
[3.525s]   114 |     [01;36m[KConstPtr[m[K;
[3.525s]       |     [01;36m[K^~~~~~~~[m[K
[3.544s] [01m[K/home/knapp/git/order_optimizer/src/order_optimizer/src/publisher_function.cpp:[m[K In constructor â€˜[01m[KSendOrder::SendOrder()[m[Kâ€™:
[3.544s] [01m[K/home/knapp/git/order_optimizer/src/order_optimizer/src/publisher_function.cpp:20:24:[m[K [01;31m[Kerror: [m[Kclass â€˜[01m[KSendOrder[m[Kâ€™ does not have any field named â€˜[01m[Kcount_[m[Kâ€™
[3.544s]    20 |   : Node("SendOrder"), [01;31m[Kcount_[m[K(0)
[3.545s]       |                        [01;31m[K^~~~~~[m[K
[3.576s] [01m[K/home/knapp/git/order_optimizer/src/order_optimizer/src/publisher_function.cpp:[m[K In member function â€˜[01m[Kvoid SendOrder::current_position_callback()[m[Kâ€™:
[3.577s] [01m[K/home/knapp/git/order_optimizer/src/order_optimizer/src/publisher_function.cpp:34:80:[m[K [01;31m[Kerror: [m[Kâ€˜[01m[Kclass std::vector<std::shared_ptr<const geometry_msgs::msg::PoseStamped_<std::allocator<void> > > >[m[Kâ€™ has no member named â€˜[01m[Kposition[m[Kâ€™
[3.577s]    34 |  = "Current Positions x and y:" + std::to_string(current_pos.[01;31m[Kposition[m[K.x) + " and " + std::to_string(current_pos.position.x);
[3.577s]       |                                                              [01;31m[K^~~~~~~~[m[K
[3.577s] 
[3.578s] [01m[K/home/knapp/git/order_optimizer/src/order_optimizer/src/publisher_function.cpp:34:131:[m[K [01;31m[Kerror: [m[Kâ€˜[01m[Kclass std::vector<std::shared_ptr<const geometry_msgs::msg::PoseStamped_<std::allocator<void> > > >[m[Kâ€™ has no member named â€˜[01m[Kposition[m[Kâ€™
[3.579s]    34 | ing(current_pos.position.x) + " and " + std::to_string(current_pos.[01;31m[Kposition[m[K.x);
[3.579s]       |                                                                    [01;31m[K^~~~~~~~[m[K
[3.580s] 
[3.599s] [01m[K/home/knapp/git/order_optimizer/src/order_optimizer/src/publisher_function.cpp:[m[K In function â€˜[01m[Kint main(int, char**)[m[Kâ€™:
[3.600s] [01m[K/home/knapp/git/order_optimizer/src/order_optimizer/src/publisher_function.cpp:73:18:[m[K [01;31m[Kerror: [m[Kâ€˜[01m[Kboost[m[Kâ€™ has not been declared
[3.600s]    73 |             id = [01;31m[Kboost[m[K::lexical_cast<int>(argv[i+1].c_str());
[3.600s]       |                  [01;31m[K^~~~~[m[K
[3.604s] [01m[K/home/knapp/git/order_optimizer/src/order_optimizer/src/publisher_function.cpp:73:38:[m[K [01;31m[Kerror: [m[Kexpected primary-expression before â€˜[01m[Kint[m[Kâ€™
[3.605s]    73 |             id = boost::lexical_cast<[01;31m[Kint[m[K>(argv[i+1].c_str());
[3.605s]       |                                      [01;31m[K^~~[m[K
[3.606s] [01m[K/home/knapp/git/order_optimizer/src/order_optimizer/src/publisher_function.cpp:77:33:[m[K [01;31m[Kerror: [m[Kexpected primary-expression before â€˜[01m[K=[m[Kâ€™ token
[3.606s]    77 |                 error_message + [01;31m[K=[m[K "Order ID should be a number. Please use some number (int type) for order ID." << std::endl;
[3.607s]       |                                 [01;31m[K^[m[K
[3.607s] [01m[K/home/knapp/git/order_optimizer/src/order_optimizer/src/publisher_function.cpp:77:114:[m[K [01;31m[Kerror: [m[Kinvalid operands of types â€˜[01m[Kconst char [77][m[Kâ€™ and â€˜[01m[K<unresolved overloaded function type>[m[Kâ€™ to binary â€˜[01m[Koperator<<[m[Kâ€™
[3.607s]    77 | [01;31m[Kuld be a number. Please use some number (int type) for order ID." << std::endl[m[K;
[3.607s]       | [01;31m[K~~~~~~~~~~~~~~~~~~~~~~~~~~~~~~~~~~~~~~~~~~~~~~~~~~~~~~~~~~~~~~~~~~^~~~~~~~~~~~[m[K
[3.608s] 
[3.611s] [01m[K/home/knapp/git/order_optimizer/src/order_optimizer/src/publisher_function.cpp:82:17:[m[K [01;31m[Kerror: [m[Kâ€˜[01m[Kboost[m[Kâ€™ has not been declared
[3.613s]    82 |             x = [01;31m[Kboost[m[K::lexical_cast<float>(argv[i+1].c_str());
[3.613s]       |                 [01;31m[K^~~~~[m[K
[3.613s] [01m[K/home/knapp/git/order_optimizer/src/order_optimizer/src/publisher_function.cpp:82:37:[m[K [01;31m[Kerror: [m[Kexpected primary-expression before â€˜[01m[Kfloat[m[Kâ€™
[3.613s]    82 |             x = boost::lexical_cast<[01;31m[Kfloat[m[K>(argv[i+1].c_str());
[3.614s]       |                                     [01;31m[K^~~~~[m[K
[3.614s] [01m[K/home/knapp/git/order_optimizer/src/order_optimizer/src/publisher_function.cpp:86:29:[m[K [01;31m[Kerror: [m[Kexpected primary-expression before â€˜[01m[K=[m[Kâ€™ token
[3.614s]    86 |             error_message + [01;31m[K=[m[K "X coordinate should be a number. Please use some number (float type) for x coordinate." << std::endl;
[3.614s]       |                             [01;31m[K^[m[K
[3.614s] [01m[K/home/knapp/git/order_optimizer/src/order_optimizer/src/publisher_function.cpp:86:120:[m[K [01;31m[Kerror: [m[Kinvalid operands of types â€˜[01m[Kconst char [87][m[Kâ€™ and â€˜[01m[K<unresolved overloaded function type>[m[Kâ€™ to binary â€˜[01m[Koperator<<[m[Kâ€™
[3.614s]    86 | [01;31m[K a number. Please use some number (float type) for x coordinate." << std::endl[m[K;
[3.614s]       |  [01;31m[K~~~~~~~~~~~~~~~~~~~~~~~~~~~~~~~~~~~~~~~~~~~~~~~~~~~~~~~~~~~~~~~~~^~~~~~~~~~~~[m[K
[3.615s] 
[3.615s] [01m[K/home/knapp/git/order_optimizer/src/order_optimizer/src/publisher_function.cpp:91:17:[m[K [01;31m[Kerror: [m[Kâ€˜[01m[Kboost[m[Kâ€™ has not been declared
[3.615s]    91 |             y = [01;31m[Kboost[m[K::lexical_cast<float>(argv[i+1].c_str());
[3.615s]       |                 [01;31m[K^~~~~[m[K
[3.615s] [01m[K/home/knapp/git/order_optimizer/src/order_optimizer/src/publisher_function.cpp:91:37:[m[K [01;31m[Kerror: [m[Kexpected primary-expression before â€˜[01m[Kfloat[m[Kâ€™
[3.615s]    91 |             y = boost::lexical_cast<[01;31m[Kfloat[m[K>(argv[i+1].c_str());
[3.615s]       |                                     [01;31m[K^~~~~[m[K
[3.616s] [01m[K/home/knapp/git/order_optimizer/src/order_optimizer/src/publisher_function.cpp:95:29:[m[K [01;31m[Kerror: [m[Kexpected primary-expression before â€˜[01m[K=[m[Kâ€™ token
[3.616s]    95 |             error_message + [01;31m[K=[m[K "Y coordinate should be a number. Please use some number (float type) for y coordinate." << std::endl;
[3.616s]       |                             [01;31m[K^[m[K
[3.616s] [01m[K/home/knapp/git/order_optimizer/src/order_optimizer/src/publisher_function.cpp:95:120:[m[K [01;31m[Kerror: [m[Kinvalid operands of types â€˜[01m[Kconst char [87][m[Kâ€™ and â€˜[01m[K<unresolved overloaded function type>[m[Kâ€™ to binary â€˜[01m[Koperator<<[m[Kâ€™
[3.616s]    95 | [01;31m[K a number. Please use some number (float type) for y coordinate." << std::endl[m[K;
[3.616s]       |  [01;31m[K~~~~~~~~~~~~~~~~~~~~~~~~~~~~~~~~~~~~~~~~~~~~~~~~~~~~~~~~~~~~~~~~~^~~~~~~~~~~~[m[K
[3.617s] 
[3.617s] [01m[K/home/knapp/git/order_optimizer/src/order_optimizer/src/publisher_function.cpp:105:17:[m[K [01;31m[Kerror: [m[Kâ€˜[01m[Kclass std::vector<std::shared_ptr<const geometry_msgs::msg::PoseStamped_<std::allocator<void> > > >[m[Kâ€™ has no member named â€˜[01m[Kposition[m[Kâ€™
[3.617s]   105 |     current_pos.[01;31m[Kposition[m[K.x = x;
[3.617s]       |                 [01;31m[K^~~~~~~~[m[K
[3.625s] [01m[K/home/knapp/git/order_optimizer/src/order_optimizer/src/publisher_function.cpp:106:17:[m[K [01;31m[Kerror: [m[Kâ€˜[01m[Kclass std::vector<std::shared_ptr<const geometry_msgs::msg::PoseStamped_<std::allocator<void> > > >[m[Kâ€™ has no member named â€˜[01m[Kposition[m[Kâ€™
[3.625s]   106 |     current_pos.[01;31m[Kposition[m[K.y = y;
[3.626s]       |                 [01;31m[K^~~~~~~~[m[K
[5.478s] make[2]: *** [CMakeFiles/SendOrder.dir/build.make:63: CMakeFiles/SendOrder.dir/src/publisher_function.cpp.o] Error 1
[5.485s] make[1]: *** [CMakeFiles/Makefile2:107: CMakeFiles/SendOrder.dir/all] Error 2
[5.485s] make: *** [Makefile:141: all] Error 2
[5.489s] Invoked command in '/home/knapp/git/order_optimizer/build/order_optimizer' returned '2': CMAKE_PREFIX_PATH=${CMAKE_PREFIX_PATH}:/home/knapp/ros2_foxy/install/ros2bag:/home/knapp/ros2_foxy/install/tracetools_launch:/home/knapp/ros2_foxy/install/topic_monitor:/home/knapp/ros2_foxy/install/examples_tf2_py:/home/knapp/ros2_foxy/install/sros2:/home/knapp/ros2_foxy/install/rqt_topic:/home/knapp/ros2_foxy/install/rqt_top:/home/knapp/ros2_foxy/install/rqt_srv:/home/knapp/ros2_foxy/install/rqt_shell:/home/knapp/ros2_foxy/install/rqt_service_caller:/home/knapp/ros2_foxy/install/rqt_reconfigure:/home/knapp/ros2_foxy/install/rqt_py_console:/home/knapp/ros2_foxy/install/rqt_publisher:/home/knapp/ros2_foxy/install/rqt_plot:/home/knapp/ros2_foxy/install/rqt_action:/home/knapp/ros2_foxy/install/rqt_msg:/home/knapp/ros2_foxy/install/rqt:/home/knapp/ros2_foxy/install/rqt_graph:/home/knapp/ros2_foxy/install/rqt_gui_py:/home/knapp/ros2_foxy/install/rqt_gui:/home/knapp/ros2_foxy/install/ros2trace:/home/knapp/ros2_foxy/install/ros2topic:/home/knapp/ros2_foxy/install/ros2test:/home/knapp/ros2_foxy/install/ros2component:/home/knapp/ros2_foxy/install/ros2param:/home/knapp/ros2_foxy/install/ros2lifecycle:/home/knapp/ros2_foxy/install/ros2service:/home/knapp/ros2_foxy/install/ros2run:/home/knapp/ros2_foxy/install/ros2launch:/home/knapp/ros2_foxy/install/ros2pkg:/home/knapp/ros2_foxy/install/ros2node:/home/knapp/ros2_foxy/install/ros2multicast:/home/knapp/ros2_foxy/install/ros2interface:/home/knapp/ros2_foxy/install/ros2doctor:/home/knapp/ros2_foxy/install/ros2action:/home/knapp/ros2_foxy/install/ros2cli:/home/knapp/ros2_foxy/install/quality_of_service_demo_py:/home/knapp/ros2_foxy/install/launch_testing_ros:/home/knapp/ros2_foxy/install/launch_ros:/home/knapp/ros2_foxy/install/examples_rclpy_minimal_subscriber:/home/knapp/ros2_foxy/install/examples_rclpy_minimal_service:/home/knapp/ros2_foxy/install/examples_rclpy_minimal_publisher:/home/knapp/ros2_foxy/install/examples_rclpy_minimal_client:/home/knapp/ros2_foxy/install/examples_rclpy_minimal_action_server:/home/knapp/ros2_foxy/install/examples_rclpy_minimal_action_client:/home/knapp/ros2_foxy/install/examples_rclpy_executors:/home/knapp/ros2_foxy/install/demo_nodes_py:/home/knapp/ros2_foxy/install/action_tutorials_py:/home/knapp/ros2_foxy/install/ament_uncrustify:/home/knapp/ros2_foxy/install/tracetools_trace:/home/knapp/ros2_foxy/install/tracetools_read:/home/knapp/ros2_foxy/install/test_launch_ros:/home/knapp/ros2_foxy/install/sensor_msgs_py:/home/knapp/ros2_foxy/install/rpyutils:/home/knapp/ros2_foxy/install/rosidl_runtime_py:/home/knapp/ros2_foxy/install/launch_yaml:/home/knapp/ros2_foxy/install/launch_xml:/home/knapp/ros2_foxy/install/launch_testing:/home/knapp/ros2_foxy/install/launch:/home/knapp/ros2_foxy/install/osrf_pycommon:/home/knapp/ros2_foxy/install/domain_coordinator:/home/knapp/ros2_foxy/install/ament_xmllint:/home/knapp/ros2_foxy/install/ament_pyflakes:/home/knapp/ros2_foxy/install/ament_pycodestyle:/home/knapp/ros2_foxy/install/ament_pep257:/home/knapp/ros2_foxy/install/ament_pclint:/home/knapp/ros2_foxy/install/ament_package:/home/knapp/ros2_foxy/install/ament_mypy:/home/knapp/ros2_foxy/install/ament_lint_cmake:/home/knapp/ros2_foxy/install/ament_flake8:/home/knapp/ros2_foxy/install/ament_copyright:/home/knapp/ros2_foxy/install/ament_lint:/home/knapp/ros2_foxy/install/ament_index_python:/home/knapp/ros2_foxy/install/ament_cpplint:/home/knapp/ros2_foxy/install/ament_cppcheck:/home/knapp/ros2_foxy/install/ament_clang_tidy:/home/knapp/ros2_foxy/install/ament_clang_format /usr/bin/cmake --build /home/knapp/git/order_optimizer/build/order_optimizer -- -j1 -l1
