[0.142s] Invoking command in '/home/knapp/git/order_optimizer/build/order_optimizer': CMAKE_PREFIX_PATH=${CMAKE_PREFIX_PATH}:/home/knapp/ros2_foxy/install/ros2bag:/home/knapp/ros2_foxy/install/tracetools_launch:/home/knapp/ros2_foxy/install/topic_monitor:/home/knapp/ros2_foxy/install/examples_tf2_py:/home/knapp/ros2_foxy/install/sros2:/home/knapp/ros2_foxy/install/rqt_topic:/home/knapp/ros2_foxy/install/rqt_top:/home/knapp/ros2_foxy/install/rqt_srv:/home/knapp/ros2_foxy/install/rqt_shell:/home/knapp/ros2_foxy/install/rqt_service_caller:/home/knapp/ros2_foxy/install/rqt_reconfigure:/home/knapp/ros2_foxy/install/rqt_py_console:/home/knapp/ros2_foxy/install/rqt_publisher:/home/knapp/ros2_foxy/install/rqt_plot:/home/knapp/ros2_foxy/install/rqt_action:/home/knapp/ros2_foxy/install/rqt_msg:/home/knapp/ros2_foxy/install/rqt:/home/knapp/ros2_foxy/install/rqt_graph:/home/knapp/ros2_foxy/install/rqt_gui_py:/home/knapp/ros2_foxy/install/rqt_gui:/home/knapp/ros2_foxy/install/ros2trace:/home/knapp/ros2_foxy/install/ros2topic:/home/knapp/ros2_foxy/install/ros2test:/home/knapp/ros2_foxy/install/ros2component:/home/knapp/ros2_foxy/install/ros2param:/home/knapp/ros2_foxy/install/ros2lifecycle:/home/knapp/ros2_foxy/install/ros2service:/home/knapp/ros2_foxy/install/ros2run:/home/knapp/ros2_foxy/install/ros2launch:/home/knapp/ros2_foxy/install/ros2pkg:/home/knapp/ros2_foxy/install/ros2node:/home/knapp/ros2_foxy/install/ros2multicast:/home/knapp/ros2_foxy/install/ros2interface:/home/knapp/ros2_foxy/install/ros2doctor:/home/knapp/ros2_foxy/install/ros2action:/home/knapp/ros2_foxy/install/ros2cli:/home/knapp/ros2_foxy/install/quality_of_service_demo_py:/home/knapp/ros2_foxy/install/launch_testing_ros:/home/knapp/ros2_foxy/install/launch_ros:/home/knapp/ros2_foxy/install/examples_rclpy_minimal_subscriber:/home/knapp/ros2_foxy/install/examples_rclpy_minimal_service:/home/knapp/ros2_foxy/install/examples_rclpy_minimal_publisher:/home/knapp/ros2_foxy/install/examples_rclpy_minimal_client:/home/knapp/ros2_foxy/install/examples_rclpy_minimal_action_server:/home/knapp/ros2_foxy/install/examples_rclpy_minimal_action_client:/home/knapp/ros2_foxy/install/examples_rclpy_executors:/home/knapp/ros2_foxy/install/demo_nodes_py:/home/knapp/ros2_foxy/install/action_tutorials_py:/home/knapp/ros2_foxy/install/ament_uncrustify:/home/knapp/ros2_foxy/install/tracetools_trace:/home/knapp/ros2_foxy/install/tracetools_read:/home/knapp/ros2_foxy/install/test_launch_ros:/home/knapp/ros2_foxy/install/sensor_msgs_py:/home/knapp/ros2_foxy/install/rpyutils:/home/knapp/ros2_foxy/install/rosidl_runtime_py:/home/knapp/ros2_foxy/install/launch_yaml:/home/knapp/ros2_foxy/install/launch_xml:/home/knapp/ros2_foxy/install/launch_testing:/home/knapp/ros2_foxy/install/launch:/home/knapp/ros2_foxy/install/osrf_pycommon:/home/knapp/ros2_foxy/install/domain_coordinator:/home/knapp/ros2_foxy/install/ament_xmllint:/home/knapp/ros2_foxy/install/ament_pyflakes:/home/knapp/ros2_foxy/install/ament_pycodestyle:/home/knapp/ros2_foxy/install/ament_pep257:/home/knapp/ros2_foxy/install/ament_pclint:/home/knapp/ros2_foxy/install/ament_package:/home/knapp/ros2_foxy/install/ament_mypy:/home/knapp/ros2_foxy/install/ament_lint_cmake:/home/knapp/ros2_foxy/install/ament_flake8:/home/knapp/ros2_foxy/install/ament_copyright:/home/knapp/ros2_foxy/install/ament_lint:/home/knapp/ros2_foxy/install/ament_index_python:/home/knapp/ros2_foxy/install/ament_cpplint:/home/knapp/ros2_foxy/install/ament_cppcheck:/home/knapp/ros2_foxy/install/ament_clang_tidy:/home/knapp/ros2_foxy/install/ament_clang_format /usr/bin/cmake --build /home/knapp/git/order_optimizer/build/order_optimizer -- -j1 -l1
[0.427s] [ 50%] Built target OrderOptimizer
[0.485s] [35m[1mScanning dependencies of target SendOrder[0m
[0.585s] [ 75%] [32mBuilding CXX object CMakeFiles/SendOrder.dir/src/publisher_function.cpp.o[0m
[3.686s] [01m[K/home/knapp/git/order_optimizer/src/order_optimizer/src/publisher_function.cpp:10:46:[m[K [01;35m[Kwarning: [m[Kâ€˜[01m[Kgeometry_msgs::msg::PoseStamped_<std::allocator<void> >::ConstPtr[m[Kâ€™ is deprecated [[01;35m[K-Wdeprecated-declarations[m[K]
[3.686s]    10 | std::vector<geometry_msgs::msg::PoseStamped::[01;35m[KConstPtr[m[K> current_pos;
[3.686s]       |                                              [01;35m[K^~~~~~~~[m[K
[3.687s] In file included from [01m[K/home/knapp/ros2_foxy/install/geometry_msgs/include/geometry_msgs/msg/pose_stamped.hpp:7[m[K,
[3.688s]                  from [01m[K/home/knapp/git/order_optimizer/src/order_optimizer/src/publisher_function.cpp:5[m[K:
[3.688s] [01m[K/home/knapp/ros2_foxy/install/geometry_msgs/include/geometry_msgs/msg/detail/pose_stamped__struct.hpp:114:5:[m[K [01;36m[Knote: [m[Kdeclared here
[3.689s]   114 |     [01;36m[KConstPtr[m[K;
[3.689s]       |     [01;36m[K^~~~~~~~[m[K
[3.741s] [01m[K/home/knapp/git/order_optimizer/src/order_optimizer/src/publisher_function.cpp:[m[K In member function â€˜[01m[Kvoid SendOrder::current_position_callback()[m[Kâ€™:
[3.742s] [01m[K/home/knapp/git/order_optimizer/src/order_optimizer/src/publisher_function.cpp:34:79:[m[K [01;31m[Kerror: [m[Kbase operand of â€˜[01m[K->[m[Kâ€™ has non-pointer type â€˜[01m[Kstd::vector<std::shared_ptr<const geometry_msgs::msg::PoseStamped_<std::allocator<void> > > >[m[Kâ€™
[3.742s]    34 | a = "Current Positions x and y:" + std::to_string(current_pos[01;31m[K->[m[Kpose.position.x) + " and " + std::to_string(current_pos->pose.position.x);
[3.742s]       |                                                              [01;31m[K^~[m[K
[3.743s] 
[3.743s] [01m[K/home/knapp/git/order_optimizer/src/order_optimizer/src/publisher_function.cpp:34:136:[m[K [01;31m[Kerror: [m[Kbase operand of â€˜[01m[K->[m[Kâ€™ has non-pointer type â€˜[01m[Kstd::vector<std::shared_ptr<const geometry_msgs::msg::PoseStamped_<std::allocator<void> > > >[m[Kâ€™
[3.744s]    34 | _pos->pose.position.x) + " and " + std::to_string(current_pos[01;31m[K->[m[Kpose.position.x);
[3.744s]       |                                                              [01;31m[K^~[m[K
[3.744s] 
[3.763s] [01m[K/home/knapp/git/order_optimizer/src/order_optimizer/src/publisher_function.cpp:[m[K In function â€˜[01m[Kint main(int, char**)[m[Kâ€™:
[3.764s] [01m[K/home/knapp/git/order_optimizer/src/order_optimizer/src/publisher_function.cpp:73:18:[m[K [01;31m[Kerror: [m[Kâ€˜[01m[Kboost[m[Kâ€™ has not been declared
[3.764s]    73 |             id = [01;31m[Kboost[m[K::lexical_cast<int>(argv[i+1].c_str());
[3.764s]       |                  [01;31m[K^~~~~[m[K
[3.764s] [01m[K/home/knapp/git/order_optimizer/src/order_optimizer/src/publisher_function.cpp:73:38:[m[K [01;31m[Kerror: [m[Kexpected primary-expression before â€˜[01m[Kint[m[Kâ€™
[3.765s]    73 |             id = boost::lexical_cast<[01;31m[Kint[m[K>(argv[i+1].c_str());
[3.765s]       |                                      [01;31m[K^~~[m[K
[3.766s] [01m[K/home/knapp/git/order_optimizer/src/order_optimizer/src/publisher_function.cpp:77:33:[m[K [01;31m[Kerror: [m[Kexpected primary-expression before â€˜[01m[K=[m[Kâ€™ token
[3.766s]    77 |                 error_message + [01;31m[K=[m[K "Order ID should be a number. Please use some number (int type) for order ID." << std::endl;
[3.767s]       |                                 [01;31m[K^[m[K
[3.767s] [01m[K/home/knapp/git/order_optimizer/src/order_optimizer/src/publisher_function.cpp:77:114:[m[K [01;31m[Kerror: [m[Kinvalid operands of types â€˜[01m[Kconst char [77][m[Kâ€™ and â€˜[01m[K<unresolved overloaded function type>[m[Kâ€™ to binary â€˜[01m[Koperator<<[m[Kâ€™
[3.767s]    77 | [01;31m[Kuld be a number. Please use some number (int type) for order ID." << std::endl[m[K;
[3.767s]       | [01;31m[K~~~~~~~~~~~~~~~~~~~~~~~~~~~~~~~~~~~~~~~~~~~~~~~~~~~~~~~~~~~~~~~~~~^~~~~~~~~~~~[m[K
[3.768s] 
[3.768s] [01m[K/home/knapp/git/order_optimizer/src/order_optimizer/src/publisher_function.cpp:82:17:[m[K [01;31m[Kerror: [m[Kâ€˜[01m[Kboost[m[Kâ€™ has not been declared
[3.769s]    82 |             x = [01;31m[Kboost[m[K::lexical_cast<float>(argv[i+1].c_str());
[3.769s]       |                 [01;31m[K^~~~~[m[K
[3.769s] [01m[K/home/knapp/git/order_optimizer/src/order_optimizer/src/publisher_function.cpp:82:37:[m[K [01;31m[Kerror: [m[Kexpected primary-expression before â€˜[01m[Kfloat[m[Kâ€™
[3.770s]    82 |             x = boost::lexical_cast<[01;31m[Kfloat[m[K>(argv[i+1].c_str());
[3.770s]       |                                     [01;31m[K^~~~~[m[K
[3.771s] [01m[K/home/knapp/git/order_optimizer/src/order_optimizer/src/publisher_function.cpp:86:29:[m[K [01;31m[Kerror: [m[Kexpected primary-expression before â€˜[01m[K=[m[Kâ€™ token
[3.771s]    86 |             error_message + [01;31m[K=[m[K "X coordinate should be a number. Please use some number (float type) for x coordinate." << std::endl;
[3.772s]       |                             [01;31m[K^[m[K
[3.772s] [01m[K/home/knapp/git/order_optimizer/src/order_optimizer/src/publisher_function.cpp:86:120:[m[K [01;31m[Kerror: [m[Kinvalid operands of types â€˜[01m[Kconst char [87][m[Kâ€™ and â€˜[01m[K<unresolved overloaded function type>[m[Kâ€™ to binary â€˜[01m[Koperator<<[m[Kâ€™
[3.772s]    86 | [01;31m[K a number. Please use some number (float type) for x coordinate." << std::endl[m[K;
[3.772s]       |  [01;31m[K~~~~~~~~~~~~~~~~~~~~~~~~~~~~~~~~~~~~~~~~~~~~~~~~~~~~~~~~~~~~~~~~~^~~~~~~~~~~~[m[K
[3.772s] 
[3.775s] [01m[K/home/knapp/git/order_optimizer/src/order_optimizer/src/publisher_function.cpp:91:17:[m[K [01;31m[Kerror: [m[Kâ€˜[01m[Kboost[m[Kâ€™ has not been declared
[3.775s]    91 |             y = [01;31m[Kboost[m[K::lexical_cast<float>(argv[i+1].c_str());
[3.775s]       |                 [01;31m[K^~~~~[m[K
[3.775s] [01m[K/home/knapp/git/order_optimizer/src/order_optimizer/src/publisher_function.cpp:91:37:[m[K [01;31m[Kerror: [m[Kexpected primary-expression before â€˜[01m[Kfloat[m[Kâ€™
[3.775s]    91 |             y = boost::lexical_cast<[01;31m[Kfloat[m[K>(argv[i+1].c_str());
[3.775s]       |                                     [01;31m[K^~~~~[m[K
[3.781s] [01m[K/home/knapp/git/order_optimizer/src/order_optimizer/src/publisher_function.cpp:95:29:[m[K [01;31m[Kerror: [m[Kexpected primary-expression before â€˜[01m[K=[m[Kâ€™ token
[3.781s]    95 |             error_message + [01;31m[K=[m[K "Y coordinate should be a number. Please use some number (float type) for y coordinate." << std::endl;
[3.782s]       |                             [01;31m[K^[m[K
[3.782s] [01m[K/home/knapp/git/order_optimizer/src/order_optimizer/src/publisher_function.cpp:95:120:[m[K [01;31m[Kerror: [m[Kinvalid operands of types â€˜[01m[Kconst char [87][m[Kâ€™ and â€˜[01m[K<unresolved overloaded function type>[m[Kâ€™ to binary â€˜[01m[Koperator<<[m[Kâ€™
[3.783s]    95 | [01;31m[K a number. Please use some number (float type) for y coordinate." << std::endl[m[K;
[3.784s]       |  [01;31m[K~~~~~~~~~~~~~~~~~~~~~~~~~~~~~~~~~~~~~~~~~~~~~~~~~~~~~~~~~~~~~~~~~^~~~~~~~~~~~[m[K
[3.784s] 
[3.784s] [01m[K/home/knapp/git/order_optimizer/src/order_optimizer/src/publisher_function.cpp:105:16:[m[K [01;31m[Kerror: [m[Kbase operand of â€˜[01m[K->[m[Kâ€™ has non-pointer type â€˜[01m[Kstd::vector<std::shared_ptr<const geometry_msgs::msg::PoseStamped_<std::allocator<void> > > >[m[Kâ€™
[3.784s]   105 |     current_pos[01;31m[K->[m[Kpose.position.x = x;
[3.785s]       |                [01;31m[K^~[m[K
[3.785s] [01m[K/home/knapp/git/order_optimizer/src/order_optimizer/src/publisher_function.cpp:106:16:[m[K [01;31m[Kerror: [m[Kbase operand of â€˜[01m[K->[m[Kâ€™ has non-pointer type â€˜[01m[Kstd::vector<std::shared_ptr<const geometry_msgs::msg::PoseStamped_<std::allocator<void> > > >[m[Kâ€™
[3.785s]   106 |     current_pos[01;31m[K->[m[Kpose.position.y = y;
[3.785s]       |                [01;31m[K^~[m[K
[5.620s] make[2]: *** [CMakeFiles/SendOrder.dir/build.make:63: CMakeFiles/SendOrder.dir/src/publisher_function.cpp.o] Error 1
[5.623s] make[1]: *** [CMakeFiles/Makefile2:107: CMakeFiles/SendOrder.dir/all] Error 2
[5.623s] make: *** [Makefile:141: all] Error 2
[5.637s] Invoked command in '/home/knapp/git/order_optimizer/build/order_optimizer' returned '2': CMAKE_PREFIX_PATH=${CMAKE_PREFIX_PATH}:/home/knapp/ros2_foxy/install/ros2bag:/home/knapp/ros2_foxy/install/tracetools_launch:/home/knapp/ros2_foxy/install/topic_monitor:/home/knapp/ros2_foxy/install/examples_tf2_py:/home/knapp/ros2_foxy/install/sros2:/home/knapp/ros2_foxy/install/rqt_topic:/home/knapp/ros2_foxy/install/rqt_top:/home/knapp/ros2_foxy/install/rqt_srv:/home/knapp/ros2_foxy/install/rqt_shell:/home/knapp/ros2_foxy/install/rqt_service_caller:/home/knapp/ros2_foxy/install/rqt_reconfigure:/home/knapp/ros2_foxy/install/rqt_py_console:/home/knapp/ros2_foxy/install/rqt_publisher:/home/knapp/ros2_foxy/install/rqt_plot:/home/knapp/ros2_foxy/install/rqt_action:/home/knapp/ros2_foxy/install/rqt_msg:/home/knapp/ros2_foxy/install/rqt:/home/knapp/ros2_foxy/install/rqt_graph:/home/knapp/ros2_foxy/install/rqt_gui_py:/home/knapp/ros2_foxy/install/rqt_gui:/home/knapp/ros2_foxy/install/ros2trace:/home/knapp/ros2_foxy/install/ros2topic:/home/knapp/ros2_foxy/install/ros2test:/home/knapp/ros2_foxy/install/ros2component:/home/knapp/ros2_foxy/install/ros2param:/home/knapp/ros2_foxy/install/ros2lifecycle:/home/knapp/ros2_foxy/install/ros2service:/home/knapp/ros2_foxy/install/ros2run:/home/knapp/ros2_foxy/install/ros2launch:/home/knapp/ros2_foxy/install/ros2pkg:/home/knapp/ros2_foxy/install/ros2node:/home/knapp/ros2_foxy/install/ros2multicast:/home/knapp/ros2_foxy/install/ros2interface:/home/knapp/ros2_foxy/install/ros2doctor:/home/knapp/ros2_foxy/install/ros2action:/home/knapp/ros2_foxy/install/ros2cli:/home/knapp/ros2_foxy/install/quality_of_service_demo_py:/home/knapp/ros2_foxy/install/launch_testing_ros:/home/knapp/ros2_foxy/install/launch_ros:/home/knapp/ros2_foxy/install/examples_rclpy_minimal_subscriber:/home/knapp/ros2_foxy/install/examples_rclpy_minimal_service:/home/knapp/ros2_foxy/install/examples_rclpy_minimal_publisher:/home/knapp/ros2_foxy/install/examples_rclpy_minimal_client:/home/knapp/ros2_foxy/install/examples_rclpy_minimal_action_server:/home/knapp/ros2_foxy/install/examples_rclpy_minimal_action_client:/home/knapp/ros2_foxy/install/examples_rclpy_executors:/home/knapp/ros2_foxy/install/demo_nodes_py:/home/knapp/ros2_foxy/install/action_tutorials_py:/home/knapp/ros2_foxy/install/ament_uncrustify:/home/knapp/ros2_foxy/install/tracetools_trace:/home/knapp/ros2_foxy/install/tracetools_read:/home/knapp/ros2_foxy/install/test_launch_ros:/home/knapp/ros2_foxy/install/sensor_msgs_py:/home/knapp/ros2_foxy/install/rpyutils:/home/knapp/ros2_foxy/install/rosidl_runtime_py:/home/knapp/ros2_foxy/install/launch_yaml:/home/knapp/ros2_foxy/install/launch_xml:/home/knapp/ros2_foxy/install/launch_testing:/home/knapp/ros2_foxy/install/launch:/home/knapp/ros2_foxy/install/osrf_pycommon:/home/knapp/ros2_foxy/install/domain_coordinator:/home/knapp/ros2_foxy/install/ament_xmllint:/home/knapp/ros2_foxy/install/ament_pyflakes:/home/knapp/ros2_foxy/install/ament_pycodestyle:/home/knapp/ros2_foxy/install/ament_pep257:/home/knapp/ros2_foxy/install/ament_pclint:/home/knapp/ros2_foxy/install/ament_package:/home/knapp/ros2_foxy/install/ament_mypy:/home/knapp/ros2_foxy/install/ament_lint_cmake:/home/knapp/ros2_foxy/install/ament_flake8:/home/knapp/ros2_foxy/install/ament_copyright:/home/knapp/ros2_foxy/install/ament_lint:/home/knapp/ros2_foxy/install/ament_index_python:/home/knapp/ros2_foxy/install/ament_cpplint:/home/knapp/ros2_foxy/install/ament_cppcheck:/home/knapp/ros2_foxy/install/ament_clang_tidy:/home/knapp/ros2_foxy/install/ament_clang_format /usr/bin/cmake --build /home/knapp/git/order_optimizer/build/order_optimizer -- -j1 -l1
