[0.845s] Invoking command in '/home/knapp/git/order_optimizer/build/order_optimizer': CMAKE_PREFIX_PATH=${CMAKE_PREFIX_PATH}:/home/knapp/ros2_foxy/install/ros2bag:/home/knapp/ros2_foxy/install/tracetools_launch:/home/knapp/ros2_foxy/install/topic_monitor:/home/knapp/ros2_foxy/install/examples_tf2_py:/home/knapp/ros2_foxy/install/sros2:/home/knapp/ros2_foxy/install/rqt_topic:/home/knapp/ros2_foxy/install/rqt_top:/home/knapp/ros2_foxy/install/rqt_srv:/home/knapp/ros2_foxy/install/rqt_shell:/home/knapp/ros2_foxy/install/rqt_service_caller:/home/knapp/ros2_foxy/install/rqt_reconfigure:/home/knapp/ros2_foxy/install/rqt_py_console:/home/knapp/ros2_foxy/install/rqt_publisher:/home/knapp/ros2_foxy/install/rqt_plot:/home/knapp/ros2_foxy/install/rqt_action:/home/knapp/ros2_foxy/install/rqt_msg:/home/knapp/ros2_foxy/install/rqt:/home/knapp/ros2_foxy/install/rqt_graph:/home/knapp/ros2_foxy/install/rqt_gui_py:/home/knapp/ros2_foxy/install/rqt_gui:/home/knapp/ros2_foxy/install/ros2trace:/home/knapp/ros2_foxy/install/ros2topic:/home/knapp/ros2_foxy/install/ros2test:/home/knapp/ros2_foxy/install/ros2component:/home/knapp/ros2_foxy/install/ros2param:/home/knapp/ros2_foxy/install/ros2lifecycle:/home/knapp/ros2_foxy/install/ros2service:/home/knapp/ros2_foxy/install/ros2run:/home/knapp/ros2_foxy/install/ros2launch:/home/knapp/ros2_foxy/install/ros2pkg:/home/knapp/ros2_foxy/install/ros2node:/home/knapp/ros2_foxy/install/ros2multicast:/home/knapp/ros2_foxy/install/ros2interface:/home/knapp/ros2_foxy/install/ros2doctor:/home/knapp/ros2_foxy/install/ros2action:/home/knapp/ros2_foxy/install/ros2cli:/home/knapp/ros2_foxy/install/quality_of_service_demo_py:/home/knapp/ros2_foxy/install/launch_testing_ros:/home/knapp/ros2_foxy/install/launch_ros:/home/knapp/ros2_foxy/install/examples_rclpy_minimal_subscriber:/home/knapp/ros2_foxy/install/examples_rclpy_minimal_service:/home/knapp/ros2_foxy/install/examples_rclpy_minimal_publisher:/home/knapp/ros2_foxy/install/examples_rclpy_minimal_client:/home/knapp/ros2_foxy/install/examples_rclpy_minimal_action_server:/home/knapp/ros2_foxy/install/examples_rclpy_minimal_action_client:/home/knapp/ros2_foxy/install/examples_rclpy_executors:/home/knapp/ros2_foxy/install/demo_nodes_py:/home/knapp/ros2_foxy/install/action_tutorials_py:/home/knapp/ros2_foxy/install/ament_uncrustify:/home/knapp/ros2_foxy/install/tracetools_trace:/home/knapp/ros2_foxy/install/tracetools_read:/home/knapp/ros2_foxy/install/test_launch_ros:/home/knapp/ros2_foxy/install/sensor_msgs_py:/home/knapp/ros2_foxy/install/rpyutils:/home/knapp/ros2_foxy/install/rosidl_runtime_py:/home/knapp/ros2_foxy/install/launch_yaml:/home/knapp/ros2_foxy/install/launch_xml:/home/knapp/ros2_foxy/install/launch_testing:/home/knapp/ros2_foxy/install/launch:/home/knapp/ros2_foxy/install/osrf_pycommon:/home/knapp/ros2_foxy/install/domain_coordinator:/home/knapp/ros2_foxy/install/ament_xmllint:/home/knapp/ros2_foxy/install/ament_pyflakes:/home/knapp/ros2_foxy/install/ament_pycodestyle:/home/knapp/ros2_foxy/install/ament_pep257:/home/knapp/ros2_foxy/install/ament_pclint:/home/knapp/ros2_foxy/install/ament_package:/home/knapp/ros2_foxy/install/ament_mypy:/home/knapp/ros2_foxy/install/ament_lint_cmake:/home/knapp/ros2_foxy/install/ament_flake8:/home/knapp/ros2_foxy/install/ament_copyright:/home/knapp/ros2_foxy/install/ament_lint:/home/knapp/ros2_foxy/install/ament_index_python:/home/knapp/ros2_foxy/install/ament_cpplint:/home/knapp/ros2_foxy/install/ament_cppcheck:/home/knapp/ros2_foxy/install/ament_clang_tidy:/home/knapp/ros2_foxy/install/ament_clang_format /usr/bin/cmake --build /home/knapp/git/order_optimizer/build/order_optimizer -- -j1 -l1
[1.941s] [35m[1mScanning dependencies of target OrderOptimizer[0m
[2.091s] [ 25%] [32mBuilding CXX object CMakeFiles/OrderOptimizer.dir/src/subscriber_function.cpp.o[0m
[8.017s] [01m[K/home/knapp/git/order_optimizer/src/order_optimizer/src/subscriber_function.cpp:76:91:[m[K [01;31m[Kerror: [m[Karray bound is not an integer constant before â€˜[01m[K][m[Kâ€™ token
[8.018s]    76 |     int printSolution(int dist[], int n, struct order order_, double distances[matrix_size[01;31m[K][m[K[matrix_size])
[8.018s]       |                                                                                           [01;31m[K^[m[K
[8.018s] [01m[K/home/knapp/git/order_optimizer/src/order_optimizer/src/subscriber_function.cpp:76:104:[m[K [01;31m[Kerror: [m[Karray bound is not an integer constant before â€˜[01m[K][m[Kâ€™ token
[8.019s]    76 |     int printSolution(int dist[], int n, struct order order_, double distances[matrix_size][matrix_size[01;31m[K][m[K)
[8.019s]       |                                                                                                        [01;31m[K^[m[K
[8.019s] [01m[K/home/knapp/git/order_optimizer/src/order_optimizer/src/subscriber_function.cpp:93:43:[m[K [01;31m[Kerror: [m[Karray bound is not an integer constant before â€˜[01m[K][m[Kâ€™ token
[8.019s]    93 |     void dijkstra(double graph[matrix_size[01;31m[K][m[K[matrix_size], int src, int V, struct order order_)
[8.019s]       |                                           [01;31m[K^[m[K
[8.019s] [01m[K/home/knapp/git/order_optimizer/src/order_optimizer/src/subscriber_function.cpp:93:56:[m[K [01;31m[Kerror: [m[Karray bound is not an integer constant before â€˜[01m[K][m[Kâ€™ token
[8.019s]    93 |     void dijkstra(double graph[matrix_size][matrix_size[01;31m[K][m[K, int src, int V, struct order order_)
[8.020s]       |                                                        [01;31m[K^[m[K
[8.020s] [01m[K/home/knapp/git/order_optimizer/src/order_optimizer/src/subscriber_function.cpp:93:57:[m[K [01;31m[Kerror: [m[Kexpected â€˜[01m[K)[m[Kâ€™ before â€˜[01m[K,[m[Kâ€™ token
[8.020s]    93 |     void dijkstra[34m[K([m[Kdouble graph[matrix_size][matrix_size][01;31m[K,[m[K int src, int V, struct order order_)
[8.020s]       |                  [34m[K~[m[K                                      [01;31m[K^[m[K
[8.020s]       |                                                         [32m[K)[m[K
[8.020s] [01m[K/home/knapp/git/order_optimizer/src/order_optimizer/src/subscriber_function.cpp:93:59:[m[K [01;31m[Kerror: [m[Kexpected unqualified-id before â€˜[01m[Kint[m[Kâ€™
[8.020s]    93 |     void dijkstra(double graph[matrix_size][matrix_size], [01;31m[Kint[m[K src, int V, struct order order_)
[8.021s]       |                                                           [01;31m[K^~~[m[K
[8.021s] [01m[K/home/knapp/git/order_optimizer/src/order_optimizer/src/subscriber_function.cpp:188:40:[m[K [01;31m[Kerror: [m[Kexpected â€˜[01m[K,[m[Kâ€™ or â€˜[01m[K...[m[Kâ€™ before â€˜[01m[Kdistances[m[Kâ€™
[8.022s]   188 |    void create_distance_matrix(double &[01;31m[Kdistances[m[K[matrix_size][matrix_size], struct order order_) {
[8.022s]       |                                        [01;31m[K^~~~~~~~~[m[K
[8.099s] [01m[K/home/knapp/git/order_optimizer/src/order_optimizer/src/subscriber_function.cpp:[m[K In member function â€˜[01m[Kint OrderOptimizer::printSolution(...)[m[Kâ€™:
[8.099s] [01m[K/home/knapp/git/order_optimizer/src/order_optimizer/src/subscriber_function.cpp:78:43:[m[K [01;31m[Kerror: [m[Kâ€˜[01m[Korder_[m[Kâ€™ was not declared in this scope; did you mean â€˜[01m[Korder[m[Kâ€™?
[8.099s]    78 |         std::cerr <<"Working on order "<< [01;31m[Korder_[m[K.order << "(some des TODO)"<<std::endl;
[8.100s]       |                                           [01;31m[K^~~~~~[m[K
[8.101s]       |                                           [32m[Korder[m[K
[8.104s] [01m[K/home/knapp/git/order_optimizer/src/order_optimizer/src/subscriber_function.cpp:79:21:[m[K [01;31m[Kerror: [m[Kâ€˜[01m[KV[m[Kâ€™ was not declared in this scope
[8.104s]    79 |         std::cerr <<[01;31m[KV[m[K-1<<".  Starting with given destinatation x: "<<order_.products.at(0).cx<", y: "<<order_.products.at(0).cy<<std::endl;
[8.104s]       |                     [01;31m[K^[m[K
[8.108s] [01m[K/home/knapp/git/order_optimizer/src/order_optimizer/src/subscriber_function.cpp:82:21:[m[K [01;31m[Kerror: [m[Kâ€˜[01m[Kdistances[m[Kâ€™ was not declared in this scope
[8.109s]    82 |                 if ([01;31m[Kdistances[m[K[j][i]==dist[i]){
[8.109s]       |                     [01;31m[K^~~~~~~~~[m[K
[8.113s] [01m[K/home/knapp/git/order_optimizer/src/order_optimizer/src/subscriber_function.cpp:82:38:[m[K [01;31m[Kerror: [m[Kâ€˜[01m[Kdist[m[Kâ€™ was not declared in this scope
[8.114s]    82 |                 if (distances[j][i]==[01;31m[Kdist[m[K[i]){
[8.115s]       |                                      [01;31m[K^~~~[m[K
[8.116s] [01m[K/home/knapp/git/order_optimizer/src/order_optimizer/src/subscriber_function.cpp:89:5:[m[K [01;35m[Kwarning: [m[Kno return statement in function returning non-void [[01;35m[K-Wreturn-type[m[K]
[8.117s]    89 |     [01;35m[K}[m[K
[8.117s]       |     [01;35m[K^[m[K
[8.120s] [01m[K/home/knapp/git/order_optimizer/src/order_optimizer/src/subscriber_function.cpp:[m[K In member function â€˜[01m[Kvoid OrderOptimizer::fill_product_part(int, std::string, std::string, double, double, std::vector<product_part>&)[m[Kâ€™:
[8.120s] [01m[K/home/knapp/git/order_optimizer/src/order_optimizer/src/subscriber_function.cpp:134:28:[m[K [01;31m[Kerror: [m[Kâ€˜[01m[Kpr[m[Kâ€™ was not declared in this scope; did you mean â€˜[01m[Kpart[m[Kâ€™?
[8.121s]   134 |         product_part_.id = [01;31m[Kpr[m[K.id;
[8.121s]       |                            [01;31m[K^~[m[K
[8.121s]       |                            [32m[Kpart[m[K
[8.124s] [01m[K/home/knapp/git/order_optimizer/src/order_optimizer/src/subscriber_function.cpp:136:29:[m[K [01;31m[Kerror: [m[Kâ€˜[01m[Kp[m[Kâ€™ was not declared in this scope
[8.124s]   136 |         product_part_.part= [01;31m[Kp[m[K.part;
[8.124s]       |                             [01;31m[K^[m[K
[8.125s] [01m[K/home/knapp/git/order_optimizer/src/order_optimizer/src/subscriber_function.cpp:132:32:[m[K [01;35m[Kwarning: [m[Kunused parameter â€˜[01m[Kid[m[Kâ€™ [[01;35m[K-Wunused-parameter[m[K]
[8.126s]   132 |     void fill_product_part([01;35m[Kint id[m[K, std::string product, std::string part, double cx, double cy, vector < struct product_part> &products_){
[8.126s]       |                            [01;35m[K~~~~^~[m[K
[8.128s] [01m[K/home/knapp/git/order_optimizer/src/order_optimizer/src/subscriber_function.cpp:132:48:[m[K [01;35m[Kwarning: [m[Kunused parameter â€˜[01m[Kproduct[m[Kâ€™ [[01;35m[K-Wunused-parameter[m[K]
[8.128s]   132 |     void fill_product_part(int id, [01;35m[Kstd::string product[m[K, std::string part, double cx, double cy, vector < struct product_part> &products_){
[8.128s]       |                                    [01;35m[K~~~~~~~~~~~~^~~~~~~[m[K
[8.129s] [01m[K/home/knapp/git/order_optimizer/src/order_optimizer/src/subscriber_function.cpp:132:69:[m[K [01;35m[Kwarning: [m[Kunused parameter â€˜[01m[Kpart[m[Kâ€™ [[01;35m[K-Wunused-parameter[m[K]
[8.129s]   132 |     void fill_product_part(int id, std::string product, [01;35m[Kstd::string part[m[K, double cx, double cy, vector < struct product_part> &products_){
[8.129s]       |                                                         [01;35m[K~~~~~~~~~~~~^~~~[m[K
[8.129s] [01m[K/home/knapp/git/order_optimizer/src/order_optimizer/src/subscriber_function.cpp:132:82:[m[K [01;35m[Kwarning: [m[Kunused parameter â€˜[01m[Kcx[m[Kâ€™ [[01;35m[K-Wunused-parameter[m[K]
[8.130s]   132 |     void fill_product_part(int id, std::string product, std::string part, [01;35m[Kdouble cx[m[K, double cy, vector < struct product_part> &products_){
[8.130s]       |                                                                           [01;35m[K~~~~~~~^~[m[K
[8.130s] [01m[K/home/knapp/git/order_optimizer/src/order_optimizer/src/subscriber_function.cpp:132:93:[m[K [01;35m[Kwarning: [m[Kunused parameter â€˜[01m[Kcy[m[Kâ€™ [[01;35m[K-Wunused-parameter[m[K]
[8.130s]   132 |     void fill_product_part(int id, std::string product, std::string part, double cx, [01;35m[Kdouble cy[m[K, vector < struct product_part> &products_){
[8.130s]       |                                                                                      [01;35m[K~~~~~~~^~[m[K
[8.141s] [01m[K/home/knapp/git/order_optimizer/src/order_optimizer/src/subscriber_function.cpp:[m[K In member function â€˜[01m[Kvoid OrderOptimizer::read_orders(std::string, int, std::vector<order>&)[m[Kâ€™:
[8.141s] [01m[K/home/knapp/git/order_optimizer/src/order_optimizer/src/subscriber_function.cpp:161:76:[m[K [01;31m[Kerror: [m[Kcannot convert â€˜[01m[Kstd::string[m[Kâ€™ {aka â€˜[01m[Kstd::__cxx11::basic_string<char>[m[Kâ€™} to â€˜[01m[Kdouble[m[Kâ€™
[8.142s]   161 |                 fill_product_part("Order Start", "Whole package", "Start", [01;31m[Kx_position[m[K, y_position, products_);
[8.143s]       |                                                                            [01;31m[K^~~~~~~~~~[m[K
[8.143s]       |                                                                            [01;31m[K|[m[K
[8.143s]       |                                                                            [01;31m[Kstd::string {aka std::__cxx11::basic_string<char>}[m[K
[8.144s] [01m[K/home/knapp/git/order_optimizer/src/order_optimizer/src/subscriber_function.cpp:132:82:[m[K [01;36m[Knote: [m[K  initializing argument 4 of â€˜[01m[Kvoid OrderOptimizer::fill_product_part(int, std::string, std::string, double, double, std::vector<product_part>&)[m[Kâ€™
[8.144s]   132 |     void fill_product_part(int id, std::string product, std::string part, [01;36m[Kdouble cx[m[K, double cy, vector < struct product_part> &products_){
[8.150s]       |                                                                           [01;36m[K~~~~~~~^~[m[K
[8.165s] [01m[K/home/knapp/git/order_optimizer/src/order_optimizer/src/subscriber_function.cpp:173:43:[m[K [01;31m[Kerror: [m[Kinvalid conversion from â€˜[01m[Kconst char*[m[Kâ€™ to â€˜[01m[Kint[m[Kâ€™ [[01;31m[K-fpermissive[m[K]
[8.166s]   173 |                         fill_product_part([01;31m[K"Order Destination"[m[K, "Whole package", "Goal", order_.cx, order_.cy, products_);
[8.168s]       |                                           [01;31m[K^~~~~~~~~~~~~~~~~~~[m[K
[8.169s]       |                                           [01;31m[K|[m[K
[8.171s]       |                                           [01;31m[Kconst char*[m[K
[8.171s] [01m[K/home/knapp/git/order_optimizer/src/order_optimizer/src/subscriber_function.cpp:132:32:[m[K [01;36m[Knote: [m[K  initializing argument 1 of â€˜[01m[Kvoid OrderOptimizer::fill_product_part(int, std::string, std::string, double, double, std::vector<product_part>&)[m[Kâ€™
[8.172s]   132 |     void fill_product_part([01;36m[Kint id[m[K, std::string product, std::string part, double cx, double cy, vector < struct product_part> &products_){
[8.178s]       |                            [01;36m[K~~~~^~[m[K
[8.207s] [01m[K/home/knapp/git/order_optimizer/src/order_optimizer/src/subscriber_function.cpp:[m[K In member function â€˜[01m[Kvoid OrderOptimizer::create_distance_matrix(double&)[m[Kâ€™:
[8.208s] [01m[K/home/knapp/git/order_optimizer/src/order_optimizer/src/subscriber_function.cpp:189:34:[m[K [01;31m[Kerror: [m[Kâ€˜[01m[Korder_[m[Kâ€™ was not declared in this scope; did you mean â€˜[01m[Korder[m[Kâ€™?
[8.208s]   189 |         for (unsigned int i=0; i<[01;31m[Korder_[m[K.products.size();i++){
[8.208s]       |                                  [01;31m[K^~~~~~[m[K
[8.208s]       |                                  [32m[Korder[m[K
[8.217s] [01m[K/home/knapp/git/order_optimizer/src/order_optimizer/src/subscriber_function.cpp:194:17:[m[K [01;31m[Kerror: [m[Kâ€˜[01m[Kdistances[m[Kâ€™ was not declared in this scope; did you mean â€˜[01m[Ky_distance[m[Kâ€™?
[8.218s]   194 |                 [01;31m[Kdistances[m[K[i][j] = euclidian_distance;
[8.220s]       |                 [01;31m[K^~~~~~~~~[m[K
[8.220s]       |                 [32m[Ky_distance[m[K
[8.241s] [01m[K/home/knapp/git/order_optimizer/src/order_optimizer/src/subscriber_function.cpp:[m[K In member function â€˜[01m[Kvoid OrderOptimizer::next_order_callback(std_msgs::msg::String_<std::allocator<void> >::SharedPtr)[m[Kâ€™:
[8.242s] [01m[K/home/knapp/git/order_optimizer/src/order_optimizer/src/subscriber_function.cpp:224:16:[m[K [01;35m[Kwarning: [m[KISO C++ forbids variable length array â€˜[01m[Kdistances[m[Kâ€™ [[01;35m[K-Wvla[m[K]
[8.242s]   224 |         double [01;35m[Kdistances[m[K[matrix_size][matrix_size];
[8.242s]       |                [01;35m[K^~~~~~~~~[m[K
[8.243s] [01m[K/home/knapp/git/order_optimizer/src/order_optimizer/src/subscriber_function.cpp:224:16:[m[K [01;35m[Kwarning: [m[KISO C++ forbids variable length array â€˜[01m[Kdistances[m[Kâ€™ [[01;35m[K-Wvla[m[K]
[8.245s] [01m[K/home/knapp/git/order_optimizer/src/order_optimizer/src/subscriber_function.cpp:225:55:[m[K [01;31m[Kerror: [m[Kno matching function for call to â€˜[01m[KOrderOptimizer::create_distance_matrix(double [matrix_size][matrix_size], __gnu_cxx::__alloc_traits<std::allocator<order>, order>::value_type&)[m[Kâ€™
[8.245s]   225 |         create_distance_matrix(distances, orders.at(0)[01;31m[K)[m[K;
[8.246s]       |                                                       [01;31m[K^[m[K
[8.246s] [01m[K/home/knapp/git/order_optimizer/src/order_optimizer/src/subscriber_function.cpp:188:9:[m[K [01;36m[Knote: [m[Kcandidate: â€˜[01m[Kvoid OrderOptimizer::create_distance_matrix(double&)[m[Kâ€™
[8.247s]   188 |    void [01;36m[Kcreate_distance_matrix[m[K(double &distances[matrix_size][matrix_size], struct order order_) {
[8.249s]       |         [01;36m[K^~~~~~~~~~~~~~~~~~~~~~[m[K
[8.250s] [01m[K/home/knapp/git/order_optimizer/src/order_optimizer/src/subscriber_function.cpp:188:9:[m[K [01;36m[Knote: [m[K  candidate expects 1 argument, 2 provided
[13.147s] make[2]: *** [CMakeFiles/OrderOptimizer.dir/build.make:63: CMakeFiles/OrderOptimizer.dir/src/subscriber_function.cpp.o] Error 1
[13.151s] make[1]: *** [CMakeFiles/Makefile2:80: CMakeFiles/OrderOptimizer.dir/all] Error 2
[13.151s] make: *** [Makefile:141: all] Error 2
[13.210s] Invoked command in '/home/knapp/git/order_optimizer/build/order_optimizer' returned '2': CMAKE_PREFIX_PATH=${CMAKE_PREFIX_PATH}:/home/knapp/ros2_foxy/install/ros2bag:/home/knapp/ros2_foxy/install/tracetools_launch:/home/knapp/ros2_foxy/install/topic_monitor:/home/knapp/ros2_foxy/install/examples_tf2_py:/home/knapp/ros2_foxy/install/sros2:/home/knapp/ros2_foxy/install/rqt_topic:/home/knapp/ros2_foxy/install/rqt_top:/home/knapp/ros2_foxy/install/rqt_srv:/home/knapp/ros2_foxy/install/rqt_shell:/home/knapp/ros2_foxy/install/rqt_service_caller:/home/knapp/ros2_foxy/install/rqt_reconfigure:/home/knapp/ros2_foxy/install/rqt_py_console:/home/knapp/ros2_foxy/install/rqt_publisher:/home/knapp/ros2_foxy/install/rqt_plot:/home/knapp/ros2_foxy/install/rqt_action:/home/knapp/ros2_foxy/install/rqt_msg:/home/knapp/ros2_foxy/install/rqt:/home/knapp/ros2_foxy/install/rqt_graph:/home/knapp/ros2_foxy/install/rqt_gui_py:/home/knapp/ros2_foxy/install/rqt_gui:/home/knapp/ros2_foxy/install/ros2trace:/home/knapp/ros2_foxy/install/ros2topic:/home/knapp/ros2_foxy/install/ros2test:/home/knapp/ros2_foxy/install/ros2component:/home/knapp/ros2_foxy/install/ros2param:/home/knapp/ros2_foxy/install/ros2lifecycle:/home/knapp/ros2_foxy/install/ros2service:/home/knapp/ros2_foxy/install/ros2run:/home/knapp/ros2_foxy/install/ros2launch:/home/knapp/ros2_foxy/install/ros2pkg:/home/knapp/ros2_foxy/install/ros2node:/home/knapp/ros2_foxy/install/ros2multicast:/home/knapp/ros2_foxy/install/ros2interface:/home/knapp/ros2_foxy/install/ros2doctor:/home/knapp/ros2_foxy/install/ros2action:/home/knapp/ros2_foxy/install/ros2cli:/home/knapp/ros2_foxy/install/quality_of_service_demo_py:/home/knapp/ros2_foxy/install/launch_testing_ros:/home/knapp/ros2_foxy/install/launch_ros:/home/knapp/ros2_foxy/install/examples_rclpy_minimal_subscriber:/home/knapp/ros2_foxy/install/examples_rclpy_minimal_service:/home/knapp/ros2_foxy/install/examples_rclpy_minimal_publisher:/home/knapp/ros2_foxy/install/examples_rclpy_minimal_client:/home/knapp/ros2_foxy/install/examples_rclpy_minimal_action_server:/home/knapp/ros2_foxy/install/examples_rclpy_minimal_action_client:/home/knapp/ros2_foxy/install/examples_rclpy_executors:/home/knapp/ros2_foxy/install/demo_nodes_py:/home/knapp/ros2_foxy/install/action_tutorials_py:/home/knapp/ros2_foxy/install/ament_uncrustify:/home/knapp/ros2_foxy/install/tracetools_trace:/home/knapp/ros2_foxy/install/tracetools_read:/home/knapp/ros2_foxy/install/test_launch_ros:/home/knapp/ros2_foxy/install/sensor_msgs_py:/home/knapp/ros2_foxy/install/rpyutils:/home/knapp/ros2_foxy/install/rosidl_runtime_py:/home/knapp/ros2_foxy/install/launch_yaml:/home/knapp/ros2_foxy/install/launch_xml:/home/knapp/ros2_foxy/install/launch_testing:/home/knapp/ros2_foxy/install/launch:/home/knapp/ros2_foxy/install/osrf_pycommon:/home/knapp/ros2_foxy/install/domain_coordinator:/home/knapp/ros2_foxy/install/ament_xmllint:/home/knapp/ros2_foxy/install/ament_pyflakes:/home/knapp/ros2_foxy/install/ament_pycodestyle:/home/knapp/ros2_foxy/install/ament_pep257:/home/knapp/ros2_foxy/install/ament_pclint:/home/knapp/ros2_foxy/install/ament_package:/home/knapp/ros2_foxy/install/ament_mypy:/home/knapp/ros2_foxy/install/ament_lint_cmake:/home/knapp/ros2_foxy/install/ament_flake8:/home/knapp/ros2_foxy/install/ament_copyright:/home/knapp/ros2_foxy/install/ament_lint:/home/knapp/ros2_foxy/install/ament_index_python:/home/knapp/ros2_foxy/install/ament_cpplint:/home/knapp/ros2_foxy/install/ament_cppcheck:/home/knapp/ros2_foxy/install/ament_clang_tidy:/home/knapp/ros2_foxy/install/ament_clang_format /usr/bin/cmake --build /home/knapp/git/order_optimizer/build/order_optimizer -- -j1 -l1
