[0.139s] Invoking command in '/home/knapp/git/order_optimizer/build/order_optimizer': CMAKE_PREFIX_PATH=${CMAKE_PREFIX_PATH}:/home/knapp/ros2_foxy/install/ros2bag:/home/knapp/ros2_foxy/install/tracetools_launch:/home/knapp/ros2_foxy/install/topic_monitor:/home/knapp/ros2_foxy/install/examples_tf2_py:/home/knapp/ros2_foxy/install/sros2:/home/knapp/ros2_foxy/install/rqt_topic:/home/knapp/ros2_foxy/install/rqt_top:/home/knapp/ros2_foxy/install/rqt_srv:/home/knapp/ros2_foxy/install/rqt_shell:/home/knapp/ros2_foxy/install/rqt_service_caller:/home/knapp/ros2_foxy/install/rqt_reconfigure:/home/knapp/ros2_foxy/install/rqt_py_console:/home/knapp/ros2_foxy/install/rqt_publisher:/home/knapp/ros2_foxy/install/rqt_plot:/home/knapp/ros2_foxy/install/rqt_action:/home/knapp/ros2_foxy/install/rqt_msg:/home/knapp/ros2_foxy/install/rqt:/home/knapp/ros2_foxy/install/rqt_graph:/home/knapp/ros2_foxy/install/rqt_gui_py:/home/knapp/ros2_foxy/install/rqt_gui:/home/knapp/ros2_foxy/install/ros2trace:/home/knapp/ros2_foxy/install/ros2topic:/home/knapp/ros2_foxy/install/ros2test:/home/knapp/ros2_foxy/install/ros2component:/home/knapp/ros2_foxy/install/ros2param:/home/knapp/ros2_foxy/install/ros2lifecycle:/home/knapp/ros2_foxy/install/ros2service:/home/knapp/ros2_foxy/install/ros2run:/home/knapp/ros2_foxy/install/ros2launch:/home/knapp/ros2_foxy/install/ros2pkg:/home/knapp/ros2_foxy/install/ros2node:/home/knapp/ros2_foxy/install/ros2multicast:/home/knapp/ros2_foxy/install/ros2interface:/home/knapp/ros2_foxy/install/ros2doctor:/home/knapp/ros2_foxy/install/ros2action:/home/knapp/ros2_foxy/install/ros2cli:/home/knapp/ros2_foxy/install/quality_of_service_demo_py:/home/knapp/ros2_foxy/install/launch_testing_ros:/home/knapp/ros2_foxy/install/launch_ros:/home/knapp/ros2_foxy/install/examples_rclpy_minimal_subscriber:/home/knapp/ros2_foxy/install/examples_rclpy_minimal_service:/home/knapp/ros2_foxy/install/examples_rclpy_minimal_publisher:/home/knapp/ros2_foxy/install/examples_rclpy_minimal_client:/home/knapp/ros2_foxy/install/examples_rclpy_minimal_action_server:/home/knapp/ros2_foxy/install/examples_rclpy_minimal_action_client:/home/knapp/ros2_foxy/install/examples_rclpy_executors:/home/knapp/ros2_foxy/install/demo_nodes_py:/home/knapp/ros2_foxy/install/action_tutorials_py:/home/knapp/ros2_foxy/install/ament_uncrustify:/home/knapp/ros2_foxy/install/tracetools_trace:/home/knapp/ros2_foxy/install/tracetools_read:/home/knapp/ros2_foxy/install/test_launch_ros:/home/knapp/ros2_foxy/install/sensor_msgs_py:/home/knapp/ros2_foxy/install/rpyutils:/home/knapp/ros2_foxy/install/rosidl_runtime_py:/home/knapp/ros2_foxy/install/launch_yaml:/home/knapp/ros2_foxy/install/launch_xml:/home/knapp/ros2_foxy/install/launch_testing:/home/knapp/ros2_foxy/install/launch:/home/knapp/ros2_foxy/install/osrf_pycommon:/home/knapp/ros2_foxy/install/domain_coordinator:/home/knapp/ros2_foxy/install/ament_xmllint:/home/knapp/ros2_foxy/install/ament_pyflakes:/home/knapp/ros2_foxy/install/ament_pycodestyle:/home/knapp/ros2_foxy/install/ament_pep257:/home/knapp/ros2_foxy/install/ament_pclint:/home/knapp/ros2_foxy/install/ament_package:/home/knapp/ros2_foxy/install/ament_mypy:/home/knapp/ros2_foxy/install/ament_lint_cmake:/home/knapp/ros2_foxy/install/ament_flake8:/home/knapp/ros2_foxy/install/ament_copyright:/home/knapp/ros2_foxy/install/ament_lint:/home/knapp/ros2_foxy/install/ament_index_python:/home/knapp/ros2_foxy/install/ament_cpplint:/home/knapp/ros2_foxy/install/ament_cppcheck:/home/knapp/ros2_foxy/install/ament_clang_tidy:/home/knapp/ros2_foxy/install/ament_clang_format /usr/bin/cmake --build /home/knapp/git/order_optimizer/build/order_optimizer -- -j1 -l1
[1.147s] [35m[1mScanning dependencies of target OrderOptimizer[0m
[1.355s] [ 25%] [32mBuilding CXX object CMakeFiles/OrderOptimizer.dir/src/subscriber_function.cpp.o[0m
[6.603s] [01m[K/home/knapp/git/order_optimizer/src/order_optimizer/src/subscriber_function.cpp:[m[K In member function â€˜[01m[Kvoid OrderOptimizer::read_orders(std::string, int)[m[Kâ€™:
[6.604s] [01m[K/home/knapp/git/order_optimizer/src/order_optimizer/src/subscriber_function.cpp:223:40:[m[K [01;31m[Kerror: [m[Kno match for â€˜[01m[Koperator<[m[Kâ€™ (operand types are â€˜[01m[Kstd::basic_ostream<char>[m[Kâ€™ and â€˜[01m[K<unresolved overloaded function type>[m[Kâ€™)
[6.604s]   223 |             [01;31m[Kstd::cerr <<"unutraaaa sam"< std::endl[m[K;
[6.604s]       |             [01;31m[K~~~~~~~~~~~~~~~~~~~~~~~~~~~^~~~~~~~~~~[m[K
[6.605s] In file included from [01m[K/usr/include/c++/9/regex:62[m[K,
[6.605s]                  from [01m[K/usr/include/x86_64-linux-gnu/c++/9/bits/stdc++.h:110[m[K,
[6.605s]                  from [01m[K/home/knapp/git/order_optimizer/src/order_optimizer/src/subscriber_function.cpp:10[m[K:
[6.606s] [01m[K/usr/include/c++/9/bits/regex.h:1048:5:[m[K [01;36m[Knote: [m[Kcandidate: â€˜[01m[Ktemplate<class _BiIter> bool std::__cxx11::operator<(const std::__cxx11::sub_match<_BiIter>&, const std::__cxx11::sub_match<_BiIter>&)[m[Kâ€™
[6.606s]  1048 |     [01;36m[Koperator[m[K<(const sub_match<_BiIter>& __lhs, const sub_match<_BiIter>& __rhs)
[6.606s]       |     [01;36m[K^~~~~~~~[m[K
[6.606s] [01m[K/usr/include/c++/9/bits/regex.h:1048:5:[m[K [01;36m[Knote: [m[K  template argument deduction/substitution failed:
[6.607s] [01m[K/home/knapp/git/order_optimizer/src/order_optimizer/src/subscriber_function.cpp:223:47:[m[K [01;36m[Knote: [m[K  â€˜[01m[Kstd::basic_ostream<char>[m[Kâ€™ is not derived from â€˜[01m[Kconst std::__cxx11::sub_match<_BiIter>[m[Kâ€™
[6.607s]   223 |             std::cerr <<"unutraaaa sam"< std::[01;36m[Kendl[m[K;
[6.608s]       |                                               [01;36m[K^~~~[m[K
[6.608s] In file included from [01m[K/usr/include/c++/9/regex:62[m[K,
[6.609s]                  from [01m[K/usr/include/x86_64-linux-gnu/c++/9/bits/stdc++.h:110[m[K,
[6.609s]                  from [01m[K/home/knapp/git/order_optimizer/src/order_optimizer/src/subscriber_function.cpp:10[m[K:
[6.609s] [01m[K/usr/include/c++/9/bits/regex.h:1124:5:[m[K [01;36m[Knote: [m[Kcandidate: â€˜[01m[Ktemplate<class _Bi_iter, class _Ch_traits, class _Ch_alloc> bool std::__cxx11::operator<(std::__cxx11::__sub_match_string<_Bi_iter, _Ch_traits, _Ch_alloc>&, const std::__cxx11::sub_match<_BiIter>&)[m[Kâ€™
[6.609s]  1124 |     [01;36m[Koperator[m[K<(const __sub_match_string<_Bi_iter, _Ch_traits, _Ch_alloc>& __lhs,
[6.610s]       |     [01;36m[K^~~~~~~~[m[K
[6.610s] [01m[K/usr/include/c++/9/bits/regex.h:1124:5:[m[K [01;36m[Knote: [m[K  template argument deduction/substitution failed:
[6.612s] [01m[K/home/knapp/git/order_optimizer/src/order_optimizer/src/subscriber_function.cpp:223:47:[m[K [01;36m[Knote: [m[K  â€˜[01m[Kstd::basic_ostream<char>[m[Kâ€™ is not derived from â€˜[01m[Kstd::__cxx11::__sub_match_string<_Bi_iter, _Ch_traits, _Ch_alloc>[m[Kâ€™
[6.613s]   223 |             std::cerr <<"unutraaaa sam"< std::[01;36m[Kendl[m[K;
[6.613s]       |                                               [01;36m[K^~~~[m[K
[6.613s] In file included from [01m[K/usr/include/c++/9/regex:62[m[K,
[6.613s]                  from [01m[K/usr/include/x86_64-linux-gnu/c++/9/bits/stdc++.h:110[m[K,
[6.613s]                  from [01m[K/home/knapp/git/order_optimizer/src/order_optimizer/src/subscriber_function.cpp:10[m[K:
[6.613s] [01m[K/usr/include/c++/9/bits/regex.h:1198:5:[m[K [01;36m[Knote: [m[Kcandidate: â€˜[01m[Ktemplate<class _Bi_iter, class _Ch_traits, class _Ch_alloc> bool std::__cxx11::operator<(const std::__cxx11::sub_match<_BiIter>&, std::__cxx11::__sub_match_string<_Bi_iter, _Ch_traits, _Ch_alloc>&)[m[Kâ€™
[6.613s]  1198 |     [01;36m[Koperator[m[K<(const sub_match<_Bi_iter>& __lhs,
[6.614s]       |     [01;36m[K^~~~~~~~[m[K
[6.614s] [01m[K/usr/include/c++/9/bits/regex.h:1198:5:[m[K [01;36m[Knote: [m[K  template argument deduction/substitution failed:
[6.614s] [01m[K/home/knapp/git/order_optimizer/src/order_optimizer/src/subscriber_function.cpp:223:47:[m[K [01;36m[Knote: [m[K  â€˜[01m[Kstd::basic_ostream<char>[m[Kâ€™ is not derived from â€˜[01m[Kconst std::__cxx11::sub_match<_BiIter>[m[Kâ€™
[6.614s]   223 |             std::cerr <<"unutraaaa sam"< std::[01;36m[Kendl[m[K;
[6.614s]       |                                               [01;36m[K^~~~[m[K
[6.614s] In file included from [01m[K/usr/include/c++/9/regex:62[m[K,
[6.614s]                  from [01m[K/usr/include/x86_64-linux-gnu/c++/9/bits/stdc++.h:110[m[K,
[6.614s]                  from [01m[K/home/knapp/git/order_optimizer/src/order_optimizer/src/subscriber_function.cpp:10[m[K:
[6.615s] [01m[K/usr/include/c++/9/bits/regex.h:1272:5:[m[K [01;36m[Knote: [m[Kcandidate: â€˜[01m[Ktemplate<class _Bi_iter> bool std::__cxx11::operator<(const typename std::iterator_traits<_Iter>::value_type*, const std::__cxx11::sub_match<_BiIter>&)[m[Kâ€™
[6.615s]  1272 |     [01;36m[Koperator[m[K<(typename iterator_traits<_Bi_iter>::value_type const* __lhs,
[6.615s]       |     [01;36m[K^~~~~~~~[m[K
[6.615s] [01m[K/usr/include/c++/9/bits/regex.h:1272:5:[m[K [01;36m[Knote: [m[K  template argument deduction/substitution failed:
[6.615s] [01m[K/home/knapp/git/order_optimizer/src/order_optimizer/src/subscriber_function.cpp:223:47:[m[K [01;36m[Knote: [m[K  couldnâ€™t deduce template parameter â€˜[01m[K_Bi_iter[m[Kâ€™
[6.616s]   223 |             std::cerr <<"unutraaaa sam"< std::[01;36m[Kendl[m[K;
[6.627s]       |                                               [01;36m[K^~~~[m[K
[6.627s] In file included from [01m[K/usr/include/c++/9/regex:62[m[K,
[6.628s]                  from [01m[K/usr/include/x86_64-linux-gnu/c++/9/bits/stdc++.h:110[m[K,
[6.628s]                  from [01m[K/home/knapp/git/order_optimizer/src/order_optimizer/src/subscriber_function.cpp:10[m[K:
[6.628s] [01m[K/usr/include/c++/9/bits/regex.h:1346:5:[m[K [01;36m[Knote: [m[Kcandidate: â€˜[01m[Ktemplate<class _Bi_iter> bool std::__cxx11::operator<(const std::__cxx11::sub_match<_BiIter>&, const typename std::iterator_traits<_Iter>::value_type*)[m[Kâ€™
[6.628s]  1346 |     [01;36m[Koperator[m[K<(const sub_match<_Bi_iter>& __lhs,
[6.632s]       |     [01;36m[K^~~~~~~~[m[K
[6.632s] [01m[K/usr/include/c++/9/bits/regex.h:1346:5:[m[K [01;36m[Knote: [m[K  template argument deduction/substitution failed:
[6.633s] [01m[K/home/knapp/git/order_optimizer/src/order_optimizer/src/subscriber_function.cpp:223:47:[m[K [01;36m[Knote: [m[K  â€˜[01m[Kstd::basic_ostream<char>[m[Kâ€™ is not derived from â€˜[01m[Kconst std::__cxx11::sub_match<_BiIter>[m[Kâ€™
[6.633s]   223 |             std::cerr <<"unutraaaa sam"< std::[01;36m[Kendl[m[K;
[6.633s]       |                                               [01;36m[K^~~~[m[K
[6.633s] In file included from [01m[K/usr/include/c++/9/regex:62[m[K,
[6.633s]                  from [01m[K/usr/include/x86_64-linux-gnu/c++/9/bits/stdc++.h:110[m[K,
[6.634s]                  from [01m[K/home/knapp/git/order_optimizer/src/order_optimizer/src/subscriber_function.cpp:10[m[K:
[6.634s] [01m[K/usr/include/c++/9/bits/regex.h:1421:5:[m[K [01;36m[Knote: [m[Kcandidate: â€˜[01m[Ktemplate<class _Bi_iter> bool std::__cxx11::operator<(const typename std::iterator_traits<_Iter>::value_type&, const std::__cxx11::sub_match<_BiIter>&)[m[Kâ€™
[6.634s]  1421 |     [01;36m[Koperator[m[K<(typename iterator_traits<_Bi_iter>::value_type const& __lhs,
[6.634s]       |     [01;36m[K^~~~~~~~[m[K
[6.635s] [01m[K/usr/include/c++/9/bits/regex.h:1421:5:[m[K [01;36m[Knote: [m[K  template argument deduction/substitution failed:
[6.635s] [01m[K/home/knapp/git/order_optimizer/src/order_optimizer/src/subscriber_function.cpp:223:47:[m[K [01;36m[Knote: [m[K  couldnâ€™t deduce template parameter â€˜[01m[K_Bi_iter[m[Kâ€™
[6.635s]   223 |             std::cerr <<"unutraaaa sam"< std::[01;36m[Kendl[m[K;
[6.635s]       |                                               [01;36m[K^~~~[m[K
[6.635s] In file included from [01m[K/usr/include/c++/9/regex:62[m[K,
[6.635s]                  from [01m[K/usr/include/x86_64-linux-gnu/c++/9/bits/stdc++.h:110[m[K,
[6.635s]                  from [01m[K/home/knapp/git/order_optimizer/src/order_optimizer/src/subscriber_function.cpp:10[m[K:
[6.635s] [01m[K/usr/include/c++/9/bits/regex.h:1499:5:[m[K [01;36m[Knote: [m[Kcandidate: â€˜[01m[Ktemplate<class _Bi_iter> bool std::__cxx11::operator<(const std::__cxx11::sub_match<_BiIter>&, const typename std::iterator_traits<_Iter>::value_type&)[m[Kâ€™
[6.636s]  1499 |     [01;36m[Koperator[m[K<(const sub_match<_Bi_iter>& __lhs,
[6.644s]       |     [01;36m[K^~~~~~~~[m[K
[6.644s] [01m[K/usr/include/c++/9/bits/regex.h:1499:5:[m[K [01;36m[Knote: [m[K  template argument deduction/substitution failed:
[6.644s] [01m[K/home/knapp/git/order_optimizer/src/order_optimizer/src/subscriber_function.cpp:223:47:[m[K [01;36m[Knote: [m[K  â€˜[01m[Kstd::basic_ostream<char>[m[Kâ€™ is not derived from â€˜[01m[Kconst std::__cxx11::sub_match<_BiIter>[m[Kâ€™
[6.644s]   223 |             std::cerr <<"unutraaaa sam"< std::[01;36m[Kendl[m[K;
[6.645s]       |                                               [01;36m[K^~~~[m[K
[6.645s] In file included from [01m[K/usr/include/c++/9/bits/stl_algobase.h:64[m[K,
[6.645s]                  from [01m[K/usr/include/c++/9/memory:62[m[K,
[6.645s]                  from [01m[K/home/knapp/git/order_optimizer/src/order_optimizer/src/subscriber_function.cpp:1[m[K:
[6.645s] [01m[K/usr/include/c++/9/bits/stl_pair.h:454:5:[m[K [01;36m[Knote: [m[Kcandidate: â€˜[01m[Ktemplate<class _T1, class _T2> constexpr bool std::operator<(const std::pair<_T1, _T2>&, const std::pair<_T1, _T2>&)[m[Kâ€™
[6.645s]   454 |     [01;36m[Koperator[m[K<(const pair<_T1, _T2>& __x, const pair<_T1, _T2>& __y)
[6.645s]       |     [01;36m[K^~~~~~~~[m[K
[6.646s] [01m[K/usr/include/c++/9/bits/stl_pair.h:454:5:[m[K [01;36m[Knote: [m[K  template argument deduction/substitution failed:
[6.646s] [01m[K/home/knapp/git/order_optimizer/src/order_optimizer/src/subscriber_function.cpp:223:47:[m[K [01;36m[Knote: [m[K  â€˜[01m[Kstd::basic_ostream<char>[m[Kâ€™ is not derived from â€˜[01m[Kconst std::pair<_T1, _T2>[m[Kâ€™
[6.646s]   223 |             std::cerr <<"unutraaaa sam"< std::[01;36m[Kendl[m[K;
[6.646s]       |                                               [01;36m[K^~~~[m[K
[6.646s] In file included from [01m[K/usr/include/c++/9/bits/stl_algobase.h:67[m[K,
[6.646s]                  from [01m[K/usr/include/c++/9/memory:62[m[K,
[6.646s]                  from [01m[K/home/knapp/git/order_optimizer/src/order_optimizer/src/subscriber_function.cpp:1[m[K:
[6.656s] [01m[K/usr/include/c++/9/bits/stl_iterator.h:331:5:[m[K [01;36m[Knote: [m[Kcandidate: â€˜[01m[Ktemplate<class _Iterator> bool std::operator<(const std::reverse_iterator<_Iterator>&, const std::reverse_iterator<_Iterator>&)[m[Kâ€™
[6.656s]   331 |     [01;36m[Koperator[m[K<(const reverse_iterator<_Iterator>& __x,
[6.657s]       |     [01;36m[K^~~~~~~~[m[K
[6.657s] [01m[K/usr/include/c++/9/bits/stl_iterator.h:331:5:[m[K [01;36m[Knote: [m[K  template argument deduction/substitution failed:
[6.657s] [01m[K/home/knapp/git/order_optimizer/src/order_optimizer/src/subscriber_function.cpp:223:47:[m[K [01;36m[Knote: [m[K  â€˜[01m[Kstd::basic_ostream<char>[m[Kâ€™ is not derived from â€˜[01m[Kconst std::reverse_iterator<_Iterator>[m[Kâ€™
[6.657s]   223 |             std::cerr <<"unutraaaa sam"< std::[01;36m[Kendl[m[K;
[6.657s]       |                                               [01;36m[K^~~~[m[K
[6.657s] In file included from [01m[K/usr/include/c++/9/bits/stl_algobase.h:67[m[K,
[6.658s]                  from [01m[K/usr/include/c++/9/memory:62[m[K,
[6.658s]                  from [01m[K/home/knapp/git/order_optimizer/src/order_optimizer/src/subscriber_function.cpp:1[m[K:
[6.658s] [01m[K/usr/include/c++/9/bits/stl_iterator.h:369:5:[m[K [01;36m[Knote: [m[Kcandidate: â€˜[01m[Ktemplate<class _IteratorL, class _IteratorR> bool std::operator<(const std::reverse_iterator<_Iterator>&, const std::reverse_iterator<_IteratorR>&)[m[Kâ€™
[6.658s]   369 |     [01;36m[Koperator[m[K<(const reverse_iterator<_IteratorL>& __x,
[6.658s]       |     [01;36m[K^~~~~~~~[m[K
[6.658s] [01m[K/usr/include/c++/9/bits/stl_iterator.h:369:5:[m[K [01;36m[Knote: [m[K  template argument deduction/substitution failed:
[6.659s] [01m[K/home/knapp/git/order_optimizer/src/order_optimizer/src/subscriber_function.cpp:223:47:[m[K [01;36m[Knote: [m[K  â€˜[01m[Kstd::basic_ostream<char>[m[Kâ€™ is not derived from â€˜[01m[Kconst std::reverse_iterator<_Iterator>[m[Kâ€™
[6.659s]   223 |             std::cerr <<"unutraaaa sam"< std::[01;36m[Kendl[m[K;
[6.659s]       |                                               [01;36m[K^~~~[m[K
[6.659s] In file included from [01m[K/usr/include/c++/9/bits/stl_algobase.h:67[m[K,
[6.659s]                  from [01m[K/usr/include/c++/9/memory:62[m[K,
[6.659s]                  from [01m[K/home/knapp/git/order_optimizer/src/order_optimizer/src/subscriber_function.cpp:1[m[K:
[6.660s] [01m[K/usr/include/c++/9/bits/stl_iterator.h:1163:5:[m[K [01;36m[Knote: [m[Kcandidate: â€˜[01m[Ktemplate<class _IteratorL, class _IteratorR> bool std::operator<(const std::move_iterator<_IteratorL>&, const std::move_iterator<_IteratorR>&)[m[Kâ€™
[6.672s]  1163 |     [01;36m[Koperator[m[K<(const move_iterator<_IteratorL>& __x,
[6.673s]       |     [01;36m[K^~~~~~~~[m[K
[6.673s] [01m[K/usr/include/c++/9/bits/stl_iterator.h:1163:5:[m[K [01;36m[Knote: [m[K  template argument deduction/substitution failed:
[6.673s] [01m[K/home/knapp/git/order_optimizer/src/order_optimizer/src/subscriber_function.cpp:223:47:[m[K [01;36m[Knote: [m[K  â€˜[01m[Kstd::basic_ostream<char>[m[Kâ€™ is not derived from â€˜[01m[Kconst std::move_iterator<_IteratorL>[m[Kâ€™
[6.673s]   223 |             std::cerr <<"unutraaaa sam"< std::[01;36m[Kendl[m[K;
[6.673s]       |                                               [01;36m[K^~~~[m[K
[6.673s] In file included from [01m[K/usr/include/c++/9/bits/stl_algobase.h:67[m[K,
[6.673s]                  from [01m[K/usr/include/c++/9/memory:62[m[K,
[6.674s]                  from [01m[K/home/knapp/git/order_optimizer/src/order_optimizer/src/subscriber_function.cpp:1[m[K:
[6.674s] [01m[K/usr/include/c++/9/bits/stl_iterator.h:1169:5:[m[K [01;36m[Knote: [m[Kcandidate: â€˜[01m[Ktemplate<class _Iterator> bool std::operator<(const std::move_iterator<_IteratorL>&, const std::move_iterator<_IteratorL>&)[m[Kâ€™
[6.674s]  1169 |     [01;36m[Koperator[m[K<(const move_iterator<_Iterator>& __x,
[6.674s]       |     [01;36m[K^~~~~~~~[m[K
[6.674s] [01m[K/usr/include/c++/9/bits/stl_iterator.h:1169:5:[m[K [01;36m[Knote: [m[K  template argument deduction/substitution failed:
[6.674s] [01m[K/home/knapp/git/order_optimizer/src/order_optimizer/src/subscriber_function.cpp:223:47:[m[K [01;36m[Knote: [m[K  â€˜[01m[Kstd::basic_ostream<char>[m[Kâ€™ is not derived from â€˜[01m[Kconst std::move_iterator<_IteratorL>[m[Kâ€™
[6.675s]   223 |             std::cerr <<"unutraaaa sam"< std::[01;36m[Kendl[m[K;
[6.675s]       |                                               [01;36m[K^~~~[m[K
[6.675s] In file included from [01m[K/usr/include/c++/9/string:55[m[K,
[6.675s]                  from [01m[K/usr/include/c++/9/stdexcept:39[m[K,
[6.675s]                  from [01m[K/usr/include/c++/9/array:39[m[K,
[6.675s]                  from [01m[K/usr/include/c++/9/tuple:39[m[K,
[6.675s]                  from [01m[K/usr/include/c++/9/bits/unique_ptr.h:37[m[K,
[6.675s]                  from [01m[K/usr/include/c++/9/memory:80[m[K,
[6.676s]                  from [01m[K/home/knapp/git/order_optimizer/src/order_optimizer/src/subscriber_function.cpp:1[m[K:
[6.688s] [01m[K/usr/include/c++/9/bits/basic_string.h:6226:5:[m[K [01;36m[Knote: [m[Kcandidate: â€˜[01m[Ktemplate<class _CharT, class _Traits, class _Alloc> bool std::operator<(const std::__cxx11::basic_string<_CharT, _Traits, _Alloc>&, const std::__cxx11::basic_string<_CharT, _Traits, _Alloc>&)[m[Kâ€™
[6.688s]  6226 |     [01;36m[Koperator[m[K<(const basic_string<_CharT, _Traits, _Alloc>& __lhs,
[6.689s]       |     [01;36m[K^~~~~~~~[m[K
[6.689s] [01m[K/usr/include/c++/9/bits/basic_string.h:6226:5:[m[K [01;36m[Knote: [m[K  template argument deduction/substitution failed:
[6.689s] [01m[K/home/knapp/git/order_optimizer/src/order_optimizer/src/subscriber_function.cpp:223:47:[m[K [01;36m[Knote: [m[K  â€˜[01m[Kstd::basic_ostream<char>[m[Kâ€™ is not derived from â€˜[01m[Kconst std::__cxx11::basic_string<_CharT, _Traits, _Alloc>[m[Kâ€™
[6.689s]   223 |             std::cerr <<"unutraaaa sam"< std::[01;36m[Kendl[m[K;
[6.689s]       |                                               [01;36m[K^~~~[m[K
[6.690s] In file included from [01m[K/usr/include/c++/9/string:55[m[K,
[6.690s]                  from [01m[K/usr/include/c++/9/stdexcept:39[m[K,
[6.690s]                  from [01m[K/usr/include/c++/9/array:39[m[K,
[6.690s]                  from [01m[K/usr/include/c++/9/tuple:39[m[K,
[6.690s]                  from [01m[K/usr/include/c++/9/bits/unique_ptr.h:37[m[K,
[6.690s]                  from [01m[K/usr/include/c++/9/memory:80[m[K,
[6.691s]                  from [01m[K/home/knapp/git/order_optimizer/src/order_optimizer/src/subscriber_function.cpp:1[m[K:
[6.691s] [01m[K/usr/include/c++/9/bits/basic_string.h:6239:5:[m[K [01;36m[Knote: [m[Kcandidate: â€˜[01m[Ktemplate<class _CharT, class _Traits, class _Alloc> bool std::operator<(const std::__cxx11::basic_string<_CharT, _Traits, _Alloc>&, const _CharT*)[m[Kâ€™
[6.691s]  6239 |     [01;36m[Koperator[m[K<(const basic_string<_CharT, _Traits, _Alloc>& __lhs,
[6.691s]       |     [01;36m[K^~~~~~~~[m[K
[6.691s] [01m[K/usr/include/c++/9/bits/basic_string.h:6239:5:[m[K [01;36m[Knote: [m[K  template argument deduction/substitution failed:
[6.691s] [01m[K/home/knapp/git/order_optimizer/src/order_optimizer/src/subscriber_function.cpp:223:47:[m[K [01;36m[Knote: [m[K  â€˜[01m[Kstd::basic_ostream<char>[m[Kâ€™ is not derived from â€˜[01m[Kconst std::__cxx11::basic_string<_CharT, _Traits, _Alloc>[m[Kâ€™
[6.691s]   223 |             std::cerr <<"unutraaaa sam"< std::[01;36m[Kendl[m[K;
[6.692s]       |                                               [01;36m[K^~~~[m[K
[6.692s] In file included from [01m[K/usr/include/c++/9/string:55[m[K,
[6.703s]                  from [01m[K/usr/include/c++/9/stdexcept:39[m[K,
[6.703s]                  from [01m[K/usr/include/c++/9/array:39[m[K,
[6.704s]                  from [01m[K/usr/include/c++/9/tuple:39[m[K,
[6.704s]                  from [01m[K/usr/include/c++/9/bits/unique_ptr.h:37[m[K,
[6.704s]                  from [01m[K/usr/include/c++/9/memory:80[m[K,
[6.704s]                  from [01m[K/home/knapp/git/order_optimizer/src/order_optimizer/src/subscriber_function.cpp:1[m[K:
[6.704s] [01m[K/usr/include/c++/9/bits/basic_string.h:6251:5:[m[K [01;36m[Knote: [m[Kcandidate: â€˜[01m[Ktemplate<class _CharT, class _Traits, class _Alloc> bool std::operator<(const _CharT*, const std::__cxx11::basic_string<_CharT, _Traits, _Alloc>&)[m[Kâ€™
[6.704s]  6251 |     [01;36m[Koperator[m[K<(const _CharT* __lhs,
[6.705s]       |     [01;36m[K^~~~~~~~[m[K
[6.705s] [01m[K/usr/include/c++/9/bits/basic_string.h:6251:5:[m[K [01;36m[Knote: [m[K  template argument deduction/substitution failed:
[6.705s] [01m[K/home/knapp/git/order_optimizer/src/order_optimizer/src/subscriber_function.cpp:223:47:[m[K [01;36m[Knote: [m[K  mismatched types â€˜[01m[Kconst _CharT*[m[Kâ€™ and â€˜[01m[Kstd::basic_ostream<char>[m[Kâ€™
[6.705s]   223 |             std::cerr <<"unutraaaa sam"< std::[01;36m[Kendl[m[K;
[6.705s]       |                                               [01;36m[K^~~~[m[K
[6.705s] In file included from [01m[K/usr/include/c++/9/tuple:39[m[K,
[6.705s]                  from [01m[K/usr/include/c++/9/bits/unique_ptr.h:37[m[K,
[6.706s]                  from [01m[K/usr/include/c++/9/memory:80[m[K,
[6.706s]                  from [01m[K/home/knapp/git/order_optimizer/src/order_optimizer/src/subscriber_function.cpp:1[m[K:
[6.706s] [01m[K/usr/include/c++/9/array:262:5:[m[K [01;36m[Knote: [m[Kcandidate: â€˜[01m[Ktemplate<class _Tp, long unsigned int _Nm> bool std::operator<(const std::array<_Tp, _Nm>&, const std::array<_Tp, _Nm>&)[m[Kâ€™
[6.706s]   262 |     [01;36m[Koperator[m[K<(const array<_Tp, _Nm>& __a, const array<_Tp, _Nm>& __b)
[6.706s]       |     [01;36m[K^~~~~~~~[m[K
[6.706s] [01m[K/usr/include/c++/9/array:262:5:[m[K [01;36m[Knote: [m[K  template argument deduction/substitution failed:
[6.706s] [01m[K/home/knapp/git/order_optimizer/src/order_optimizer/src/subscriber_function.cpp:223:47:[m[K [01;36m[Knote: [m[K  â€˜[01m[Kstd::basic_ostream<char>[m[Kâ€™ is not derived from â€˜[01m[Kconst std::array<_Tp, _Nm>[m[Kâ€™
[6.707s]   223 |             std::cerr <<"unutraaaa sam"< std::[01;36m[Kendl[m[K;
[6.707s]       |                                               [01;36m[K^~~~[m[K
[6.707s] In file included from [01m[K/usr/include/c++/9/bits/unique_ptr.h:37[m[K,
[6.707s]                  from [01m[K/usr/include/c++/9/memory:80[m[K,
[6.707s]                  from [01m[K/home/knapp/git/order_optimizer/src/order_optimizer/src/subscriber_function.cpp:1[m[K:
[6.707s] [01m[K/usr/include/c++/9/tuple:1432:5:[m[K [01;36m[Knote: [m[Kcandidate: â€˜[01m[Ktemplate<class ... _TElements, class ... _UElements> constexpr bool std::operator<(const std::tuple<_Tps ...>&, const std::tuple<_Elements ...>&)[m[Kâ€™
[6.707s]  1432 |     [01;36m[Koperator[m[K<(const tuple<_TElements...>& __t,
[6.707s]       |     [01;36m[K^~~~~~~~[m[K
[6.708s] [01m[K/usr/include/c++/9/tuple:1432:5:[m[K [01;36m[Knote: [m[K  template argument deduction/substitution failed:
[6.720s] [01m[K/home/knapp/git/order_optimizer/src/order_optimizer/src/subscriber_function.cpp:223:47:[m[K [01;36m[Knote: [m[K  â€˜[01m[Kstd::basic_ostream<char>[m[Kâ€™ is not derived from â€˜[01m[Kconst std::tuple<_Tps ...>[m[Kâ€™
[6.721s]   223 |             std::cerr <<"unutraaaa sam"< std::[01;36m[Kendl[m[K;
[6.721s]       |                                               [01;36m[K^~~~[m[K
[6.721s] In file included from [01m[K/usr/include/c++/9/memory:80[m[K,
[6.721s]                  from [01m[K/home/knapp/git/order_optimizer/src/order_optimizer/src/subscriber_function.cpp:1[m[K:
[6.721s] [01m[K/usr/include/c++/9/bits/unique_ptr.h:749:5:[m[K [01;36m[Knote: [m[Kcandidate: â€˜[01m[Ktemplate<class _Tp, class _Dp, class _Up, class _Ep> bool std::operator<(const std::unique_ptr<_Tp, _Dp>&, const std::unique_ptr<_Up, _Ep>&)[m[Kâ€™
[6.721s]   749 |     [01;36m[Koperator[m[K<(const unique_ptr<_Tp, _Dp>& __x,
[6.722s]       |     [01;36m[K^~~~~~~~[m[K
[6.722s] [01m[K/usr/include/c++/9/bits/unique_ptr.h:749:5:[m[K [01;36m[Knote: [m[K  template argument deduction/substitution failed:
[6.722s] [01m[K/home/knapp/git/order_optimizer/src/order_optimizer/src/subscriber_function.cpp:223:47:[m[K [01;36m[Knote: [m[K  â€˜[01m[Kstd::basic_ostream<char>[m[Kâ€™ is not derived from â€˜[01m[Kconst std::unique_ptr<_Tp, _Dp>[m[Kâ€™
[6.722s]   223 |             std::cerr <<"unutraaaa sam"< std::[01;36m[Kendl[m[K;
[6.722s]       |                                               [01;36m[K^~~~[m[K
[6.722s] In file included from [01m[K/usr/include/c++/9/memory:80[m[K,
[6.722s]                  from [01m[K/home/knapp/git/order_optimizer/src/order_optimizer/src/subscriber_function.cpp:1[m[K:
[6.722s] [01m[K/usr/include/c++/9/bits/unique_ptr.h:760:5:[m[K [01;36m[Knote: [m[Kcandidate: â€˜[01m[Ktemplate<class _Tp, class _Dp> bool std::operator<(const std::unique_ptr<_Tp, _Dp>&, std::nullptr_t)[m[Kâ€™
[6.723s]   760 |     [01;36m[Koperator[m[K<(const unique_ptr<_Tp, _Dp>& __x, nullptr_t)
[6.723s]       |     [01;36m[K^~~~~~~~[m[K
[6.723s] [01m[K/usr/include/c++/9/bits/unique_ptr.h:760:5:[m[K [01;36m[Knote: [m[K  template argument deduction/substitution failed:
[6.723s] [01m[K/home/knapp/git/order_optimizer/src/order_optimizer/src/subscriber_function.cpp:223:47:[m[K [01;36m[Knote: [m[K  â€˜[01m[Kstd::basic_ostream<char>[m[Kâ€™ is not derived from â€˜[01m[Kconst std::unique_ptr<_Tp, _Dp>[m[Kâ€™
[6.723s]   223 |             std::cerr <<"unutraaaa sam"< std::[01;36m[Kendl[m[K;
[6.723s]       |                                               [01;36m[K^~~~[m[K
[6.723s] In file included from [01m[K/usr/include/c++/9/memory:80[m[K,
[6.724s]                  from [01m[K/home/knapp/git/order_optimizer/src/order_optimizer/src/subscriber_function.cpp:1[m[K:
[6.724s] [01m[K/usr/include/c++/9/bits/unique_ptr.h:766:5:[m[K [01;36m[Knote: [m[Kcandidate: â€˜[01m[Ktemplate<class _Tp, class _Dp> bool std::operator<(std::nullptr_t, const std::unique_ptr<_Tp, _Dp>&)[m[Kâ€™
[6.740s]   766 |     [01;36m[Koperator[m[K<(nullptr_t, const unique_ptr<_Tp, _Dp>& __x)
[6.741s]       |     [01;36m[K^~~~~~~~[m[K
[6.741s] [01m[K/usr/include/c++/9/bits/unique_ptr.h:766:5:[m[K [01;36m[Knote: [m[K  template argument deduction/substitution failed:
[6.741s] [01m[K/home/knapp/git/order_optimizer/src/order_optimizer/src/subscriber_function.cpp:223:47:[m[K [01;36m[Knote: [m[K  couldnâ€™t deduce template parameter â€˜[01m[K_Tp[m[Kâ€™
[6.741s]   223 |             std::cerr <<"unutraaaa sam"< std::[01;36m[Kendl[m[K;
[6.741s]       |                                               [01;36m[K^~~~[m[K
[6.742s] In file included from [01m[K/usr/include/c++/9/bits/shared_ptr.h:52[m[K,
[6.742s]                  from [01m[K/usr/include/c++/9/memory:81[m[K,
[6.742s]                  from [01m[K/home/knapp/git/order_optimizer/src/order_optimizer/src/subscriber_function.cpp:1[m[K:
[6.742s] [01m[K/usr/include/c++/9/bits/shared_ptr_base.h:1444:5:[m[K [01;36m[Knote: [m[Kcandidate: â€˜[01m[Ktemplate<class _Tp, class _Up, __gnu_cxx::_Lock_policy _Lp> bool std::operator<(const std::__shared_ptr<_Tp1, _Lp>&, const std::__shared_ptr<_Tp2, _Lp>&)[m[Kâ€™
[6.742s]  1444 |     [01;36m[Koperator[m[K<(const __shared_ptr<_Tp, _Lp>& __a,
[6.742s]       |     [01;36m[K^~~~~~~~[m[K
[6.742s] [01m[K/usr/include/c++/9/bits/shared_ptr_base.h:1444:5:[m[K [01;36m[Knote: [m[K  template argument deduction/substitution failed:
[6.742s] [01m[K/home/knapp/git/order_optimizer/src/order_optimizer/src/subscriber_function.cpp:223:47:[m[K [01;36m[Knote: [m[K  â€˜[01m[Kstd::basic_ostream<char>[m[Kâ€™ is not derived from â€˜[01m[Kconst std::__shared_ptr<_Tp1, _Lp>[m[Kâ€™
[6.743s]   223 |             std::cerr <<"unutraaaa sam"< std::[01;36m[Kendl[m[K;
[6.743s]       |                                               [01;36m[K^~~~[m[K
[6.743s] In file included from [01m[K/usr/include/c++/9/bits/shared_ptr.h:52[m[K,
[6.743s]                  from [01m[K/usr/include/c++/9/memory:81[m[K,
[6.743s]                  from [01m[K/home/knapp/git/order_optimizer/src/order_optimizer/src/subscriber_function.cpp:1[m[K:
[6.743s] [01m[K/usr/include/c++/9/bits/shared_ptr_base.h:1455:5:[m[K [01;36m[Knote: [m[Kcandidate: â€˜[01m[Ktemplate<class _Tp, __gnu_cxx::_Lock_policy _Lp> bool std::operator<(const std::__shared_ptr<_Tp, _Lp>&, std::nullptr_t)[m[Kâ€™
[6.743s]  1455 |     [01;36m[Koperator[m[K<(const __shared_ptr<_Tp, _Lp>& __a, nullptr_t) noexcept
[6.743s]       |     [01;36m[K^~~~~~~~[m[K
[6.744s] [01m[K/usr/include/c++/9/bits/shared_ptr_base.h:1455:5:[m[K [01;36m[Knote: [m[K  template argument deduction/substitution failed:
[6.744s] [01m[K/home/knapp/git/order_optimizer/src/order_optimizer/src/subscriber_function.cpp:223:47:[m[K [01;36m[Knote: [m[K  â€˜[01m[Kstd::basic_ostream<char>[m[Kâ€™ is not derived from â€˜[01m[Kconst std::__shared_ptr<_Tp, _Lp>[m[Kâ€™
[6.744s]   223 |             std::cerr <<"unutraaaa sam"< std::[01;36m[Kendl[m[K;
[6.744s]       |                                               [01;36m[K^~~~[m[K
[6.756s] In file included from [01m[K/usr/include/c++/9/bits/shared_ptr.h:52[m[K,
[6.756s]                  from [01m[K/usr/include/c++/9/memory:81[m[K,
[6.756s]                  from [01m[K/home/knapp/git/order_optimizer/src/order_optimizer/src/subscriber_function.cpp:1[m[K:
[6.757s] [01m[K/usr/include/c++/9/bits/shared_ptr_base.h:1463:5:[m[K [01;36m[Knote: [m[Kcandidate: â€˜[01m[Ktemplate<class _Tp, __gnu_cxx::_Lock_policy _Lp> bool std::operator<(std::nullptr_t, const std::__shared_ptr<_Tp, _Lp>&)[m[Kâ€™
[6.757s]  1463 |     [01;36m[Koperator[m[K<(nullptr_t, const __shared_ptr<_Tp, _Lp>& __a) noexcept
[6.757s]       |     [01;36m[K^~~~~~~~[m[K
[6.757s] [01m[K/usr/include/c++/9/bits/shared_ptr_base.h:1463:5:[m[K [01;36m[Knote: [m[K  template argument deduction/substitution failed:
[6.757s] [01m[K/home/knapp/git/order_optimizer/src/order_optimizer/src/subscriber_function.cpp:223:47:[m[K [01;36m[Knote: [m[K  couldnâ€™t deduce template parameter â€˜[01m[K_Tp[m[Kâ€™
[6.757s]   223 |             std::cerr <<"unutraaaa sam"< std::[01;36m[Kendl[m[K;
[6.757s]       |                                               [01;36m[K^~~~[m[K
[6.757s] In file included from [01m[K/usr/include/c++/9/memory:81[m[K,
[6.757s]                  from [01m[K/home/knapp/git/order_optimizer/src/order_optimizer/src/subscriber_function.cpp:1[m[K:
[6.758s] [01m[K/usr/include/c++/9/bits/shared_ptr.h:413:5:[m[K [01;36m[Knote: [m[Kcandidate: â€˜[01m[Ktemplate<class _Tp, class _Up> bool std::operator<(const std::shared_ptr<_Tp>&, const std::shared_ptr<_Tp>&)[m[Kâ€™
[6.758s]   413 |     [01;36m[Koperator[m[K<(const shared_ptr<_Tp>& __a, const shared_ptr<_Up>& __b) noexcept
[6.758s]       |     [01;36m[K^~~~~~~~[m[K
[6.758s] [01m[K/usr/include/c++/9/bits/shared_ptr.h:413:5:[m[K [01;36m[Knote: [m[K  template argument deduction/substitution failed:
[6.758s] [01m[K/home/knapp/git/order_optimizer/src/order_optimizer/src/subscriber_function.cpp:223:47:[m[K [01;36m[Knote: [m[K  â€˜[01m[Kstd::basic_ostream<char>[m[Kâ€™ is not derived from â€˜[01m[Kconst std::shared_ptr<_Tp>[m[Kâ€™
[6.758s]   223 |             std::cerr <<"unutraaaa sam"< std::[01;36m[Kendl[m[K;
[6.759s]       |                                               [01;36m[K^~~~[m[K
[6.759s] In file included from [01m[K/usr/include/c++/9/memory:81[m[K,
[6.759s]                  from [01m[K/home/knapp/git/order_optimizer/src/order_optimizer/src/subscriber_function.cpp:1[m[K:
[6.759s] [01m[K/usr/include/c++/9/bits/shared_ptr.h:423:5:[m[K [01;36m[Knote: [m[Kcandidate: â€˜[01m[Ktemplate<class _Tp> bool std::operator<(const std::shared_ptr<_Tp>&, std::nullptr_t)[m[Kâ€™
[6.759s]   423 |     [01;36m[Koperator[m[K<(const shared_ptr<_Tp>& __a, nullptr_t) noexcept
[6.759s]       |     [01;36m[K^~~~~~~~[m[K
[6.759s] [01m[K/usr/include/c++/9/bits/shared_ptr.h:423:5:[m[K [01;36m[Knote: [m[K  template argument deduction/substitution failed:
[6.760s] [01m[K/home/knapp/git/order_optimizer/src/order_optimizer/src/subscriber_function.cpp:223:47:[m[K [01;36m[Knote: [m[K  â€˜[01m[Kstd::basic_ostream<char>[m[Kâ€™ is not derived from â€˜[01m[Kconst std::shared_ptr<_Tp>[m[Kâ€™
[6.760s]   223 |             std::cerr <<"unutraaaa sam"< std::[01;36m[Kendl[m[K;
[6.760s]       |                                               [01;36m[K^~~~[m[K
[6.760s] In file included from [01m[K/usr/include/c++/9/memory:81[m[K,
[6.760s]                  from [01m[K/home/knapp/git/order_optimizer/src/order_optimizer/src/subscriber_function.cpp:1[m[K:
[6.760s] [01m[K/usr/include/c++/9/bits/shared_ptr.h:431:5:[m[K [01;36m[Knote: [m[Kcandidate: â€˜[01m[Ktemplate<class _Tp> bool std::operator<(std::nullptr_t, const std::shared_ptr<_Tp>&)[m[Kâ€™
[6.760s]   431 |     [01;36m[Koperator[m[K<(nullptr_t, const shared_ptr<_Tp>& __a) noexcept
[6.760s]       |     [01;36m[K^~~~~~~~[m[K
[6.760s] [01m[K/usr/include/c++/9/bits/shared_ptr.h:431:5:[m[K [01;36m[Knote: [m[K  template argument deduction/substitution failed:
[6.761s] [01m[K/home/knapp/git/order_optimizer/src/order_optimizer/src/subscriber_function.cpp:223:47:[m[K [01;36m[Knote: [m[K  couldnâ€™t deduce template parameter â€˜[01m[K_Tp[m[Kâ€™
[6.761s]   223 |             std::cerr <<"unutraaaa sam"< std::[01;36m[Kendl[m[K;
[6.772s]       |                                               [01;36m[K^~~~[m[K
[6.772s] In file included from [01m[K/usr/include/c++/9/bits/ios_base.h:46[m[K,
[6.772s]                  from [01m[K/usr/include/c++/9/ios:42[m[K,
[6.772s]                  from [01m[K/usr/include/c++/9/istream:38[m[K,
[6.773s]                  from [01m[K/usr/include/c++/9/fstream:38[m[K,
[6.773s]                  from [01m[K/home/knapp/git/order_optimizer/src/order_optimizer/src/subscriber_function.cpp:3[m[K:
[6.773s] [01m[K/usr/include/c++/9/system_error:208:3:[m[K [01;36m[Knote: [m[Kcandidate: â€˜[01m[Kbool std::operator<(const std::error_code&, const std::error_code&)[m[Kâ€™
[6.773s]   208 |   [01;36m[Koperator[m[K<(const error_code& __lhs, const error_code& __rhs) noexcept
[6.773s]       |   [01;36m[K^~~~~~~~[m[K
[6.774s] [01m[K/usr/include/c++/9/system_error:208:31:[m[K [01;36m[Knote: [m[K  no known conversion for argument 1 from â€˜[01m[Kstd::basic_ostream<char>[m[Kâ€™ to â€˜[01m[Kconst std::error_code&[m[Kâ€™
[6.774s]   208 |   operator<([01;36m[Kconst error_code& __lhs[m[K, const error_code& __rhs) noexcept
[6.774s]       |             [01;36m[K~~~~~~~~~~~~~~~~~~^~~~~[m[K
[6.774s] [01m[K/usr/include/c++/9/system_error:282:3:[m[K [01;36m[Knote: [m[Kcandidate: â€˜[01m[Kbool std::operator<(const std::error_condition&, const std::error_condition&)[m[Kâ€™
[6.774s]   282 |   [01;36m[Koperator[m[K<(const error_condition& __lhs,
[6.774s]       |   [01;36m[K^~~~~~~~[m[K
[6.774s] [01m[K/usr/include/c++/9/system_error:282:36:[m[K [01;36m[Knote: [m[K  no known conversion for argument 1 from â€˜[01m[Kstd::basic_ostream<char>[m[Kâ€™ to â€˜[01m[Kconst std::error_condition&[m[Kâ€™
[6.774s]   282 |   operator<([01;36m[Kconst error_condition& __lhs[m[K,
[6.775s]       |             [01;36m[K~~~~~~~~~~~~~~~~~~~~~~~^~~~~[m[K
[6.775s] In file included from [01m[K/usr/include/c++/9/future:39[m[K,
[6.775s]                  from [01m[K/home/knapp/ros2_foxy/install/rclcpp/include/rclcpp/executors.hpp:18[m[K,
[6.775s]                  from [01m[K/home/knapp/ros2_foxy/install/rclcpp/include/rclcpp/rclcpp.hpp:146[m[K,
[6.775s]                  from [01m[K/home/knapp/git/order_optimizer/src/order_optimizer/src/subscriber_function.cpp:4[m[K:
[6.775s] [01m[K/usr/include/c++/9/thread:290:3:[m[K [01;36m[Knote: [m[Kcandidate: â€˜[01m[Kbool std::operator<(std::thread::id, std::thread::id)[m[Kâ€™
[6.775s]   290 |   [01;36m[Koperator[m[K<(thread::id __x, thread::id __y) noexcept
[6.775s]       |   [01;36m[K^~~~~~~~[m[K
[6.776s] [01m[K/usr/include/c++/9/thread:290:24:[m[K [01;36m[Knote: [m[K  no known conversion for argument 1 from â€˜[01m[Kstd::basic_ostream<char>[m[Kâ€™ to â€˜[01m[Kstd::thread::id[m[Kâ€™
[6.776s]   290 |   operator<([01;36m[Kthread::id __x[m[K, thread::id __y) noexcept
[6.792s]       |             [01;36m[K~~~~~~~~~~~^~~[m[K
[6.792s] In file included from [01m[K/usr/include/c++/9/set:61[m[K,
[6.792s]                  from [01m[K/home/knapp/ros2_foxy/install/rclcpp/include/rclcpp/executors/multi_threaded_executor.hpp:21[m[K,
[6.793s]                  from [01m[K/home/knapp/ros2_foxy/install/rclcpp/include/rclcpp/executors.hpp:21[m[K,
[6.793s]                  from [01m[K/home/knapp/ros2_foxy/install/rclcpp/include/rclcpp/rclcpp.hpp:146[m[K,
[6.793s]                  from [01m[K/home/knapp/git/order_optimizer/src/order_optimizer/src/subscriber_function.cpp:4[m[K:
[6.793s] [01m[K/usr/include/c++/9/bits/stl_set.h:996:5:[m[K [01;36m[Knote: [m[Kcandidate: â€˜[01m[Ktemplate<class _Key, class _Compare, class _Alloc> bool std::operator<(const std::set<_Key, _Compare, _Alloc>&, const std::set<_Key, _Compare, _Alloc>&)[m[Kâ€™
[6.793s]   996 |     [01;36m[Koperator[m[K<(const set<_Key, _Compare, _Alloc>& __x,
[6.793s]       |     [01;36m[K^~~~~~~~[m[K
[6.793s] [01m[K/usr/include/c++/9/bits/stl_set.h:996:5:[m[K [01;36m[Knote: [m[K  template argument deduction/substitution failed:
[6.794s] [01m[K/home/knapp/git/order_optimizer/src/order_optimizer/src/subscriber_function.cpp:223:47:[m[K [01;36m[Knote: [m[K  â€˜[01m[Kstd::basic_ostream<char>[m[Kâ€™ is not derived from â€˜[01m[Kconst std::set<_Key, _Compare, _Alloc>[m[Kâ€™
[6.794s]   223 |             std::cerr <<"unutraaaa sam"< std::[01;36m[Kendl[m[K;
[6.794s]       |                                               [01;36m[K^~~~[m[K
[6.794s] In file included from [01m[K/usr/include/c++/9/set:62[m[K,
[6.794s]                  from [01m[K/home/knapp/ros2_foxy/install/rclcpp/include/rclcpp/executors/multi_threaded_executor.hpp:21[m[K,
[6.794s]                  from [01m[K/home/knapp/ros2_foxy/install/rclcpp/include/rclcpp/executors.hpp:21[m[K,
[6.794s]                  from [01m[K/home/knapp/ros2_foxy/install/rclcpp/include/rclcpp/rclcpp.hpp:146[m[K,
[6.794s]                  from [01m[K/home/knapp/git/order_optimizer/src/order_optimizer/src/subscriber_function.cpp:4[m[K:
[6.795s] [01m[K/usr/include/c++/9/bits/stl_multiset.h:981:5:[m[K [01;36m[Knote: [m[Kcandidate: â€˜[01m[Ktemplate<class _Key, class _Compare, class _Alloc> bool std::operator<(const std::multiset<_Key, _Compare, _Alloc>&, const std::multiset<_Key, _Compare, _Alloc>&)[m[Kâ€™
[6.795s]   981 |     [01;36m[Koperator[m[K<(const multiset<_Key, _Compare, _Alloc>& __x,
[6.795s]       |     [01;36m[K^~~~~~~~[m[K
[6.795s] [01m[K/usr/include/c++/9/bits/stl_multiset.h:981:5:[m[K [01;36m[Knote: [m[K  template argument deduction/substitution failed:
[6.795s] [01m[K/home/knapp/git/order_optimizer/src/order_optimizer/src/subscriber_function.cpp:223:47:[m[K [01;36m[Knote: [m[K  â€˜[01m[Kstd::basic_ostream<char>[m[Kâ€™ is not derived from â€˜[01m[Kconst std::multiset<_Key, _Compare, _Alloc>[m[Kâ€™
[6.795s]   223 |             std::cerr <<"unutraaaa sam"< std::[01;36m[Kendl[m[K;
[6.808s]       |                                               [01;36m[K^~~~[m[K
[6.809s] In file included from [01m[K/usr/include/c++/9/list:63[m[K,
[6.809s]                  from [01m[K/home/knapp/ros2_foxy/install/rclcpp/include/rclcpp/executor.hpp:23[m[K,
[6.809s]                  from [01m[K/home/knapp/ros2_foxy/install/rclcpp/include/rclcpp/executors/multi_threaded_executor.hpp:26[m[K,
[6.809s]                  from [01m[K/home/knapp/ros2_foxy/install/rclcpp/include/rclcpp/executors.hpp:21[m[K,
[6.810s]                  from [01m[K/home/knapp/ros2_foxy/install/rclcpp/include/rclcpp/rclcpp.hpp:146[m[K,
[6.810s]                  from [01m[K/home/knapp/git/order_optimizer/src/order_optimizer/src/subscriber_function.cpp:4[m[K:
[6.810s] [01m[K/usr/include/c++/9/bits/stl_list.h:2025:5:[m[K [01;36m[Knote: [m[Kcandidate: â€˜[01m[Ktemplate<class _Tp, class _Alloc> bool std::operator<(const std::__cxx11::list<_Tp, _Alloc>&, const std::__cxx11::list<_Tp, _Alloc>&)[m[Kâ€™
[6.810s]  2025 |     [01;36m[Koperator[m[K<(const list<_Tp, _Alloc>& __x, const list<_Tp, _Alloc>& __y)
[6.811s]       |     [01;36m[K^~~~~~~~[m[K
[6.811s] [01m[K/usr/include/c++/9/bits/stl_list.h:2025:5:[m[K [01;36m[Knote: [m[K  template argument deduction/substitution failed:
[6.811s] [01m[K/home/knapp/git/order_optimizer/src/order_optimizer/src/subscriber_function.cpp:223:47:[m[K [01;36m[Knote: [m[K  â€˜[01m[Kstd::basic_ostream<char>[m[Kâ€™ is not derived from â€˜[01m[Kconst std::__cxx11::list<_Tp, _Alloc>[m[Kâ€™
[6.811s]   223 |             std::cerr <<"unutraaaa sam"< std::[01;36m[Kendl[m[K;
[6.811s]       |                                               [01;36m[K^~~~[m[K
[6.811s] In file included from [01m[K/usr/include/c++/9/vector:67[m[K,
[6.812s]                  from [01m[K/home/knapp/ros2_foxy/install/rclcpp/include/rclcpp/executor.hpp:27[m[K,
[6.812s]                  from [01m[K/home/knapp/ros2_foxy/install/rclcpp/include/rclcpp/executors/multi_threaded_executor.hpp:26[m[K,
[6.824s]                  from [01m[K/home/knapp/ros2_foxy/install/rclcpp/include/rclcpp/executors.hpp:21[m[K,
[6.824s]                  from [01m[K/home/knapp/ros2_foxy/install/rclcpp/include/rclcpp/rclcpp.hpp:146[m[K,
[6.824s]                  from [01m[K/home/knapp/git/order_optimizer/src/order_optimizer/src/subscriber_function.cpp:4[m[K:
[6.825s] [01m[K/usr/include/c++/9/bits/stl_vector.h:1905:5:[m[K [01;36m[Knote: [m[Kcandidate: â€˜[01m[Ktemplate<class _Tp, class _Alloc> bool std::operator<(const std::vector<_Tp, _Alloc>&, const std::vector<_Tp, _Alloc>&)[m[Kâ€™
[6.825s]  1905 |     [01;36m[Koperator[m[K<(const vector<_Tp, _Alloc>& __x, const vector<_Tp, _Alloc>& __y)
[6.825s]       |     [01;36m[K^~~~~~~~[m[K
[6.825s] [01m[K/usr/include/c++/9/bits/stl_vector.h:1905:5:[m[K [01;36m[Knote: [m[K  template argument deduction/substitution failed:
[6.825s] [01m[K/home/knapp/git/order_optimizer/src/order_optimizer/src/subscriber_function.cpp:223:47:[m[K [01;36m[Knote: [m[K  â€˜[01m[Kstd::basic_ostream<char>[m[Kâ€™ is not derived from â€˜[01m[Kconst std::vector<_Tp, _Alloc>[m[Kâ€™
[6.825s]   223 |             std::cerr <<"unutraaaa sam"< std::[01;36m[Kendl[m[K;
[6.826s]       |                                               [01;36m[K^~~~[m[K
[6.826s] In file included from [01m[K/usr/include/c++/9/map:61[m[K,
[6.826s]                  from [01m[K/home/knapp/ros2_foxy/install/rclcpp/include/rclcpp/client.hpp:20[m[K,
[6.826s]                  from [01m[K/home/knapp/ros2_foxy/install/rclcpp/include/rclcpp/callback_group.hpp:23[m[K,
[6.826s]                  from [01m[K/home/knapp/ros2_foxy/install/rclcpp/include/rclcpp/any_executable.hpp:20[m[K,
[6.826s]                  from [01m[K/home/knapp/ros2_foxy/install/rclcpp/include/rclcpp/memory_strategy.hpp:24[m[K,
[6.826s]                  from [01m[K/home/knapp/ros2_foxy/install/rclcpp/include/rclcpp/memory_strategies.hpp:18[m[K,
[6.826s]                  from [01m[K/home/knapp/ros2_foxy/install/rclcpp/include/rclcpp/executor_options.hpp:20[m[K,
[6.826s]                  from [01m[K/home/knapp/ros2_foxy/install/rclcpp/include/rclcpp/executor.hpp:33[m[K,
[6.827s]                  from [01m[K/home/knapp/ros2_foxy/install/rclcpp/include/rclcpp/executors/multi_threaded_executor.hpp:26[m[K,
[6.827s]                  from [01m[K/home/knapp/ros2_foxy/install/rclcpp/include/rclcpp/executors.hpp:21[m[K,
[6.827s]                  from [01m[K/home/knapp/ros2_foxy/install/rclcpp/include/rclcpp/rclcpp.hpp:146[m[K,
[6.827s]                  from [01m[K/home/knapp/git/order_optimizer/src/order_optimizer/src/subscriber_function.cpp:4[m[K:
[6.827s] [01m[K/usr/include/c++/9/bits/stl_map.h:1472:5:[m[K [01;36m[Knote: [m[Kcandidate: â€˜[01m[Ktemplate<class _Key, class _Tp, class _Compare, class _Alloc> bool std::operator<(const std::map<_Key, _Tp, _Compare, _Alloc>&, const std::map<_Key, _Tp, _Compare, _Alloc>&)[m[Kâ€™
[6.827s]  1472 |     [01;36m[Koperator[m[K<(const map<_Key, _Tp, _Compare, _Alloc>& __x,
[6.827s]       |     [01;36m[K^~~~~~~~[m[K
[6.828s] [01m[K/usr/include/c++/9/bits/stl_map.h:1472:5:[m[K [01;36m[Knote: [m[K  template argument deduction/substitution failed:
[6.828s] [01m[K/home/knapp/git/order_optimizer/src/order_optimizer/src/subscriber_function.cpp:223:47:[m[K [01;36m[Knote: [m[K  â€˜[01m[Kstd::basic_ostream<char>[m[Kâ€™ is not derived from â€˜[01m[Kconst std::map<_Key, _Tp, _Compare, _Alloc>[m[Kâ€™
[6.828s]   223 |             std::cerr <<"unutraaaa sam"< std::[01;36m[Kendl[m[K;
[6.828s]       |                                               [01;36m[K^~~~[m[K
[6.845s] In file included from [01m[K/usr/include/c++/9/map:62[m[K,
[6.845s]                  from [01m[K/home/knapp/ros2_foxy/install/rclcpp/include/rclcpp/client.hpp:20[m[K,
[6.845s]                  from [01m[K/home/knapp/ros2_foxy/install/rclcpp/include/rclcpp/callback_group.hpp:23[m[K,
[6.845s]                  from [01m[K/home/knapp/ros2_foxy/install/rclcpp/include/rclcpp/any_executable.hpp:20[m[K,
[6.846s]                  from [01m[K/home/knapp/ros2_foxy/install/rclcpp/include/rclcpp/memory_strategy.hpp:24[m[K,
[6.846s]                  from [01m[K/home/knapp/ros2_foxy/install/rclcpp/include/rclcpp/memory_strategies.hpp:18[m[K,
[6.846s]                  from [01m[K/home/knapp/ros2_foxy/install/rclcpp/include/rclcpp/executor_options.hpp:20[m[K,
[6.846s]                  from [01m[K/home/knapp/ros2_foxy/install/rclcpp/include/rclcpp/executor.hpp:33[m[K,
[6.846s]                  from [01m[K/home/knapp/ros2_foxy/install/rclcpp/include/rclcpp/executors/multi_threaded_executor.hpp:26[m[K,
[6.846s]                  from [01m[K/home/knapp/ros2_foxy/install/rclcpp/include/rclcpp/executors.hpp:21[m[K,
[6.846s]                  from [01m[K/home/knapp/ros2_foxy/install/rclcpp/include/rclcpp/rclcpp.hpp:146[m[K,
[6.847s]                  from [01m[K/home/knapp/git/order_optimizer/src/order_optimizer/src/subscriber_function.cpp:4[m[K:
[6.847s] [01m[K/usr/include/c++/9/bits/stl_multimap.h:1136:5:[m[K [01;36m[Knote: [m[Kcandidate: â€˜[01m[Ktemplate<class _Key, class _Tp, class _Compare, class _Alloc> bool std::operator<(const std::multimap<_Key, _Tp, _Compare, _Alloc>&, const std::multimap<_Key, _Tp, _Compare, _Alloc>&)[m[Kâ€™
[6.847s]  1136 |     [01;36m[Koperator[m[K<(const multimap<_Key, _Tp, _Compare, _Alloc>& __x,
[6.847s]       |     [01;36m[K^~~~~~~~[m[K
[6.847s] [01m[K/usr/include/c++/9/bits/stl_multimap.h:1136:5:[m[K [01;36m[Knote: [m[K  template argument deduction/substitution failed:
[6.847s] [01m[K/home/knapp/git/order_optimizer/src/order_optimizer/src/subscriber_function.cpp:223:47:[m[K [01;36m[Knote: [m[K  â€˜[01m[Kstd::basic_ostream<char>[m[Kâ€™ is not derived from â€˜[01m[Kconst std::multimap<_Key, _Tp, _Compare, _Alloc>[m[Kâ€™
[6.847s]   223 |             std::cerr <<"unutraaaa sam"< std::[01;36m[Kendl[m[K;
[6.847s]       |                                               [01;36m[K^~~~[m[K
[6.848s] In file included from [01m[K/usr/include/c++/9/deque:67[m[K,
[6.859s]                  from [01m[K/usr/include/x86_64-linux-gnu/c++/9/bits/stdc++.h:68[m[K,
[6.859s]                  from [01m[K/home/knapp/git/order_optimizer/src/order_optimizer/src/subscriber_function.cpp:10[m[K:
[6.859s] [01m[K/usr/include/c++/9/bits/stl_deque.h:312:5:[m[K [01;36m[Knote: [m[Kcandidate: â€˜[01m[Ktemplate<class _Tp, class _Ref, class _Ptr> bool std::operator<(const std::_Deque_iterator<_Tp, _Ref, _Ptr>&, const std::_Deque_iterator<_Tp, _Ref, _Ptr>&)[m[Kâ€™
[6.860s]   312 |     [01;36m[Koperator[m[K<(const _Deque_iterator<_Tp, _Ref, _Ptr>& __x,
[6.860s]       |     [01;36m[K^~~~~~~~[m[K
[6.860s] [01m[K/usr/include/c++/9/bits/stl_deque.h:312:5:[m[K [01;36m[Knote: [m[K  template argument deduction/substitution failed:
[6.866s] [01m[K/home/knapp/git/order_optimizer/src/order_optimizer/src/subscriber_function.cpp:223:47:[m[K [01;36m[Knote: [m[K  â€˜[01m[Kstd::basic_ostream<char>[m[Kâ€™ is not derived from â€˜[01m[Kconst std::_Deque_iterator<_Tp, _Ref, _Ptr>[m[Kâ€™
[6.866s]   223 |             std::cerr <<"unutraaaa sam"< std::[01;36m[Kendl[m[K;
[6.867s]       |                                               [01;36m[K^~~~[m[K
[6.867s] In file included from [01m[K/usr/include/c++/9/deque:67[m[K,
[6.867s]                  from [01m[K/usr/include/x86_64-linux-gnu/c++/9/bits/stdc++.h:68[m[K,
[6.867s]                  from [01m[K/home/knapp/git/order_optimizer/src/order_optimizer/src/subscriber_function.cpp:10[m[K:
[6.867s] [01m[K/usr/include/c++/9/bits/stl_deque.h:320:5:[m[K [01;36m[Knote: [m[Kcandidate: â€˜[01m[Ktemplate<class _Tp, class _RefL, class _PtrL, class _RefR, class _PtrR> bool std::operator<(const std::_Deque_iterator<_Tp, _Ref, _Ptr>&, const std::_Deque_iterator<_Tp, _RefR, _PtrR>&)[m[Kâ€™
[6.867s]   320 |     [01;36m[Koperator[m[K<(const _Deque_iterator<_Tp, _RefL, _PtrL>& __x,
[6.868s]       |     [01;36m[K^~~~~~~~[m[K
[6.868s] [01m[K/usr/include/c++/9/bits/stl_deque.h:320:5:[m[K [01;36m[Knote: [m[K  template argument deduction/substitution failed:
[6.868s] [01m[K/home/knapp/git/order_optimizer/src/order_optimizer/src/subscriber_function.cpp:223:47:[m[K [01;36m[Knote: [m[K  â€˜[01m[Kstd::basic_ostream<char>[m[Kâ€™ is not derived from â€˜[01m[Kconst std::_Deque_iterator<_Tp, _Ref, _Ptr>[m[Kâ€™
[6.877s]   223 |             std::cerr <<"unutraaaa sam"< std::[01;36m[Kendl[m[K;
[6.877s]       |                                               [01;36m[K^~~~[m[K
[6.877s] In file included from [01m[K/usr/include/c++/9/deque:67[m[K,
[6.877s]                  from [01m[K/usr/include/x86_64-linux-gnu/c++/9/bits/stdc++.h:68[m[K,
[6.877s]                  from [01m[K/home/knapp/git/order_optimizer/src/order_optimizer/src/subscriber_function.cpp:10[m[K:
[6.877s] [01m[K/usr/include/c++/9/bits/stl_deque.h:2330:5:[m[K [01;36m[Knote: [m[Kcandidate: â€˜[01m[Ktemplate<class _Tp, class _Alloc> bool std::operator<(const std::deque<_Tp, _Alloc>&, const std::deque<_Tp, _Alloc>&)[m[Kâ€™
[6.878s]  2330 |     [01;36m[Koperator[m[K<(const deque<_Tp, _Alloc>& __x,
[6.878s]       |     [01;36m[K^~~~~~~~[m[K
[6.878s] [01m[K/usr/include/c++/9/bits/stl_deque.h:2330:5:[m[K [01;36m[Knote: [m[K  template argument deduction/substitution failed:
[6.878s] [01m[K/home/knapp/git/order_optimizer/src/order_optimizer/src/subscriber_function.cpp:223:47:[m[K [01;36m[Knote: [m[K  â€˜[01m[Kstd::basic_ostream<char>[m[Kâ€™ is not derived from â€˜[01m[Kconst std::deque<_Tp, _Alloc>[m[Kâ€™
[6.878s]   223 |             std::cerr <<"unutraaaa sam"< std::[01;36m[Kendl[m[K;
[6.878s]       |                                               [01;36m[K^~~~[m[K
[6.878s] In file included from [01m[K/usr/include/c++/9/queue:64[m[K,
[6.879s]                  from [01m[K/usr/include/x86_64-linux-gnu/c++/9/bits/stdc++.h:86[m[K,
[6.879s]                  from [01m[K/home/knapp/git/order_optimizer/src/order_optimizer/src/subscriber_function.cpp:10[m[K:
[6.879s] [01m[K/usr/include/c++/9/bits/stl_queue.h:356:5:[m[K [01;36m[Knote: [m[Kcandidate: â€˜[01m[Ktemplate<class _Tp, class _Seq> bool std::operator<(const std::queue<_Tp, _Seq>&, const std::queue<_Tp, _Seq>&)[m[Kâ€™
[6.879s]   356 |     [01;36m[Koperator[m[K<(const queue<_Tp, _Seq>& __x, const queue<_Tp, _Seq>& __y)
[6.879s]       |     [01;36m[K^~~~~~~~[m[K
[6.879s] [01m[K/usr/include/c++/9/bits/stl_queue.h:356:5:[m[K [01;36m[Knote: [m[K  template argument deduction/substitution failed:
[6.879s] [01m[K/home/knapp/git/order_optimizer/src/order_optimizer/src/subscriber_function.cpp:223:47:[m[K [01;36m[Knote: [m[K  â€˜[01m[Kstd::basic_ostream<char>[m[Kâ€™ is not derived from â€˜[01m[Kconst std::queue<_Tp, _Seq>[m[Kâ€™
[6.892s]   223 |             std::cerr <<"unutraaaa sam"< std::[01;36m[Kendl[m[K;
[6.893s]       |                                               [01;36m[K^~~~[m[K
[6.893s] In file included from [01m[K/usr/include/c++/9/stack:61[m[K,
[6.893s]                  from [01m[K/usr/include/x86_64-linux-gnu/c++/9/bits/stdc++.h:89[m[K,
[6.893s]                  from [01m[K/home/knapp/git/order_optimizer/src/order_optimizer/src/subscriber_function.cpp:10[m[K:
[6.893s] [01m[K/usr/include/c++/9/bits/stl_stack.h:331:5:[m[K [01;36m[Knote: [m[Kcandidate: â€˜[01m[Ktemplate<class _Tp, class _Seq> bool std::operator<(const std::stack<_Tp, _Seq>&, const std::stack<_Tp, _Seq>&)[m[Kâ€™
[6.893s]   331 |     [01;36m[Koperator[m[K<(const stack<_Tp, _Seq>& __x, const stack<_Tp, _Seq>& __y)
[6.893s]       |     [01;36m[K^~~~~~~~[m[K
[6.894s] [01m[K/usr/include/c++/9/bits/stl_stack.h:331:5:[m[K [01;36m[Knote: [m[K  template argument deduction/substitution failed:
[6.894s] [01m[K/home/knapp/git/order_optimizer/src/order_optimizer/src/subscriber_function.cpp:223:47:[m[K [01;36m[Knote: [m[K  â€˜[01m[Kstd::basic_ostream<char>[m[Kâ€™ is not derived from â€˜[01m[Kconst std::stack<_Tp, _Seq>[m[Kâ€™
[6.894s]   223 |             std::cerr <<"unutraaaa sam"< std::[01;36m[Kendl[m[K;
[6.894s]       |                                               [01;36m[K^~~~[m[K
[6.894s] In file included from [01m[K/usr/include/c++/9/valarray:603[m[K,
[6.894s]                  from [01m[K/usr/include/x86_64-linux-gnu/c++/9/bits/stdc++.h:95[m[K,
[6.894s]                  from [01m[K/home/knapp/git/order_optimizer/src/order_optimizer/src/subscriber_function.cpp:10[m[K:
[6.895s] [01m[K/usr/include/c++/9/bits/valarray_after.h:419:5:[m[K [01;36m[Knote: [m[Kcandidate: â€˜[01m[Ktemplate<class _Dom1, class _Dom2> std::_Expr<std::__detail::_BinClos<std::__less, std::_Expr, std::_Expr, _Dom1, _Dom2>, typename std::__fun<std::__less, typename _Dom1::value_type>::result_type> std::operator<(const std::_Expr<_Dom1, typename _Dom1::value_type>&, const std::_Expr<_Dom2, typename _Dom2::value_type>&)[m[Kâ€™
[6.895s]   419 |     [01;36m[K_DEFINE_EXPR_BINARY_OPERATOR[m[K(<, __less)
[6.895s]       |     [01;36m[K^~~~~~~~~~~~~~~~~~~~~~~~~~~~[m[K
[6.895s] [01m[K/usr/include/c++/9/bits/valarray_after.h:419:5:[m[K [01;36m[Knote: [m[K  template argument deduction/substitution failed:
[6.895s] [01m[K/home/knapp/git/order_optimizer/src/order_optimizer/src/subscriber_function.cpp:223:47:[m[K [01;36m[Knote: [m[K  â€˜[01m[Kstd::basic_ostream<char>[m[Kâ€™ is not derived from â€˜[01m[Kconst std::_Expr<_Dom1, typename _Dom1::value_type>[m[Kâ€™
[6.895s]   223 |             std::cerr <<"unutraaaa sam"< std::[01;36m[Kendl[m[K;
[6.896s]       |                                               [01;36m[K^~~~[m[K
[6.907s] In file included from [01m[K/usr/include/c++/9/valarray:603[m[K,
[6.907s]                  from [01m[K/usr/include/x86_64-linux-gnu/c++/9/bits/stdc++.h:95[m[K,
[6.907s]                  from [01m[K/home/knapp/git/order_optimizer/src/order_optimizer/src/subscriber_function.cpp:10[m[K:
[6.907s] [01m[K/usr/include/c++/9/bits/valarray_after.h:419:5:[m[K [01;36m[Knote: [m[Kcandidate: â€˜[01m[Ktemplate<class _Dom> std::_Expr<std::__detail::_BinClos<std::__less, std::_Expr, std::_Constant, _Dom, typename _Dom::value_type>, typename std::__fun<std::__less, typename _Dom1::value_type>::result_type> std::operator<(const std::_Expr<_Dom1, typename _Dom1::value_type>&, const typename _Dom::value_type&)[m[Kâ€™
[6.907s]   419 |     [01;36m[K_DEFINE_EXPR_BINARY_OPERATOR[m[K(<, __less)
[6.907s]       |     [01;36m[K^~~~~~~~~~~~~~~~~~~~~~~~~~~~[m[K
[6.908s] [01m[K/usr/include/c++/9/bits/valarray_after.h:419:5:[m[K [01;36m[Knote: [m[K  template argument deduction/substitution failed:
[6.908s] [01m[K/home/knapp/git/order_optimizer/src/order_optimizer/src/subscriber_function.cpp:223:47:[m[K [01;36m[Knote: [m[K  â€˜[01m[Kstd::basic_ostream<char>[m[Kâ€™ is not derived from â€˜[01m[Kconst std::_Expr<_Dom1, typename _Dom1::value_type>[m[Kâ€™
[6.908s]   223 |             std::cerr <<"unutraaaa sam"< std::[01;36m[Kendl[m[K;
[6.908s]       |                                               [01;36m[K^~~~[m[K
[6.908s] In file included from [01m[K/usr/include/c++/9/valarray:603[m[K,
[6.908s]                  from [01m[K/usr/include/x86_64-linux-gnu/c++/9/bits/stdc++.h:95[m[K,
[6.908s]                  from [01m[K/home/knapp/git/order_optimizer/src/order_optimizer/src/subscriber_function.cpp:10[m[K:
[6.913s] [01m[K/usr/include/c++/9/bits/valarray_after.h:419:5:[m[K [01;36m[Knote: [m[Kcandidate: â€˜[01m[Ktemplate<class _Dom> std::_Expr<std::__detail::_BinClos<std::__less, std::_Constant, std::_Expr, typename _Dom::value_type, _Dom>, typename std::__fun<std::__less, typename _Dom1::value_type>::result_type> std::operator<(const typename _Dom::value_type&, const std::_Expr<_Dom1, typename _Dom1::value_type>&)[m[Kâ€™
[6.913s]   419 |     [01;36m[K_DEFINE_EXPR_BINARY_OPERATOR[m[K(<, __less)
[6.913s]       |     [01;36m[K^~~~~~~~~~~~~~~~~~~~~~~~~~~~[m[K
[6.913s] [01m[K/usr/include/c++/9/bits/valarray_after.h:419:5:[m[K [01;36m[Knote: [m[K  template argument deduction/substitution failed:
[6.913s] [01m[K/home/knapp/git/order_optimizer/src/order_optimizer/src/subscriber_function.cpp:223:47:[m[K [01;36m[Knote: [m[K  couldnâ€™t deduce template parameter â€˜[01m[K_Dom[m[Kâ€™
[6.914s]   223 |             std::cerr <<"unutraaaa sam"< std::[01;36m[Kendl[m[K;
[6.914s]       |                                               [01;36m[K^~~~[m[K
[6.914s] In file included from [01m[K/usr/include/c++/9/valarray:603[m[K,
[6.914s]                  from [01m[K/usr/include/x86_64-linux-gnu/c++/9/bits/stdc++.h:95[m[K,
[6.914s]                  from [01m[K/home/knapp/git/order_optimizer/src/order_optimizer/src/subscriber_function.cpp:10[m[K:
[6.914s] [01m[K/usr/include/c++/9/bits/valarray_after.h:419:5:[m[K [01;36m[Knote: [m[Kcandidate: â€˜[01m[Ktemplate<class _Dom> std::_Expr<std::__detail::_BinClos<std::__less, std::_Expr, std::_ValArray, _Dom, typename _Dom::value_type>, typename std::__fun<std::__less, typename _Dom1::value_type>::result_type> std::operator<(const std::_Expr<_Dom1, typename _Dom1::value_type>&, const std::valarray<typename _Dom::value_type>&)[m[Kâ€™
[6.914s]   419 |     [01;36m[K_DEFINE_EXPR_BINARY_OPERATOR[m[K(<, __less)
[6.915s]       |     [01;36m[K^~~~~~~~~~~~~~~~~~~~~~~~~~~~[m[K
[6.915s] [01m[K/usr/include/c++/9/bits/valarray_after.h:419:5:[m[K [01;36m[Knote: [m[K  template argument deduction/substitution failed:
[6.915s] [01m[K/home/knapp/git/order_optimizer/src/order_optimizer/src/subscriber_function.cpp:223:47:[m[K [01;36m[Knote: [m[K  â€˜[01m[Kstd::basic_ostream<char>[m[Kâ€™ is not derived from â€˜[01m[Kconst std::_Expr<_Dom1, typename _Dom1::value_type>[m[Kâ€™
[6.916s]   223 |             std::cerr <<"unutraaaa sam"< std::[01;36m[Kendl[m[K;
[6.920s]       |                                               [01;36m[K^~~~[m[K
[6.920s] In file included from [01m[K/usr/include/c++/9/valarray:603[m[K,
[6.920s]                  from [01m[K/usr/include/x86_64-linux-gnu/c++/9/bits/stdc++.h:95[m[K,
[6.920s]                  from [01m[K/home/knapp/git/order_optimizer/src/order_optimizer/src/subscriber_function.cpp:10[m[K:
[6.920s] [01m[K/usr/include/c++/9/bits/valarray_after.h:419:5:[m[K [01;36m[Knote: [m[Kcandidate: â€˜[01m[Ktemplate<class _Dom> std::_Expr<std::__detail::_BinClos<std::__less, std::_ValArray, std::_Expr, typename _Dom::value_type, _Dom>, typename std::__fun<std::__less, typename _Dom1::value_type>::result_type> std::operator<(const std::valarray<typename _Dom::value_type>&, const std::_Expr<_Dom1, typename _Dom1::value_type>&)[m[Kâ€™
[6.921s]   419 |     [01;36m[K_DEFINE_EXPR_BINARY_OPERATOR[m[K(<, __less)
[6.921s]       |     [01;36m[K^~~~~~~~~~~~~~~~~~~~~~~~~~~~[m[K
[6.921s] [01m[K/usr/include/c++/9/bits/valarray_after.h:419:5:[m[K [01;36m[Knote: [m[K  template argument deduction/substitution failed:
[6.921s] [01m[K/home/knapp/git/order_optimizer/src/order_optimizer/src/subscriber_function.cpp:223:47:[m[K [01;36m[Knote: [m[K  couldnâ€™t deduce template parameter â€˜[01m[K_Dom[m[Kâ€™
[6.921s]   223 |             std::cerr <<"unutraaaa sam"< std::[01;36m[Kendl[m[K;
[6.921s]       |                                               [01;36m[K^~~~[m[K
[6.921s] In file included from [01m[K/usr/include/x86_64-linux-gnu/c++/9/bits/stdc++.h:95[m[K,
[6.922s]                  from [01m[K/home/knapp/git/order_optimizer/src/order_optimizer/src/subscriber_function.cpp:10[m[K:
[6.922s] [01m[K/usr/include/c++/9/valarray:1199:1:[m[K [01;36m[Knote: [m[Kcandidate: â€˜[01m[Ktemplate<class _Tp> std::_Expr<std::__detail::_BinClos<std::__less, std::_ValArray, std::_ValArray, _Tp, _Tp>, typename std::__fun<std::__less, _Tp>::result_type> std::operator<(const std::valarray<_Tp>&, const std::valarray<_Tp>&)[m[Kâ€™
[6.922s]  1199 | [01;36m[K_DEFINE_BINARY_OPERATOR[m[K(<, __less)
[6.922s]       | [01;36m[K^~~~~~~~~~~~~~~~~~~~~~~[m[K
[6.922s] [01m[K/usr/include/c++/9/valarray:1199:1:[m[K [01;36m[Knote: [m[K  template argument deduction/substitution failed:
[6.922s] [01m[K/home/knapp/git/order_optimizer/src/order_optimizer/src/subscriber_function.cpp:223:47:[m[K [01;36m[Knote: [m[K  â€˜[01m[Kstd::basic_ostream<char>[m[Kâ€™ is not derived from â€˜[01m[Kconst std::valarray<_Tp>[m[Kâ€™
[6.922s]   223 |             std::cerr <<"unutraaaa sam"< std::[01;36m[Kendl[m[K;
[6.922s]       |                                               [01;36m[K^~~~[m[K
[6.923s] In file included from [01m[K/usr/include/x86_64-linux-gnu/c++/9/bits/stdc++.h:95[m[K,
[6.923s]                  from [01m[K/home/knapp/git/order_optimizer/src/order_optimizer/src/subscriber_function.cpp:10[m[K:
[6.923s] [01m[K/usr/include/c++/9/valarray:1199:1:[m[K [01;36m[Knote: [m[Kcandidate: â€˜[01m[Ktemplate<class _Tp> std::_Expr<std::__detail::_BinClos<std::__less, std::_ValArray, std::_Constant, _Tp, _Tp>, typename std::__fun<std::__less, _Tp>::result_type> std::operator<(const std::valarray<_Tp>&, const typename std::valarray<_Tp>::value_type&)[m[Kâ€™
[6.923s]  1199 | [01;36m[K_DEFINE_BINARY_OPERATOR[m[K(<, __less)
[6.923s]       | [01;36m[K^~~~~~~~~~~~~~~~~~~~~~~[m[K
[6.923s] [01m[K/usr/include/c++/9/valarray:1199:1:[m[K [01;36m[Knote: [m[K  template argument deduction/substitution failed:
[6.923s] [01m[K/home/knapp/git/order_optimizer/src/order_optimizer/src/subscriber_function.cpp:223:47:[m[K [01;36m[Knote: [m[K  â€˜[01m[Kstd::basic_ostream<char>[m[Kâ€™ is not derived from â€˜[01m[Kconst std::valarray<_Tp>[m[Kâ€™
[6.923s]   223 |             std::cerr <<"unutraaaa sam"< std::[01;36m[Kendl[m[K;
[6.924s]       |                                               [01;36m[K^~~~[m[K
[6.924s] In file included from [01m[K/usr/include/x86_64-linux-gnu/c++/9/bits/stdc++.h:95[m[K,
[6.924s]                  from [01m[K/home/knapp/git/order_optimizer/src/order_optimizer/src/subscriber_function.cpp:10[m[K:
[6.932s] [01m[K/usr/include/c++/9/valarray:1199:1:[m[K [01;36m[Knote: [m[Kcandidate: â€˜[01m[Ktemplate<class _Tp> std::_Expr<std::__detail::_BinClos<std::__less, std::_Constant, std::_ValArray, _Tp, _Tp>, typename std::__fun<std::__less, _Tp>::result_type> std::operator<(const typename std::valarray<_Tp>::value_type&, const std::valarray<_Tp>&)[m[Kâ€™
[6.932s]  1199 | [01;36m[K_DEFINE_BINARY_OPERATOR[m[K(<, __less)
[6.932s]       | [01;36m[K^~~~~~~~~~~~~~~~~~~~~~~[m[K
[6.932s] [01m[K/usr/include/c++/9/valarray:1199:1:[m[K [01;36m[Knote: [m[K  template argument deduction/substitution failed:
[6.932s] [01m[K/home/knapp/git/order_optimizer/src/order_optimizer/src/subscriber_function.cpp:223:47:[m[K [01;36m[Knote: [m[K  couldnâ€™t deduce template parameter â€˜[01m[K_Tp[m[Kâ€™
[6.933s]   223 |             std::cerr <<"unutraaaa sam"< std::[01;36m[Kendl[m[K;
[6.933s]       |                                               [01;36m[K^~~~[m[K
[6.933s] In file included from [01m[K/usr/include/c++/9/forward_list:38[m[K,
[6.933s]                  from [01m[K/usr/include/x86_64-linux-gnu/c++/9/bits/stdc++.h:104[m[K,
[6.933s]                  from [01m[K/home/knapp/git/order_optimizer/src/order_optimizer/src/subscriber_function.cpp:10[m[K:
[6.933s] [01m[K/usr/include/c++/9/bits/forward_list.h:1443:5:[m[K [01;36m[Knote: [m[Kcandidate: â€˜[01m[Ktemplate<class _Tp, class _Alloc> bool std::operator<(const std::forward_list<_Tp, _Alloc>&, const std::forward_list<_Tp, _Alloc>&)[m[Kâ€™
[6.933s]  1443 |     [01;36m[Koperator[m[K<(const forward_list<_Tp, _Alloc>& __lx,
[6.933s]       |     [01;36m[K^~~~~~~~[m[K
[6.934s] [01m[K/usr/include/c++/9/bits/forward_list.h:1443:5:[m[K [01;36m[Knote: [m[K  template argument deduction/substitution failed:
[6.934s] [01m[K/home/knapp/git/order_optimizer/src/order_optimizer/src/subscriber_function.cpp:223:47:[m[K [01;36m[Knote: [m[K  â€˜[01m[Kstd::basic_ostream<char>[m[Kâ€™ is not derived from â€˜[01m[Kconst std::forward_list<_Tp, _Alloc>[m[Kâ€™
[6.934s]   223 |             std::cerr <<"unutraaaa sam"< std::[01;36m[Kendl[m[K;
[6.934s]       |                                               [01;36m[K^~~~[m[K
[11.918s] make[2]: *** [CMakeFiles/OrderOptimizer.dir/build.make:63: CMakeFiles/OrderOptimizer.dir/src/subscriber_function.cpp.o] Error 1
[11.920s] make[1]: *** [CMakeFiles/Makefile2:80: CMakeFiles/OrderOptimizer.dir/all] Error 2
[11.920s] make: *** [Makefile:141: all] Error 2
[11.926s] Invoked command in '/home/knapp/git/order_optimizer/build/order_optimizer' returned '2': CMAKE_PREFIX_PATH=${CMAKE_PREFIX_PATH}:/home/knapp/ros2_foxy/install/ros2bag:/home/knapp/ros2_foxy/install/tracetools_launch:/home/knapp/ros2_foxy/install/topic_monitor:/home/knapp/ros2_foxy/install/examples_tf2_py:/home/knapp/ros2_foxy/install/sros2:/home/knapp/ros2_foxy/install/rqt_topic:/home/knapp/ros2_foxy/install/rqt_top:/home/knapp/ros2_foxy/install/rqt_srv:/home/knapp/ros2_foxy/install/rqt_shell:/home/knapp/ros2_foxy/install/rqt_service_caller:/home/knapp/ros2_foxy/install/rqt_reconfigure:/home/knapp/ros2_foxy/install/rqt_py_console:/home/knapp/ros2_foxy/install/rqt_publisher:/home/knapp/ros2_foxy/install/rqt_plot:/home/knapp/ros2_foxy/install/rqt_action:/home/knapp/ros2_foxy/install/rqt_msg:/home/knapp/ros2_foxy/install/rqt:/home/knapp/ros2_foxy/install/rqt_graph:/home/knapp/ros2_foxy/install/rqt_gui_py:/home/knapp/ros2_foxy/install/rqt_gui:/home/knapp/ros2_foxy/install/ros2trace:/home/knapp/ros2_foxy/install/ros2topic:/home/knapp/ros2_foxy/install/ros2test:/home/knapp/ros2_foxy/install/ros2component:/home/knapp/ros2_foxy/install/ros2param:/home/knapp/ros2_foxy/install/ros2lifecycle:/home/knapp/ros2_foxy/install/ros2service:/home/knapp/ros2_foxy/install/ros2run:/home/knapp/ros2_foxy/install/ros2launch:/home/knapp/ros2_foxy/install/ros2pkg:/home/knapp/ros2_foxy/install/ros2node:/home/knapp/ros2_foxy/install/ros2multicast:/home/knapp/ros2_foxy/install/ros2interface:/home/knapp/ros2_foxy/install/ros2doctor:/home/knapp/ros2_foxy/install/ros2action:/home/knapp/ros2_foxy/install/ros2cli:/home/knapp/ros2_foxy/install/quality_of_service_demo_py:/home/knapp/ros2_foxy/install/launch_testing_ros:/home/knapp/ros2_foxy/install/launch_ros:/home/knapp/ros2_foxy/install/examples_rclpy_minimal_subscriber:/home/knapp/ros2_foxy/install/examples_rclpy_minimal_service:/home/knapp/ros2_foxy/install/examples_rclpy_minimal_publisher:/home/knapp/ros2_foxy/install/examples_rclpy_minimal_client:/home/knapp/ros2_foxy/install/examples_rclpy_minimal_action_server:/home/knapp/ros2_foxy/install/examples_rclpy_minimal_action_client:/home/knapp/ros2_foxy/install/examples_rclpy_executors:/home/knapp/ros2_foxy/install/demo_nodes_py:/home/knapp/ros2_foxy/install/action_tutorials_py:/home/knapp/ros2_foxy/install/ament_uncrustify:/home/knapp/ros2_foxy/install/tracetools_trace:/home/knapp/ros2_foxy/install/tracetools_read:/home/knapp/ros2_foxy/install/test_launch_ros:/home/knapp/ros2_foxy/install/sensor_msgs_py:/home/knapp/ros2_foxy/install/rpyutils:/home/knapp/ros2_foxy/install/rosidl_runtime_py:/home/knapp/ros2_foxy/install/launch_yaml:/home/knapp/ros2_foxy/install/launch_xml:/home/knapp/ros2_foxy/install/launch_testing:/home/knapp/ros2_foxy/install/launch:/home/knapp/ros2_foxy/install/osrf_pycommon:/home/knapp/ros2_foxy/install/domain_coordinator:/home/knapp/ros2_foxy/install/ament_xmllint:/home/knapp/ros2_foxy/install/ament_pyflakes:/home/knapp/ros2_foxy/install/ament_pycodestyle:/home/knapp/ros2_foxy/install/ament_pep257:/home/knapp/ros2_foxy/install/ament_pclint:/home/knapp/ros2_foxy/install/ament_package:/home/knapp/ros2_foxy/install/ament_mypy:/home/knapp/ros2_foxy/install/ament_lint_cmake:/home/knapp/ros2_foxy/install/ament_flake8:/home/knapp/ros2_foxy/install/ament_copyright:/home/knapp/ros2_foxy/install/ament_lint:/home/knapp/ros2_foxy/install/ament_index_python:/home/knapp/ros2_foxy/install/ament_cpplint:/home/knapp/ros2_foxy/install/ament_cppcheck:/home/knapp/ros2_foxy/install/ament_clang_tidy:/home/knapp/ros2_foxy/install/ament_clang_format /usr/bin/cmake --build /home/knapp/git/order_optimizer/build/order_optimizer -- -j1 -l1
