[0.204s] Invoking command in '/home/knapp/git/order_optimizer/build/order_optimizer': CMAKE_PREFIX_PATH=${CMAKE_PREFIX_PATH}:/home/knapp/ros2_foxy/install/ros2bag:/home/knapp/ros2_foxy/install/tracetools_launch:/home/knapp/ros2_foxy/install/topic_monitor:/home/knapp/ros2_foxy/install/examples_tf2_py:/home/knapp/ros2_foxy/install/sros2:/home/knapp/ros2_foxy/install/rqt_topic:/home/knapp/ros2_foxy/install/rqt_top:/home/knapp/ros2_foxy/install/rqt_srv:/home/knapp/ros2_foxy/install/rqt_shell:/home/knapp/ros2_foxy/install/rqt_service_caller:/home/knapp/ros2_foxy/install/rqt_reconfigure:/home/knapp/ros2_foxy/install/rqt_py_console:/home/knapp/ros2_foxy/install/rqt_publisher:/home/knapp/ros2_foxy/install/rqt_plot:/home/knapp/ros2_foxy/install/rqt_action:/home/knapp/ros2_foxy/install/rqt_msg:/home/knapp/ros2_foxy/install/rqt:/home/knapp/ros2_foxy/install/rqt_graph:/home/knapp/ros2_foxy/install/rqt_gui_py:/home/knapp/ros2_foxy/install/rqt_gui:/home/knapp/ros2_foxy/install/ros2trace:/home/knapp/ros2_foxy/install/ros2topic:/home/knapp/ros2_foxy/install/ros2test:/home/knapp/ros2_foxy/install/ros2component:/home/knapp/ros2_foxy/install/ros2param:/home/knapp/ros2_foxy/install/ros2lifecycle:/home/knapp/ros2_foxy/install/ros2service:/home/knapp/ros2_foxy/install/ros2run:/home/knapp/ros2_foxy/install/ros2launch:/home/knapp/ros2_foxy/install/ros2pkg:/home/knapp/ros2_foxy/install/ros2node:/home/knapp/ros2_foxy/install/ros2multicast:/home/knapp/ros2_foxy/install/ros2interface:/home/knapp/ros2_foxy/install/ros2doctor:/home/knapp/ros2_foxy/install/ros2action:/home/knapp/ros2_foxy/install/ros2cli:/home/knapp/ros2_foxy/install/quality_of_service_demo_py:/home/knapp/ros2_foxy/install/launch_testing_ros:/home/knapp/ros2_foxy/install/launch_ros:/home/knapp/ros2_foxy/install/examples_rclpy_minimal_subscriber:/home/knapp/ros2_foxy/install/examples_rclpy_minimal_service:/home/knapp/ros2_foxy/install/examples_rclpy_minimal_publisher:/home/knapp/ros2_foxy/install/examples_rclpy_minimal_client:/home/knapp/ros2_foxy/install/examples_rclpy_minimal_action_server:/home/knapp/ros2_foxy/install/examples_rclpy_minimal_action_client:/home/knapp/ros2_foxy/install/examples_rclpy_executors:/home/knapp/ros2_foxy/install/demo_nodes_py:/home/knapp/ros2_foxy/install/action_tutorials_py:/home/knapp/ros2_foxy/install/ament_uncrustify:/home/knapp/ros2_foxy/install/tracetools_trace:/home/knapp/ros2_foxy/install/tracetools_read:/home/knapp/ros2_foxy/install/test_launch_ros:/home/knapp/ros2_foxy/install/sensor_msgs_py:/home/knapp/ros2_foxy/install/rpyutils:/home/knapp/ros2_foxy/install/rosidl_runtime_py:/home/knapp/ros2_foxy/install/launch_yaml:/home/knapp/ros2_foxy/install/launch_xml:/home/knapp/ros2_foxy/install/launch_testing:/home/knapp/ros2_foxy/install/launch:/home/knapp/ros2_foxy/install/osrf_pycommon:/home/knapp/ros2_foxy/install/domain_coordinator:/home/knapp/ros2_foxy/install/ament_xmllint:/home/knapp/ros2_foxy/install/ament_pyflakes:/home/knapp/ros2_foxy/install/ament_pycodestyle:/home/knapp/ros2_foxy/install/ament_pep257:/home/knapp/ros2_foxy/install/ament_pclint:/home/knapp/ros2_foxy/install/ament_package:/home/knapp/ros2_foxy/install/ament_mypy:/home/knapp/ros2_foxy/install/ament_lint_cmake:/home/knapp/ros2_foxy/install/ament_flake8:/home/knapp/ros2_foxy/install/ament_copyright:/home/knapp/ros2_foxy/install/ament_lint:/home/knapp/ros2_foxy/install/ament_index_python:/home/knapp/ros2_foxy/install/ament_cpplint:/home/knapp/ros2_foxy/install/ament_cppcheck:/home/knapp/ros2_foxy/install/ament_clang_tidy:/home/knapp/ros2_foxy/install/ament_clang_format /usr/bin/cmake --build /home/knapp/git/order_optimizer/build/order_optimizer -- -j1 -l1
[0.794s] [35m[1mScanning dependencies of target OrderOptimizer[0m
[0.911s] [ 25%] [32mBuilding CXX object CMakeFiles/OrderOptimizer.dir/src/subscriber_function.cpp.o[0m
[7.683s] [01m[K/home/knapp/git/order_optimizer/src/order_optimizer/src/subscriber_function.cpp:75:70:[m[K [01;31m[Kerror: [m[Kdeclaration of â€˜[01m[Kdistances[m[Kâ€™ as multidimensional array must have bounds for all dimensions except the first
[7.683s]    75 |     int printSolution(int dist[], int n, struct order order_, double [01;31m[Kdistances[m[K[][])
[7.683s]       |                                                                      [01;31m[K^~~~~~~~~[m[K
[7.683s] [01m[K/home/knapp/git/order_optimizer/src/order_optimizer/src/subscriber_function.cpp:92:26:[m[K [01;31m[Kerror: [m[Kdeclaration of â€˜[01m[Kgraph[m[Kâ€™ as multidimensional array must have bounds for all dimensions except the first
[7.683s]    92 |     void dijkstra(double [01;31m[Kgraph[m[K[][], int src, int V, struct order order_)
[7.684s]       |                          [01;31m[K^~~~~[m[K
[7.686s] [01m[K/home/knapp/git/order_optimizer/src/order_optimizer/src/subscriber_function.cpp:92:35:[m[K [01;31m[Kerror: [m[Kexpected â€˜[01m[K)[m[Kâ€™ before â€˜[01m[K,[m[Kâ€™ token
[7.686s]    92 |     void dijkstra[34m[K([m[Kdouble graph[][][01;31m[K,[m[K int src, int V, struct order order_)
[7.686s]       |                  [34m[K~[m[K                [01;31m[K^[m[K
[7.687s]       |                                   [32m[K)[m[K
[7.687s] [01m[K/home/knapp/git/order_optimizer/src/order_optimizer/src/subscriber_function.cpp:92:37:[m[K [01;31m[Kerror: [m[Kexpected unqualified-id before â€˜[01m[Kint[m[Kâ€™
[7.688s]    92 |     void dijkstra(double graph[][], [01;31m[Kint[m[K src, int V, struct order order_)
[7.688s]       |                                     [01;31m[K^~~[m[K
[7.689s] [01m[K/home/knapp/git/order_optimizer/src/order_optimizer/src/subscriber_function.cpp:187:40:[m[K [01;31m[Kerror: [m[Kdeclaration of â€˜[01m[Kdistances[m[Kâ€™ as array of references
[7.689s]   187 |    void create_distance_matrix(double &[01;31m[Kdistances[m[K[][], struct order order_) {
[7.690s]       |                                        [01;31m[K^~~~~~~~~[m[K
[7.690s] [01m[K/home/knapp/git/order_optimizer/src/order_optimizer/src/subscriber_function.cpp:187:53:[m[K [01;31m[Kerror: [m[Kexpected â€˜[01m[K)[m[Kâ€™ before â€˜[01m[K,[m[Kâ€™ token
[7.690s]   187 |    void create_distance_matrix[34m[K([m[Kdouble &distances[][][01;31m[K,[m[K struct order order_) {
[7.693s]       |                               [34m[K~[m[K                     [01;31m[K^[m[K
[7.693s]       |                                                     [32m[K)[m[K
[7.693s] [01m[K/home/knapp/git/order_optimizer/src/order_optimizer/src/subscriber_function.cpp:187:55:[m[K [01;31m[Kerror: [m[Kexpected unqualified-id before â€˜[01m[Kstruct[m[Kâ€™
[7.694s]   187 |    void create_distance_matrix(double &distances[][], [01;31m[Kstruct[m[K order order_) {
[7.699s]       |                                                       [01;31m[K^~~~~~[m[K
[7.787s] [01m[K/home/knapp/git/order_optimizer/src/order_optimizer/src/subscriber_function.cpp:[m[K In member function â€˜[01m[Kint OrderOptimizer::printSolution(...)[m[Kâ€™:
[7.787s] [01m[K/home/knapp/git/order_optimizer/src/order_optimizer/src/subscriber_function.cpp:77:43:[m[K [01;31m[Kerror: [m[Kâ€˜[01m[Korder_[m[Kâ€™ was not declared in this scope; did you mean â€˜[01m[Korder[m[Kâ€™?
[7.787s]    77 |         std::cerr <<"Working on order "<< [01;31m[Korder_[m[K.order << "(some des TODO)"<<std::endl;
[7.788s]       |                                           [01;31m[K^~~~~~[m[K
[7.788s]       |                                           [32m[Korder[m[K
[7.790s] [01m[K/home/knapp/git/order_optimizer/src/order_optimizer/src/subscriber_function.cpp:78:21:[m[K [01;31m[Kerror: [m[Kâ€˜[01m[KV[m[Kâ€™ was not declared in this scope
[7.791s]    78 |         std::cerr <<[01;31m[KV[m[K-1<<".  Starting with given destinatation x: "<<order_.products.at(0).cx<", y: "<<order_.products.at(0).cy<<std::endl;
[7.791s]       |                     [01;31m[K^[m[K
[7.801s] [01m[K/home/knapp/git/order_optimizer/src/order_optimizer/src/subscriber_function.cpp:81:21:[m[K [01;31m[Kerror: [m[Kâ€˜[01m[Kdistances[m[Kâ€™ was not declared in this scope
[7.801s]    81 |                 if ([01;31m[Kdistances[m[K[j][i]==dist[i]){
[7.801s]       |                     [01;31m[K^~~~~~~~~[m[K
[7.804s] [01m[K/home/knapp/git/order_optimizer/src/order_optimizer/src/subscriber_function.cpp:81:38:[m[K [01;31m[Kerror: [m[Kâ€˜[01m[Kdist[m[Kâ€™ was not declared in this scope
[7.804s]    81 |                 if (distances[j][i]==[01;31m[Kdist[m[K[i]){
[7.805s]       |                                      [01;31m[K^~~~[m[K
[7.806s] [01m[K/home/knapp/git/order_optimizer/src/order_optimizer/src/subscriber_function.cpp:88:5:[m[K [01;35m[Kwarning: [m[Kno return statement in function returning non-void [[01;35m[K-Wreturn-type[m[K]
[7.806s]    88 |     [01;35m[K}[m[K
[7.807s]       |     [01;35m[K^[m[K
[7.814s] [01m[K/home/knapp/git/order_optimizer/src/order_optimizer/src/subscriber_function.cpp:[m[K In member function â€˜[01m[Kvoid OrderOptimizer::fill_product_part(int, std::string, std::string, double, double, std::vector<product_part>&)[m[Kâ€™:
[7.815s] [01m[K/home/knapp/git/order_optimizer/src/order_optimizer/src/subscriber_function.cpp:133:28:[m[K [01;31m[Kerror: [m[Kâ€˜[01m[Kpr[m[Kâ€™ was not declared in this scope; did you mean â€˜[01m[Kpart[m[Kâ€™?
[7.815s]   133 |         product_part_.id = [01;31m[Kpr[m[K.id;
[7.815s]       |                            [01;31m[K^~[m[K
[7.816s]       |                            [32m[Kpart[m[K
[7.818s] [01m[K/home/knapp/git/order_optimizer/src/order_optimizer/src/subscriber_function.cpp:135:29:[m[K [01;31m[Kerror: [m[Kâ€˜[01m[Kp[m[Kâ€™ was not declared in this scope
[7.820s]   135 |         product_part_.part= [01;31m[Kp[m[K.part;
[7.820s]       |                             [01;31m[K^[m[K
[7.821s] [01m[K/home/knapp/git/order_optimizer/src/order_optimizer/src/subscriber_function.cpp:131:32:[m[K [01;35m[Kwarning: [m[Kunused parameter â€˜[01m[Kid[m[Kâ€™ [[01;35m[K-Wunused-parameter[m[K]
[7.821s]   131 |     void fill_product_part([01;35m[Kint id[m[K, std::string product, std::string part, double cx, double cy, vector < struct product_part> &products_){
[7.821s]       |                            [01;35m[K~~~~^~[m[K
[7.821s] [01m[K/home/knapp/git/order_optimizer/src/order_optimizer/src/subscriber_function.cpp:131:48:[m[K [01;35m[Kwarning: [m[Kunused parameter â€˜[01m[Kproduct[m[Kâ€™ [[01;35m[K-Wunused-parameter[m[K]
[7.822s]   131 |     void fill_product_part(int id, [01;35m[Kstd::string product[m[K, std::string part, double cx, double cy, vector < struct product_part> &products_){
[7.822s]       |                                    [01;35m[K~~~~~~~~~~~~^~~~~~~[m[K
[7.822s] [01m[K/home/knapp/git/order_optimizer/src/order_optimizer/src/subscriber_function.cpp:131:69:[m[K [01;35m[Kwarning: [m[Kunused parameter â€˜[01m[Kpart[m[Kâ€™ [[01;35m[K-Wunused-parameter[m[K]
[7.822s]   131 |     void fill_product_part(int id, std::string product, [01;35m[Kstd::string part[m[K, double cx, double cy, vector < struct product_part> &products_){
[7.822s]       |                                                         [01;35m[K~~~~~~~~~~~~^~~~[m[K
[7.823s] [01m[K/home/knapp/git/order_optimizer/src/order_optimizer/src/subscriber_function.cpp:131:82:[m[K [01;35m[Kwarning: [m[Kunused parameter â€˜[01m[Kcx[m[Kâ€™ [[01;35m[K-Wunused-parameter[m[K]
[7.823s]   131 |     void fill_product_part(int id, std::string product, std::string part, [01;35m[Kdouble cx[m[K, double cy, vector < struct product_part> &products_){
[7.823s]       |                                                                           [01;35m[K~~~~~~~^~[m[K
[7.823s] [01m[K/home/knapp/git/order_optimizer/src/order_optimizer/src/subscriber_function.cpp:131:93:[m[K [01;35m[Kwarning: [m[Kunused parameter â€˜[01m[Kcy[m[Kâ€™ [[01;35m[K-Wunused-parameter[m[K]
[7.824s]   131 |     void fill_product_part(int id, std::string product, std::string part, double cx, [01;35m[Kdouble cy[m[K, vector < struct product_part> &products_){
[7.824s]       |                                                                                      [01;35m[K~~~~~~~^~[m[K
[7.833s] [01m[K/home/knapp/git/order_optimizer/src/order_optimizer/src/subscriber_function.cpp:[m[K In member function â€˜[01m[Kvoid OrderOptimizer::read_orders(std::string, int, std::vector<order>&)[m[Kâ€™:
[7.833s] [01m[K/home/knapp/git/order_optimizer/src/order_optimizer/src/subscriber_function.cpp:160:76:[m[K [01;31m[Kerror: [m[Kcannot convert â€˜[01m[Kstd::string[m[Kâ€™ {aka â€˜[01m[Kstd::__cxx11::basic_string<char>[m[Kâ€™} to â€˜[01m[Kdouble[m[Kâ€™
[7.834s]   160 |                 fill_product_part("Order Start", "Whole package", "Start", [01;31m[Kx_position[m[K, y_position, products_);
[7.834s]       |                                                                            [01;31m[K^~~~~~~~~~[m[K
[7.834s]       |                                                                            [01;31m[K|[m[K
[7.835s]       |                                                                            [01;31m[Kstd::string {aka std::__cxx11::basic_string<char>}[m[K
[7.836s] [01m[K/home/knapp/git/order_optimizer/src/order_optimizer/src/subscriber_function.cpp:131:82:[m[K [01;36m[Knote: [m[K  initializing argument 4 of â€˜[01m[Kvoid OrderOptimizer::fill_product_part(int, std::string, std::string, double, double, std::vector<product_part>&)[m[Kâ€™
[7.836s]   131 |     void fill_product_part(int id, std::string product, std::string part, [01;36m[Kdouble cx[m[K, double cy, vector < struct product_part> &products_){
[7.836s]       |                                                                           [01;36m[K~~~~~~~^~[m[K
[7.842s] [01m[K/home/knapp/git/order_optimizer/src/order_optimizer/src/subscriber_function.cpp:172:43:[m[K [01;31m[Kerror: [m[Kinvalid conversion from â€˜[01m[Kconst char*[m[Kâ€™ to â€˜[01m[Kint[m[Kâ€™ [[01;31m[K-fpermissive[m[K]
[7.842s]   172 |                         fill_product_part([01;31m[K"Order Destination"[m[K, "Whole package", "Goal", order_.cx, order_.cy, products_);
[7.843s]       |                                           [01;31m[K^~~~~~~~~~~~~~~~~~~[m[K
[7.843s]       |                                           [01;31m[K|[m[K
[7.843s]       |                                           [01;31m[Kconst char*[m[K
[7.843s] [01m[K/home/knapp/git/order_optimizer/src/order_optimizer/src/subscriber_function.cpp:131:32:[m[K [01;36m[Knote: [m[K  initializing argument 1 of â€˜[01m[Kvoid OrderOptimizer::fill_product_part(int, std::string, std::string, double, double, std::vector<product_part>&)[m[Kâ€™
[7.844s]   131 |     void fill_product_part([01;36m[Kint id[m[K, std::string product, std::string part, double cx, double cy, vector < struct product_part> &products_){
[7.844s]       |                            [01;36m[K~~~~^~[m[K
[7.862s] [01m[K/home/knapp/git/order_optimizer/src/order_optimizer/src/subscriber_function.cpp:[m[K In member function â€˜[01m[Kvoid OrderOptimizer::next_order_callback(std_msgs::msg::String_<std::allocator<void> >::SharedPtr)[m[Kâ€™:
[7.862s] [01m[K/home/knapp/git/order_optimizer/src/order_optimizer/src/subscriber_function.cpp:223:16:[m[K [01;35m[Kwarning: [m[KISO C++ forbids variable length array â€˜[01m[Kdistances[m[Kâ€™ [[01;35m[K-Wvla[m[K]
[7.862s]   223 |         double [01;35m[Kdistances[m[K[matrix_size][matrix_size];
[7.862s]       |                [01;35m[K^~~~~~~~~[m[K
[7.863s] [01m[K/home/knapp/git/order_optimizer/src/order_optimizer/src/subscriber_function.cpp:223:16:[m[K [01;35m[Kwarning: [m[KISO C++ forbids variable length array â€˜[01m[Kdistances[m[Kâ€™ [[01;35m[K-Wvla[m[K]
[12.055s] make[2]: *** [CMakeFiles/OrderOptimizer.dir/build.make:63: CMakeFiles/OrderOptimizer.dir/src/subscriber_function.cpp.o] Error 1
[12.058s] make[1]: *** [CMakeFiles/Makefile2:80: CMakeFiles/OrderOptimizer.dir/all] Error 2
[12.058s] make: *** [Makefile:141: all] Error 2
[12.120s] Invoked command in '/home/knapp/git/order_optimizer/build/order_optimizer' returned '2': CMAKE_PREFIX_PATH=${CMAKE_PREFIX_PATH}:/home/knapp/ros2_foxy/install/ros2bag:/home/knapp/ros2_foxy/install/tracetools_launch:/home/knapp/ros2_foxy/install/topic_monitor:/home/knapp/ros2_foxy/install/examples_tf2_py:/home/knapp/ros2_foxy/install/sros2:/home/knapp/ros2_foxy/install/rqt_topic:/home/knapp/ros2_foxy/install/rqt_top:/home/knapp/ros2_foxy/install/rqt_srv:/home/knapp/ros2_foxy/install/rqt_shell:/home/knapp/ros2_foxy/install/rqt_service_caller:/home/knapp/ros2_foxy/install/rqt_reconfigure:/home/knapp/ros2_foxy/install/rqt_py_console:/home/knapp/ros2_foxy/install/rqt_publisher:/home/knapp/ros2_foxy/install/rqt_plot:/home/knapp/ros2_foxy/install/rqt_action:/home/knapp/ros2_foxy/install/rqt_msg:/home/knapp/ros2_foxy/install/rqt:/home/knapp/ros2_foxy/install/rqt_graph:/home/knapp/ros2_foxy/install/rqt_gui_py:/home/knapp/ros2_foxy/install/rqt_gui:/home/knapp/ros2_foxy/install/ros2trace:/home/knapp/ros2_foxy/install/ros2topic:/home/knapp/ros2_foxy/install/ros2test:/home/knapp/ros2_foxy/install/ros2component:/home/knapp/ros2_foxy/install/ros2param:/home/knapp/ros2_foxy/install/ros2lifecycle:/home/knapp/ros2_foxy/install/ros2service:/home/knapp/ros2_foxy/install/ros2run:/home/knapp/ros2_foxy/install/ros2launch:/home/knapp/ros2_foxy/install/ros2pkg:/home/knapp/ros2_foxy/install/ros2node:/home/knapp/ros2_foxy/install/ros2multicast:/home/knapp/ros2_foxy/install/ros2interface:/home/knapp/ros2_foxy/install/ros2doctor:/home/knapp/ros2_foxy/install/ros2action:/home/knapp/ros2_foxy/install/ros2cli:/home/knapp/ros2_foxy/install/quality_of_service_demo_py:/home/knapp/ros2_foxy/install/launch_testing_ros:/home/knapp/ros2_foxy/install/launch_ros:/home/knapp/ros2_foxy/install/examples_rclpy_minimal_subscriber:/home/knapp/ros2_foxy/install/examples_rclpy_minimal_service:/home/knapp/ros2_foxy/install/examples_rclpy_minimal_publisher:/home/knapp/ros2_foxy/install/examples_rclpy_minimal_client:/home/knapp/ros2_foxy/install/examples_rclpy_minimal_action_server:/home/knapp/ros2_foxy/install/examples_rclpy_minimal_action_client:/home/knapp/ros2_foxy/install/examples_rclpy_executors:/home/knapp/ros2_foxy/install/demo_nodes_py:/home/knapp/ros2_foxy/install/action_tutorials_py:/home/knapp/ros2_foxy/install/ament_uncrustify:/home/knapp/ros2_foxy/install/tracetools_trace:/home/knapp/ros2_foxy/install/tracetools_read:/home/knapp/ros2_foxy/install/test_launch_ros:/home/knapp/ros2_foxy/install/sensor_msgs_py:/home/knapp/ros2_foxy/install/rpyutils:/home/knapp/ros2_foxy/install/rosidl_runtime_py:/home/knapp/ros2_foxy/install/launch_yaml:/home/knapp/ros2_foxy/install/launch_xml:/home/knapp/ros2_foxy/install/launch_testing:/home/knapp/ros2_foxy/install/launch:/home/knapp/ros2_foxy/install/osrf_pycommon:/home/knapp/ros2_foxy/install/domain_coordinator:/home/knapp/ros2_foxy/install/ament_xmllint:/home/knapp/ros2_foxy/install/ament_pyflakes:/home/knapp/ros2_foxy/install/ament_pycodestyle:/home/knapp/ros2_foxy/install/ament_pep257:/home/knapp/ros2_foxy/install/ament_pclint:/home/knapp/ros2_foxy/install/ament_package:/home/knapp/ros2_foxy/install/ament_mypy:/home/knapp/ros2_foxy/install/ament_lint_cmake:/home/knapp/ros2_foxy/install/ament_flake8:/home/knapp/ros2_foxy/install/ament_copyright:/home/knapp/ros2_foxy/install/ament_lint:/home/knapp/ros2_foxy/install/ament_index_python:/home/knapp/ros2_foxy/install/ament_cpplint:/home/knapp/ros2_foxy/install/ament_cppcheck:/home/knapp/ros2_foxy/install/ament_clang_tidy:/home/knapp/ros2_foxy/install/ament_clang_format /usr/bin/cmake --build /home/knapp/git/order_optimizer/build/order_optimizer -- -j1 -l1
