[0.135s] Invoking command in '/home/knapp/git/order_optimizer/build/order_optimizer': CMAKE_PREFIX_PATH=${CMAKE_PREFIX_PATH}:/home/knapp/ros2_foxy/install/ros2bag:/home/knapp/ros2_foxy/install/tracetools_launch:/home/knapp/ros2_foxy/install/topic_monitor:/home/knapp/ros2_foxy/install/examples_tf2_py:/home/knapp/ros2_foxy/install/sros2:/home/knapp/ros2_foxy/install/rqt_topic:/home/knapp/ros2_foxy/install/rqt_top:/home/knapp/ros2_foxy/install/rqt_srv:/home/knapp/ros2_foxy/install/rqt_shell:/home/knapp/ros2_foxy/install/rqt_service_caller:/home/knapp/ros2_foxy/install/rqt_reconfigure:/home/knapp/ros2_foxy/install/rqt_py_console:/home/knapp/ros2_foxy/install/rqt_publisher:/home/knapp/ros2_foxy/install/rqt_plot:/home/knapp/ros2_foxy/install/rqt_action:/home/knapp/ros2_foxy/install/rqt_msg:/home/knapp/ros2_foxy/install/rqt:/home/knapp/ros2_foxy/install/rqt_graph:/home/knapp/ros2_foxy/install/rqt_gui_py:/home/knapp/ros2_foxy/install/rqt_gui:/home/knapp/ros2_foxy/install/ros2trace:/home/knapp/ros2_foxy/install/ros2topic:/home/knapp/ros2_foxy/install/ros2test:/home/knapp/ros2_foxy/install/ros2component:/home/knapp/ros2_foxy/install/ros2param:/home/knapp/ros2_foxy/install/ros2lifecycle:/home/knapp/ros2_foxy/install/ros2service:/home/knapp/ros2_foxy/install/ros2run:/home/knapp/ros2_foxy/install/ros2launch:/home/knapp/ros2_foxy/install/ros2pkg:/home/knapp/ros2_foxy/install/ros2node:/home/knapp/ros2_foxy/install/ros2multicast:/home/knapp/ros2_foxy/install/ros2interface:/home/knapp/ros2_foxy/install/ros2doctor:/home/knapp/ros2_foxy/install/ros2action:/home/knapp/ros2_foxy/install/ros2cli:/home/knapp/ros2_foxy/install/quality_of_service_demo_py:/home/knapp/ros2_foxy/install/launch_testing_ros:/home/knapp/ros2_foxy/install/launch_ros:/home/knapp/ros2_foxy/install/examples_rclpy_minimal_subscriber:/home/knapp/ros2_foxy/install/examples_rclpy_minimal_service:/home/knapp/ros2_foxy/install/examples_rclpy_minimal_publisher:/home/knapp/ros2_foxy/install/examples_rclpy_minimal_client:/home/knapp/ros2_foxy/install/examples_rclpy_minimal_action_server:/home/knapp/ros2_foxy/install/examples_rclpy_minimal_action_client:/home/knapp/ros2_foxy/install/examples_rclpy_executors:/home/knapp/ros2_foxy/install/demo_nodes_py:/home/knapp/ros2_foxy/install/action_tutorials_py:/home/knapp/ros2_foxy/install/ament_uncrustify:/home/knapp/ros2_foxy/install/tracetools_trace:/home/knapp/ros2_foxy/install/tracetools_read:/home/knapp/ros2_foxy/install/test_launch_ros:/home/knapp/ros2_foxy/install/sensor_msgs_py:/home/knapp/ros2_foxy/install/rpyutils:/home/knapp/ros2_foxy/install/rosidl_runtime_py:/home/knapp/ros2_foxy/install/launch_yaml:/home/knapp/ros2_foxy/install/launch_xml:/home/knapp/ros2_foxy/install/launch_testing:/home/knapp/ros2_foxy/install/launch:/home/knapp/ros2_foxy/install/osrf_pycommon:/home/knapp/ros2_foxy/install/domain_coordinator:/home/knapp/ros2_foxy/install/ament_xmllint:/home/knapp/ros2_foxy/install/ament_pyflakes:/home/knapp/ros2_foxy/install/ament_pycodestyle:/home/knapp/ros2_foxy/install/ament_pep257:/home/knapp/ros2_foxy/install/ament_pclint:/home/knapp/ros2_foxy/install/ament_package:/home/knapp/ros2_foxy/install/ament_mypy:/home/knapp/ros2_foxy/install/ament_lint_cmake:/home/knapp/ros2_foxy/install/ament_flake8:/home/knapp/ros2_foxy/install/ament_copyright:/home/knapp/ros2_foxy/install/ament_lint:/home/knapp/ros2_foxy/install/ament_index_python:/home/knapp/ros2_foxy/install/ament_cpplint:/home/knapp/ros2_foxy/install/ament_cppcheck:/home/knapp/ros2_foxy/install/ament_clang_tidy:/home/knapp/ros2_foxy/install/ament_clang_format /usr/bin/cmake --build /home/knapp/git/order_optimizer/build/order_optimizer -- -j1 -l1
[0.360s] [35m[1mScanning dependencies of target OrderOptimizer[0m
[0.702s] [ 25%] [32mBuilding CXX object CMakeFiles/OrderOptimizer.dir/src/subscriber_function.cpp.o[0m
[5.826s] [01m[K/home/knapp/git/order_optimizer/src/order_optimizer/src/subscriber_function.cpp:[m[K In function â€˜[01m[Kint main(int, char**)[m[Kâ€™:
[5.826s] [01m[K/home/knapp/git/order_optimizer/src/order_optimizer/src/subscriber_function.cpp:122:26:[m[K [01;31m[Kerror: [m[Kno match for â€˜[01m[Koperator*[m[Kâ€™ (operand type is â€˜[01m[Kconst YAML::Node[m[Kâ€™)
[5.827s]   122 |             part part_ = *parts[it2];
[5.827s] In file included from [01m[K/usr/include/c++/9/ccomplex:39[m[K,
[5.827s]                  from [01m[K/usr/include/x86_64-linux-gnu/c++/9/bits/stdc++.h:54[m[K,
[5.828s]                  from [01m[K/home/knapp/git/order_optimizer/src/order_optimizer/src/subscriber_function.cpp:7[m[K:
[5.828s] [01m[K/usr/include/c++/9/complex:391:5:[m[K [01;36m[Knote: [m[Kcandidate: â€˜[01m[Ktemplate<class _Tp> std::complex<_Tp> std::operator*(const std::complex<_Tp>&, const std::complex<_Tp>&)[m[Kâ€™
[5.828s]   391 |     [01;36m[Koperator[m[K*(const complex<_Tp>& __x, const complex<_Tp>& __y)
[5.828s]       |     [01;36m[K^~~~~~~~[m[K
[5.828s] [01m[K/usr/include/c++/9/complex:391:5:[m[K [01;36m[Knote: [m[K  template argument deduction/substitution failed:
[5.829s] [01m[K/home/knapp/git/order_optimizer/src/order_optimizer/src/subscriber_function.cpp:122:36:[m[K [01;36m[Knote: [m[K  â€˜[01m[Kconst YAML::Node[m[Kâ€™ is not derived from â€˜[01m[Kconst std::complex<_Tp>[m[Kâ€™
[5.829s]   122 |             part part_ = *parts[it2[01;36m[K][m[K;
[5.829s]       |                                    [01;36m[K^[m[K
[5.830s] In file included from [01m[K/usr/include/c++/9/ccomplex:39[m[K,
[5.830s]                  from [01m[K/usr/include/x86_64-linux-gnu/c++/9/bits/stdc++.h:54[m[K,
[5.830s]                  from [01m[K/home/knapp/git/order_optimizer/src/order_optimizer/src/subscriber_function.cpp:7[m[K:
[5.830s] [01m[K/usr/include/c++/9/complex:400:5:[m[K [01;36m[Knote: [m[Kcandidate: â€˜[01m[Ktemplate<class _Tp> std::complex<_Tp> std::operator*(const std::complex<_Tp>&, const _Tp&)[m[Kâ€™
[5.830s]   400 |     [01;36m[Koperator[m[K*(const complex<_Tp>& __x, const _Tp& __y)
[5.831s]       |     [01;36m[K^~~~~~~~[m[K
[5.831s] [01m[K/usr/include/c++/9/complex:400:5:[m[K [01;36m[Knote: [m[K  template argument deduction/substitution failed:
[5.831s] [01m[K/home/knapp/git/order_optimizer/src/order_optimizer/src/subscriber_function.cpp:122:36:[m[K [01;36m[Knote: [m[K  â€˜[01m[Kconst YAML::Node[m[Kâ€™ is not derived from â€˜[01m[Kconst std::complex<_Tp>[m[Kâ€™
[5.832s]   122 |             part part_ = *parts[it2[01;36m[K][m[K;
[5.832s]       |                                    [01;36m[K^[m[K
[5.833s] In file included from [01m[K/usr/include/c++/9/ccomplex:39[m[K,
[5.833s]                  from [01m[K/usr/include/x86_64-linux-gnu/c++/9/bits/stdc++.h:54[m[K,
[5.833s]                  from [01m[K/home/knapp/git/order_optimizer/src/order_optimizer/src/subscriber_function.cpp:7[m[K:
[5.837s] [01m[K/usr/include/c++/9/complex:409:5:[m[K [01;36m[Knote: [m[Kcandidate: â€˜[01m[Ktemplate<class _Tp> std::complex<_Tp> std::operator*(const _Tp&, const std::complex<_Tp>&)[m[Kâ€™
[5.842s]   409 |     [01;36m[Koperator[m[K*(const _Tp& __x, const complex<_Tp>& __y)
[5.842s]       |     [01;36m[K^~~~~~~~[m[K
[5.842s] [01m[K/usr/include/c++/9/complex:409:5:[m[K [01;36m[Knote: [m[K  template argument deduction/substitution failed:
[5.842s] [01m[K/home/knapp/git/order_optimizer/src/order_optimizer/src/subscriber_function.cpp:122:36:[m[K [01;36m[Knote: [m[K  candidate expects 2 arguments, 1 provided
[5.842s]   122 |             part part_ = *parts[it2[01;36m[K][m[K;
[5.842s]       |                                    [01;36m[K^[m[K
[5.843s] In file included from [01m[K/usr/include/c++/9/valarray:603[m[K,
[5.843s]                  from [01m[K/usr/include/x86_64-linux-gnu/c++/9/bits/stdc++.h:95[m[K,
[5.843s]                  from [01m[K/home/knapp/git/order_optimizer/src/order_optimizer/src/subscriber_function.cpp:7[m[K:
[5.843s] [01m[K/usr/include/c++/9/bits/valarray_after.h:407:5:[m[K [01;36m[Knote: [m[Kcandidate: â€˜[01m[Ktemplate<class _Dom1, class _Dom2> std::_Expr<std::__detail::_BinClos<std::__multiplies, std::_Expr, std::_Expr, _Dom1, _Dom2>, typename std::__fun<std::__multiplies, typename _Dom1::value_type>::result_type> std::operator*(const std::_Expr<_Dom1, typename _Dom1::value_type>&, const std::_Expr<_Dom2, typename _Dom2::value_type>&)[m[Kâ€™
[5.843s]   407 |     [01;36m[K_DEFINE_EXPR_BINARY_OPERATOR[m[K(*, __multiplies)
[5.843s]       |     [01;36m[K^~~~~~~~~~~~~~~~~~~~~~~~~~~~[m[K
[5.843s] [01m[K/usr/include/c++/9/bits/valarray_after.h:407:5:[m[K [01;36m[Knote: [m[K  template argument deduction/substitution failed:
[5.843s] [01m[K/home/knapp/git/order_optimizer/src/order_optimizer/src/subscriber_function.cpp:122:36:[m[K [01;36m[Knote: [m[K  â€˜[01m[Kconst YAML::Node[m[Kâ€™ is not derived from â€˜[01m[Kconst std::_Expr<_Dom1, typename _Dom1::value_type>[m[Kâ€™
[5.844s]   122 |             part part_ = *parts[it2[01;36m[K][m[K;
[5.844s]       |                                    [01;36m[K^[m[K
[5.844s] In file included from [01m[K/usr/include/c++/9/valarray:603[m[K,
[5.844s]                  from [01m[K/usr/include/x86_64-linux-gnu/c++/9/bits/stdc++.h:95[m[K,
[5.845s]                  from [01m[K/home/knapp/git/order_optimizer/src/order_optimizer/src/subscriber_function.cpp:7[m[K:
[5.845s] [01m[K/usr/include/c++/9/bits/valarray_after.h:407:5:[m[K [01;36m[Knote: [m[Kcandidate: â€˜[01m[Ktemplate<class _Dom> std::_Expr<std::__detail::_BinClos<std::__multiplies, std::_Expr, std::_Constant, _Dom, typename _Dom::value_type>, typename std::__fun<std::__multiplies, typename _Dom1::value_type>::result_type> std::operator*(const std::_Expr<_Dom1, typename _Dom1::value_type>&, const typename _Dom::value_type&)[m[Kâ€™
[5.845s]   407 |     [01;36m[K_DEFINE_EXPR_BINARY_OPERATOR[m[K(*, __multiplies)
[5.845s]       |     [01;36m[K^~~~~~~~~~~~~~~~~~~~~~~~~~~~[m[K
[5.845s] [01m[K/usr/include/c++/9/bits/valarray_after.h:407:5:[m[K [01;36m[Knote: [m[K  template argument deduction/substitution failed:
[5.845s] [01m[K/home/knapp/git/order_optimizer/src/order_optimizer/src/subscriber_function.cpp:122:36:[m[K [01;36m[Knote: [m[K  â€˜[01m[Kconst YAML::Node[m[Kâ€™ is not derived from â€˜[01m[Kconst std::_Expr<_Dom1, typename _Dom1::value_type>[m[Kâ€™
[5.846s]   122 |             part part_ = *parts[it2[01;36m[K][m[K;
[5.846s]       |                                    [01;36m[K^[m[K
[5.846s] In file included from [01m[K/usr/include/c++/9/valarray:603[m[K,
[5.846s]                  from [01m[K/usr/include/x86_64-linux-gnu/c++/9/bits/stdc++.h:95[m[K,
[5.846s]                  from [01m[K/home/knapp/git/order_optimizer/src/order_optimizer/src/subscriber_function.cpp:7[m[K:
[5.846s] [01m[K/usr/include/c++/9/bits/valarray_after.h:407:5:[m[K [01;36m[Knote: [m[Kcandidate: â€˜[01m[Ktemplate<class _Dom> std::_Expr<std::__detail::_BinClos<std::__multiplies, std::_Constant, std::_Expr, typename _Dom::value_type, _Dom>, typename std::__fun<std::__multiplies, typename _Dom1::value_type>::result_type> std::operator*(const typename _Dom::value_type&, const std::_Expr<_Dom1, typename _Dom1::value_type>&)[m[Kâ€™
[5.846s]   407 |     [01;36m[K_DEFINE_EXPR_BINARY_OPERATOR[m[K(*, __multiplies)
[5.853s]       |     [01;36m[K^~~~~~~~~~~~~~~~~~~~~~~~~~~~[m[K
[5.853s] [01m[K/usr/include/c++/9/bits/valarray_after.h:407:5:[m[K [01;36m[Knote: [m[K  template argument deduction/substitution failed:
[5.854s] [01m[K/home/knapp/git/order_optimizer/src/order_optimizer/src/subscriber_function.cpp:122:36:[m[K [01;36m[Knote: [m[K  candidate expects 2 arguments, 1 provided
[5.854s]   122 |             part part_ = *parts[it2[01;36m[K][m[K;
[5.854s]       |                                    [01;36m[K^[m[K
[5.855s] In file included from [01m[K/usr/include/c++/9/valarray:603[m[K,
[5.855s]                  from [01m[K/usr/include/x86_64-linux-gnu/c++/9/bits/stdc++.h:95[m[K,
[5.855s]                  from [01m[K/home/knapp/git/order_optimizer/src/order_optimizer/src/subscriber_function.cpp:7[m[K:
[5.856s] [01m[K/usr/include/c++/9/bits/valarray_after.h:407:5:[m[K [01;36m[Knote: [m[Kcandidate: â€˜[01m[Ktemplate<class _Dom> std::_Expr<std::__detail::_BinClos<std::__multiplies, std::_Expr, std::_ValArray, _Dom, typename _Dom::value_type>, typename std::__fun<std::__multiplies, typename _Dom1::value_type>::result_type> std::operator*(const std::_Expr<_Dom1, typename _Dom1::value_type>&, const std::valarray<typename _Dom::value_type>&)[m[Kâ€™
[5.856s]   407 |     [01;36m[K_DEFINE_EXPR_BINARY_OPERATOR[m[K(*, __multiplies)
[5.856s]       |     [01;36m[K^~~~~~~~~~~~~~~~~~~~~~~~~~~~[m[K
[5.856s] [01m[K/usr/include/c++/9/bits/valarray_after.h:407:5:[m[K [01;36m[Knote: [m[K  template argument deduction/substitution failed:
[5.856s] [01m[K/home/knapp/git/order_optimizer/src/order_optimizer/src/subscriber_function.cpp:122:36:[m[K [01;36m[Knote: [m[K  â€˜[01m[Kconst YAML::Node[m[Kâ€™ is not derived from â€˜[01m[Kconst std::_Expr<_Dom1, typename _Dom1::value_type>[m[Kâ€™
[5.856s]   122 |             part part_ = *parts[it2[01;36m[K][m[K;
[5.856s]       |                                    [01;36m[K^[m[K
[5.857s] In file included from [01m[K/usr/include/c++/9/valarray:603[m[K,
[5.857s]                  from [01m[K/usr/include/x86_64-linux-gnu/c++/9/bits/stdc++.h:95[m[K,
[5.857s]                  from [01m[K/home/knapp/git/order_optimizer/src/order_optimizer/src/subscriber_function.cpp:7[m[K:
[5.857s] [01m[K/usr/include/c++/9/bits/valarray_after.h:407:5:[m[K [01;36m[Knote: [m[Kcandidate: â€˜[01m[Ktemplate<class _Dom> std::_Expr<std::__detail::_BinClos<std::__multiplies, std::_ValArray, std::_Expr, typename _Dom::value_type, _Dom>, typename std::__fun<std::__multiplies, typename _Dom1::value_type>::result_type> std::operator*(const std::valarray<typename _Dom::value_type>&, const std::_Expr<_Dom1, typename _Dom1::value_type>&)[m[Kâ€™
[5.857s]   407 |     [01;36m[K_DEFINE_EXPR_BINARY_OPERATOR[m[K(*, __multiplies)
[5.857s]       |     [01;36m[K^~~~~~~~~~~~~~~~~~~~~~~~~~~~[m[K
[5.857s] [01m[K/usr/include/c++/9/bits/valarray_after.h:407:5:[m[K [01;36m[Knote: [m[K  template argument deduction/substitution failed:
[5.858s] [01m[K/home/knapp/git/order_optimizer/src/order_optimizer/src/subscriber_function.cpp:122:36:[m[K [01;36m[Knote: [m[K  candidate expects 2 arguments, 1 provided
[5.858s]   122 |             part part_ = *parts[it2[01;36m[K][m[K;
[5.858s]       |                                    [01;36m[K^[m[K
[5.858s] In file included from [01m[K/usr/include/x86_64-linux-gnu/c++/9/bits/stdc++.h:95[m[K,
[5.858s]                  from [01m[K/home/knapp/git/order_optimizer/src/order_optimizer/src/subscriber_function.cpp:7[m[K:
[5.858s] [01m[K/usr/include/c++/9/valarray:1187:1:[m[K [01;36m[Knote: [m[Kcandidate: â€˜[01m[Ktemplate<class _Tp> std::_Expr<std::__detail::_BinClos<std::__multiplies, std::_ValArray, std::_ValArray, _Tp, _Tp>, typename std::__fun<std::__multiplies, _Tp>::result_type> std::operator*(const std::valarray<_Tp>&, const std::valarray<_Tp>&)[m[Kâ€™
[5.859s]  1187 | [01;36m[K_DEFINE_BINARY_OPERATOR[m[K(*, __multiplies)
[5.859s]       | [01;36m[K^~~~~~~~~~~~~~~~~~~~~~~[m[K
[5.859s] [01m[K/usr/include/c++/9/valarray:1187:1:[m[K [01;36m[Knote: [m[K  template argument deduction/substitution failed:
[5.859s] [01m[K/home/knapp/git/order_optimizer/src/order_optimizer/src/subscriber_function.cpp:122:36:[m[K [01;36m[Knote: [m[K  â€˜[01m[Kconst YAML::Node[m[Kâ€™ is not derived from â€˜[01m[Kconst std::valarray<_Tp>[m[Kâ€™
[5.859s]   122 |             part part_ = *parts[it2[01;36m[K][m[K;
[5.859s]       |                                    [01;36m[K^[m[K
[5.859s] In file included from [01m[K/usr/include/x86_64-linux-gnu/c++/9/bits/stdc++.h:95[m[K,
[5.860s]                  from [01m[K/home/knapp/git/order_optimizer/src/order_optimizer/src/subscriber_function.cpp:7[m[K:
[5.860s] [01m[K/usr/include/c++/9/valarray:1187:1:[m[K [01;36m[Knote: [m[Kcandidate: â€˜[01m[Ktemplate<class _Tp> std::_Expr<std::__detail::_BinClos<std::__multiplies, std::_ValArray, std::_Constant, _Tp, _Tp>, typename std::__fun<std::__multiplies, _Tp>::result_type> std::operator*(const std::valarray<_Tp>&, const typename std::valarray<_Tp>::value_type&)[m[Kâ€™
[5.860s]  1187 | [01;36m[K_DEFINE_BINARY_OPERATOR[m[K(*, __multiplies)
[5.860s]       | [01;36m[K^~~~~~~~~~~~~~~~~~~~~~~[m[K
[5.860s] [01m[K/usr/include/c++/9/valarray:1187:1:[m[K [01;36m[Knote: [m[K  template argument deduction/substitution failed:
[5.860s] [01m[K/home/knapp/git/order_optimizer/src/order_optimizer/src/subscriber_function.cpp:122:36:[m[K [01;36m[Knote: [m[K  â€˜[01m[Kconst YAML::Node[m[Kâ€™ is not derived from â€˜[01m[Kconst std::valarray<_Tp>[m[Kâ€™
[5.861s]   122 |             part part_ = *parts[it2[01;36m[K][m[K;
[5.861s]       |                                    [01;36m[K^[m[K
[5.861s] In file included from [01m[K/usr/include/x86_64-linux-gnu/c++/9/bits/stdc++.h:95[m[K,
[5.869s]                  from [01m[K/home/knapp/git/order_optimizer/src/order_optimizer/src/subscriber_function.cpp:7[m[K:
[5.869s] [01m[K/usr/include/c++/9/valarray:1187:1:[m[K [01;36m[Knote: [m[Kcandidate: â€˜[01m[Ktemplate<class _Tp> std::_Expr<std::__detail::_BinClos<std::__multiplies, std::_Constant, std::_ValArray, _Tp, _Tp>, typename std::__fun<std::__multiplies, _Tp>::result_type> std::operator*(const typename std::valarray<_Tp>::value_type&, const std::valarray<_Tp>&)[m[Kâ€™
[5.869s]  1187 | [01;36m[K_DEFINE_BINARY_OPERATOR[m[K(*, __multiplies)
[5.869s]       | [01;36m[K^~~~~~~~~~~~~~~~~~~~~~~[m[K
[5.870s] [01m[K/usr/include/c++/9/valarray:1187:1:[m[K [01;36m[Knote: [m[K  template argument deduction/substitution failed:
[5.870s] [01m[K/home/knapp/git/order_optimizer/src/order_optimizer/src/subscriber_function.cpp:122:36:[m[K [01;36m[Knote: [m[K  candidate expects 2 arguments, 1 provided
[5.870s]   122 |             part part_ = *parts[it2[01;36m[K][m[K;
[5.870s]       |                                    [01;36m[K^[m[K
[8.962s] make[2]: *** [CMakeFiles/OrderOptimizer.dir/build.make:63: CMakeFiles/OrderOptimizer.dir/src/subscriber_function.cpp.o] Error 1
[8.966s] make[1]: *** [CMakeFiles/Makefile2:80: CMakeFiles/OrderOptimizer.dir/all] Error 2
[8.967s] make: *** [Makefile:141: all] Error 2
[8.974s] Invoked command in '/home/knapp/git/order_optimizer/build/order_optimizer' returned '2': CMAKE_PREFIX_PATH=${CMAKE_PREFIX_PATH}:/home/knapp/ros2_foxy/install/ros2bag:/home/knapp/ros2_foxy/install/tracetools_launch:/home/knapp/ros2_foxy/install/topic_monitor:/home/knapp/ros2_foxy/install/examples_tf2_py:/home/knapp/ros2_foxy/install/sros2:/home/knapp/ros2_foxy/install/rqt_topic:/home/knapp/ros2_foxy/install/rqt_top:/home/knapp/ros2_foxy/install/rqt_srv:/home/knapp/ros2_foxy/install/rqt_shell:/home/knapp/ros2_foxy/install/rqt_service_caller:/home/knapp/ros2_foxy/install/rqt_reconfigure:/home/knapp/ros2_foxy/install/rqt_py_console:/home/knapp/ros2_foxy/install/rqt_publisher:/home/knapp/ros2_foxy/install/rqt_plot:/home/knapp/ros2_foxy/install/rqt_action:/home/knapp/ros2_foxy/install/rqt_msg:/home/knapp/ros2_foxy/install/rqt:/home/knapp/ros2_foxy/install/rqt_graph:/home/knapp/ros2_foxy/install/rqt_gui_py:/home/knapp/ros2_foxy/install/rqt_gui:/home/knapp/ros2_foxy/install/ros2trace:/home/knapp/ros2_foxy/install/ros2topic:/home/knapp/ros2_foxy/install/ros2test:/home/knapp/ros2_foxy/install/ros2component:/home/knapp/ros2_foxy/install/ros2param:/home/knapp/ros2_foxy/install/ros2lifecycle:/home/knapp/ros2_foxy/install/ros2service:/home/knapp/ros2_foxy/install/ros2run:/home/knapp/ros2_foxy/install/ros2launch:/home/knapp/ros2_foxy/install/ros2pkg:/home/knapp/ros2_foxy/install/ros2node:/home/knapp/ros2_foxy/install/ros2multicast:/home/knapp/ros2_foxy/install/ros2interface:/home/knapp/ros2_foxy/install/ros2doctor:/home/knapp/ros2_foxy/install/ros2action:/home/knapp/ros2_foxy/install/ros2cli:/home/knapp/ros2_foxy/install/quality_of_service_demo_py:/home/knapp/ros2_foxy/install/launch_testing_ros:/home/knapp/ros2_foxy/install/launch_ros:/home/knapp/ros2_foxy/install/examples_rclpy_minimal_subscriber:/home/knapp/ros2_foxy/install/examples_rclpy_minimal_service:/home/knapp/ros2_foxy/install/examples_rclpy_minimal_publisher:/home/knapp/ros2_foxy/install/examples_rclpy_minimal_client:/home/knapp/ros2_foxy/install/examples_rclpy_minimal_action_server:/home/knapp/ros2_foxy/install/examples_rclpy_minimal_action_client:/home/knapp/ros2_foxy/install/examples_rclpy_executors:/home/knapp/ros2_foxy/install/demo_nodes_py:/home/knapp/ros2_foxy/install/action_tutorials_py:/home/knapp/ros2_foxy/install/ament_uncrustify:/home/knapp/ros2_foxy/install/tracetools_trace:/home/knapp/ros2_foxy/install/tracetools_read:/home/knapp/ros2_foxy/install/test_launch_ros:/home/knapp/ros2_foxy/install/sensor_msgs_py:/home/knapp/ros2_foxy/install/rpyutils:/home/knapp/ros2_foxy/install/rosidl_runtime_py:/home/knapp/ros2_foxy/install/launch_yaml:/home/knapp/ros2_foxy/install/launch_xml:/home/knapp/ros2_foxy/install/launch_testing:/home/knapp/ros2_foxy/install/launch:/home/knapp/ros2_foxy/install/osrf_pycommon:/home/knapp/ros2_foxy/install/domain_coordinator:/home/knapp/ros2_foxy/install/ament_xmllint:/home/knapp/ros2_foxy/install/ament_pyflakes:/home/knapp/ros2_foxy/install/ament_pycodestyle:/home/knapp/ros2_foxy/install/ament_pep257:/home/knapp/ros2_foxy/install/ament_pclint:/home/knapp/ros2_foxy/install/ament_package:/home/knapp/ros2_foxy/install/ament_mypy:/home/knapp/ros2_foxy/install/ament_lint_cmake:/home/knapp/ros2_foxy/install/ament_flake8:/home/knapp/ros2_foxy/install/ament_copyright:/home/knapp/ros2_foxy/install/ament_lint:/home/knapp/ros2_foxy/install/ament_index_python:/home/knapp/ros2_foxy/install/ament_cpplint:/home/knapp/ros2_foxy/install/ament_cppcheck:/home/knapp/ros2_foxy/install/ament_clang_tidy:/home/knapp/ros2_foxy/install/ament_clang_format /usr/bin/cmake --build /home/knapp/git/order_optimizer/build/order_optimizer -- -j1 -l1
