[01m[K/home/knapp/git/order_optimizer/src/order_optimizer/src/subscriber_function.cpp:[m[K In member function â€˜[01m[Kvoid OrderOptimizer::next_order_callback(std_msgs::msg::String_<std::allocator<void> >::SharedPtr) const[m[Kâ€™:
[01m[K/home/knapp/git/order_optimizer/src/order_optimizer/src/subscriber_function.cpp:66:55:[m[K [01;31m[Kerror: [m[Kâ€˜[01m[Kclass std::__cxx11::basic_string<char>[m[Kâ€™ has no member named â€˜[01m[Kc_int[m[Kâ€™
   66 |         int order_id = s.substr(0, s.find(delimiter)).[01;31m[Kc_int[m[K();
      |                                                       [01;31m[K^~~~~[m[K
[01m[K/home/knapp/git/order_optimizer/src/order_optimizer/src/subscriber_function.cpp:71:9:[m[K [01;31m[Kerror: [m[Kâ€˜[01m[Kread_orders[m[Kâ€™ was not declared in this scope
   71 |         [01;31m[Kread_orders[m[K(orders_path+ "/orders_20201201.yaml", order_id, orders);
      |         [01;31m[K^~~~~~~~~~~[m[K
make[2]: *** [CMakeFiles/OrderOptimizer.dir/build.make:63: CMakeFiles/OrderOptimizer.dir/src/subscriber_function.cpp.o] Error 1
make[1]: *** [CMakeFiles/Makefile2:80: CMakeFiles/OrderOptimizer.dir/all] Error 2
make: *** [Makefile:141: all] Error 2
