[0.874s] Invoking command in '/home/knapp/git/order_optimizer/build/order_optimizer': CMAKE_PREFIX_PATH=${CMAKE_PREFIX_PATH}:/home/knapp/ros2_foxy/install/ros2bag:/home/knapp/ros2_foxy/install/tracetools_launch:/home/knapp/ros2_foxy/install/topic_monitor:/home/knapp/ros2_foxy/install/examples_tf2_py:/home/knapp/ros2_foxy/install/sros2:/home/knapp/ros2_foxy/install/rqt_topic:/home/knapp/ros2_foxy/install/rqt_top:/home/knapp/ros2_foxy/install/rqt_srv:/home/knapp/ros2_foxy/install/rqt_shell:/home/knapp/ros2_foxy/install/rqt_service_caller:/home/knapp/ros2_foxy/install/rqt_reconfigure:/home/knapp/ros2_foxy/install/rqt_py_console:/home/knapp/ros2_foxy/install/rqt_publisher:/home/knapp/ros2_foxy/install/rqt_plot:/home/knapp/ros2_foxy/install/rqt_action:/home/knapp/ros2_foxy/install/rqt_msg:/home/knapp/ros2_foxy/install/rqt:/home/knapp/ros2_foxy/install/rqt_graph:/home/knapp/ros2_foxy/install/rqt_gui_py:/home/knapp/ros2_foxy/install/rqt_gui:/home/knapp/ros2_foxy/install/ros2trace:/home/knapp/ros2_foxy/install/ros2topic:/home/knapp/ros2_foxy/install/ros2test:/home/knapp/ros2_foxy/install/ros2component:/home/knapp/ros2_foxy/install/ros2param:/home/knapp/ros2_foxy/install/ros2lifecycle:/home/knapp/ros2_foxy/install/ros2service:/home/knapp/ros2_foxy/install/ros2run:/home/knapp/ros2_foxy/install/ros2launch:/home/knapp/ros2_foxy/install/ros2pkg:/home/knapp/ros2_foxy/install/ros2node:/home/knapp/ros2_foxy/install/ros2multicast:/home/knapp/ros2_foxy/install/ros2interface:/home/knapp/ros2_foxy/install/ros2doctor:/home/knapp/ros2_foxy/install/ros2action:/home/knapp/ros2_foxy/install/ros2cli:/home/knapp/ros2_foxy/install/quality_of_service_demo_py:/home/knapp/ros2_foxy/install/launch_testing_ros:/home/knapp/ros2_foxy/install/launch_ros:/home/knapp/ros2_foxy/install/examples_rclpy_minimal_subscriber:/home/knapp/ros2_foxy/install/examples_rclpy_minimal_service:/home/knapp/ros2_foxy/install/examples_rclpy_minimal_publisher:/home/knapp/ros2_foxy/install/examples_rclpy_minimal_client:/home/knapp/ros2_foxy/install/examples_rclpy_minimal_action_server:/home/knapp/ros2_foxy/install/examples_rclpy_minimal_action_client:/home/knapp/ros2_foxy/install/examples_rclpy_executors:/home/knapp/ros2_foxy/install/demo_nodes_py:/home/knapp/ros2_foxy/install/action_tutorials_py:/home/knapp/ros2_foxy/install/ament_uncrustify:/home/knapp/ros2_foxy/install/tracetools_trace:/home/knapp/ros2_foxy/install/tracetools_read:/home/knapp/ros2_foxy/install/test_launch_ros:/home/knapp/ros2_foxy/install/sensor_msgs_py:/home/knapp/ros2_foxy/install/rpyutils:/home/knapp/ros2_foxy/install/rosidl_runtime_py:/home/knapp/ros2_foxy/install/launch_yaml:/home/knapp/ros2_foxy/install/launch_xml:/home/knapp/ros2_foxy/install/launch_testing:/home/knapp/ros2_foxy/install/launch:/home/knapp/ros2_foxy/install/osrf_pycommon:/home/knapp/ros2_foxy/install/domain_coordinator:/home/knapp/ros2_foxy/install/ament_xmllint:/home/knapp/ros2_foxy/install/ament_pyflakes:/home/knapp/ros2_foxy/install/ament_pycodestyle:/home/knapp/ros2_foxy/install/ament_pep257:/home/knapp/ros2_foxy/install/ament_pclint:/home/knapp/ros2_foxy/install/ament_package:/home/knapp/ros2_foxy/install/ament_mypy:/home/knapp/ros2_foxy/install/ament_lint_cmake:/home/knapp/ros2_foxy/install/ament_flake8:/home/knapp/ros2_foxy/install/ament_copyright:/home/knapp/ros2_foxy/install/ament_lint:/home/knapp/ros2_foxy/install/ament_index_python:/home/knapp/ros2_foxy/install/ament_cpplint:/home/knapp/ros2_foxy/install/ament_cppcheck:/home/knapp/ros2_foxy/install/ament_clang_tidy:/home/knapp/ros2_foxy/install/ament_clang_format /usr/bin/cmake --build /home/knapp/git/order_optimizer/build/order_optimizer -- -j1 -l1
[2.647s] [35m[1mScanning dependencies of target OrderOptimizer[0m
[2.823s] [ 25%] [32mBuilding CXX object CMakeFiles/OrderOptimizer.dir/src/subscriber_function.cpp.o[0m
[10.996s] [01m[K/home/knapp/git/order_optimizer/src/order_optimizer/src/subscriber_function.cpp:65:43:[m[K [01;31m[Kerror: [m[Kâ€˜[01m[Kvisualization_msgs::MarkerArray[m[Kâ€™ has not been declared
[10.996s]    65 |     void fill_markers(visualization_msgs::[01;31m[KMarkerArray[m[K &markers[matrix_size], struct product_part pp_, int position){
[10.997s]       |                                           [01;31m[K^~~~~~~~~~~[m[K
[10.997s] [01m[K/home/knapp/git/order_optimizer/src/order_optimizer/src/subscriber_function.cpp:65:56:[m[K [01;31m[Kerror: [m[Kexpected â€˜[01m[K,[m[Kâ€™ or â€˜[01m[K...[m[Kâ€™ before â€˜[01m[Kmarkers[m[Kâ€™
[10.997s]    65 |     void fill_markers(visualization_msgs::MarkerArray &[01;31m[Kmarkers[m[K[matrix_size], struct product_part pp_, int position){
[10.998s]       |                                                        [01;31m[K^~~~~~~[m[K
[11.561s] [01m[K/home/knapp/git/order_optimizer/src/order_optimizer/src/subscriber_function.cpp:[m[K In member function â€˜[01m[Kvoid OrderOptimizer::fill_markers(int&)[m[Kâ€™:
[11.561s] [01m[K/home/knapp/git/order_optimizer/src/order_optimizer/src/subscriber_function.cpp:66:9:[m[K [01;31m[Kerror: [m[Kâ€˜[01m[Kmarkers[m[Kâ€™ was not declared in this scope
[11.561s]    66 |         [01;31m[Kmarkers[m[K[position].header.frame_id = "base_link";
[11.562s]       |         [01;31m[K^~~~~~~[m[K
[11.566s] [01m[K/home/knapp/git/order_optimizer/src/order_optimizer/src/subscriber_function.cpp:66:17:[m[K [01;31m[Kerror: [m[Kâ€˜[01m[Kposition[m[Kâ€™ was not declared in this scope; did you mean â€˜[01m[Ky_position[m[Kâ€™?
[11.566s]    66 |         markers[[01;31m[Kposition[m[K].header.frame_id = "base_link";
[11.567s]       |                 [01;31m[K^~~~~~~~[m[K
[11.567s]       |                 [32m[Ky_position[m[K
[11.567s] [01m[K/home/knapp/git/order_optimizer/src/order_optimizer/src/subscriber_function.cpp:67:42:[m[K [01;31m[Kerror: [m[Kâ€˜[01m[Kros[m[Kâ€™ has not been declared
[11.568s]    67 |         markers[position].header.stamp = [01;31m[Kros[m[K::Time();
[11.568s]       |                                          [01;31m[K^~~[m[K
[11.568s] [01m[K/home/knapp/git/order_optimizer/src/order_optimizer/src/subscriber_function.cpp:72:58:[m[K [01;31m[Kerror: [m[Kâ€˜[01m[Kvisualization_msgs::Marker[m[Kâ€™ has not been declared
[11.569s]    72 |             markers[position].type = visualization_msgs::[01;31m[KMarker[m[K::CUBE;
[11.569s]       |                                                          [01;31m[K^~~~~~[m[K
[11.569s] [01m[K/home/knapp/git/order_optimizer/src/order_optimizer/src/subscriber_function.cpp:75:58:[m[K [01;31m[Kerror: [m[Kâ€˜[01m[Kvisualization_msgs::Marker[m[Kâ€™ has not been declared
[11.569s]    75 |             markers[position].type = visualization_msgs::[01;31m[KMarker[m[K::CYLINDER;
[11.570s]       |                                                          [01;31m[K^~~~~~[m[K
[11.570s] [01m[K/home/knapp/git/order_optimizer/src/order_optimizer/src/subscriber_function.cpp:78:56:[m[K [01;31m[Kerror: [m[Kâ€˜[01m[Kvisualization_msgs::Marker[m[Kâ€™ has not been declared
[11.570s]    78 |         markers[position].action = visualization_msgs::[01;31m[KMarker[m[K::ADD;
[11.571s]       |                                                        [01;31m[K^~~~~~[m[K
[11.574s] [01m[K/home/knapp/git/order_optimizer/src/order_optimizer/src/subscriber_function.cpp:79:45:[m[K [01;31m[Kerror: [m[Kâ€˜[01m[Kpp_[m[Kâ€™ was not declared in this scope
[11.574s]    79 |         markers[position].pose.position.x = [01;31m[Kpp_[m[K.cx;
[11.574s]       |                                             [01;31m[K^~~[m[K
[11.575s] [01m[K/home/knapp/git/order_optimizer/src/order_optimizer/src/subscriber_function.cpp:[m[K In member function â€˜[01m[Kvoid OrderOptimizer::printSolution(double*, int, order, double**)[m[Kâ€™:
[11.575s] [01m[K/home/knapp/git/order_optimizer/src/order_optimizer/src/subscriber_function.cpp:110:9:[m[K [01;31m[Kerror: [m[Kâ€˜[01m[Kros[m[Kâ€™ has not been declared
[11.576s]   110 |         [01;31m[Kros[m[K::Publisher vis_pub = node_handle.advertise<visualization_msgs::MarkerArray>( "order_path", 0 );
[11.576s]       |         [01;31m[K^~~[m[K
[11.577s] [01m[K/home/knapp/git/order_optimizer/src/order_optimizer/src/subscriber_function.cpp:111:29:[m[K [01;31m[Kerror: [m[Kâ€˜[01m[KMarkerArray[m[Kâ€™ is not a member of â€˜[01m[Kvisualization_msgs[m[Kâ€™; did you mean â€˜[01m[Kvisualization_msgs::msg::MarkerArray[m[Kâ€™?
[11.578s]   111 |         visualization_msgs::[01;31m[KMarkerArray[m[K markers;
[11.578s]       |                             [01;31m[K^~~~~~~~~~~[m[K
[11.578s] In file included from [01m[K/home/knapp/ros2_foxy/install/visualization_msgs/include/visualization_msgs/msg/marker_array.hpp:7[m[K,
[11.579s]                  from [01m[K/home/knapp/git/order_optimizer/src/order_optimizer/src/subscriber_function.cpp:12[m[K:
[11.580s] [01m[K/home/knapp/ros2_foxy/install/visualization_msgs/include/visualization_msgs/msg/detail/marker_array__struct.hpp:117:7:[m[K [01;36m[Knote: [m[Kâ€˜[01m[Kvisualization_msgs::msg::MarkerArray[m[Kâ€™ declared here
[11.580s]   117 | using [01;36m[KMarkerArray[m[K =
[11.580s]       |       [01;36m[K^~~~~~~~~~~[m[K
[11.591s] [01m[K/home/knapp/git/order_optimizer/src/order_optimizer/src/subscriber_function.cpp:124:38:[m[K [01;31m[Kerror: [m[Kâ€˜[01m[Kmarkers[m[Kâ€™ was not declared in this scope
[11.592s]   124 |                         fill_markers([01;31m[Kmarkers[m[K, order_.products.at(i), i);
[11.593s]       |                                      [01;31m[K^~~~~~~[m[K
[11.600s] [01m[K/home/knapp/git/order_optimizer/src/order_optimizer/src/subscriber_function.cpp:137:22:[m[K [01;31m[Kerror: [m[Kâ€˜[01m[Kmarkers[m[Kâ€™ was not declared in this scope
[11.600s]   137 |         fill_markers([01;31m[Kmarkers[m[K, order_.products.at(V - 1), V - 1);
[11.601s]       |                      [01;31m[K^~~~~~~[m[K
[11.606s] [01m[K/home/knapp/git/order_optimizer/src/order_optimizer/src/subscriber_function.cpp:139:9:[m[K [01;31m[Kerror: [m[Kâ€˜[01m[Kvis_pub[m[Kâ€™ was not declared in this scope
[11.606s]   139 |         [01;31m[Kvis_pub[m[K.publish( markers );
[11.607s]       |         [01;31m[K^~~~~~~[m[K
[16.028s] make[2]: *** [CMakeFiles/OrderOptimizer.dir/build.make:63: CMakeFiles/OrderOptimizer.dir/src/subscriber_function.cpp.o] Error 1
[16.040s] make[1]: *** [CMakeFiles/Makefile2:80: CMakeFiles/OrderOptimizer.dir/all] Error 2
[16.041s] make: *** [Makefile:141: all] Error 2
[16.043s] Invoked command in '/home/knapp/git/order_optimizer/build/order_optimizer' returned '2': CMAKE_PREFIX_PATH=${CMAKE_PREFIX_PATH}:/home/knapp/ros2_foxy/install/ros2bag:/home/knapp/ros2_foxy/install/tracetools_launch:/home/knapp/ros2_foxy/install/topic_monitor:/home/knapp/ros2_foxy/install/examples_tf2_py:/home/knapp/ros2_foxy/install/sros2:/home/knapp/ros2_foxy/install/rqt_topic:/home/knapp/ros2_foxy/install/rqt_top:/home/knapp/ros2_foxy/install/rqt_srv:/home/knapp/ros2_foxy/install/rqt_shell:/home/knapp/ros2_foxy/install/rqt_service_caller:/home/knapp/ros2_foxy/install/rqt_reconfigure:/home/knapp/ros2_foxy/install/rqt_py_console:/home/knapp/ros2_foxy/install/rqt_publisher:/home/knapp/ros2_foxy/install/rqt_plot:/home/knapp/ros2_foxy/install/rqt_action:/home/knapp/ros2_foxy/install/rqt_msg:/home/knapp/ros2_foxy/install/rqt:/home/knapp/ros2_foxy/install/rqt_graph:/home/knapp/ros2_foxy/install/rqt_gui_py:/home/knapp/ros2_foxy/install/rqt_gui:/home/knapp/ros2_foxy/install/ros2trace:/home/knapp/ros2_foxy/install/ros2topic:/home/knapp/ros2_foxy/install/ros2test:/home/knapp/ros2_foxy/install/ros2component:/home/knapp/ros2_foxy/install/ros2param:/home/knapp/ros2_foxy/install/ros2lifecycle:/home/knapp/ros2_foxy/install/ros2service:/home/knapp/ros2_foxy/install/ros2run:/home/knapp/ros2_foxy/install/ros2launch:/home/knapp/ros2_foxy/install/ros2pkg:/home/knapp/ros2_foxy/install/ros2node:/home/knapp/ros2_foxy/install/ros2multicast:/home/knapp/ros2_foxy/install/ros2interface:/home/knapp/ros2_foxy/install/ros2doctor:/home/knapp/ros2_foxy/install/ros2action:/home/knapp/ros2_foxy/install/ros2cli:/home/knapp/ros2_foxy/install/quality_of_service_demo_py:/home/knapp/ros2_foxy/install/launch_testing_ros:/home/knapp/ros2_foxy/install/launch_ros:/home/knapp/ros2_foxy/install/examples_rclpy_minimal_subscriber:/home/knapp/ros2_foxy/install/examples_rclpy_minimal_service:/home/knapp/ros2_foxy/install/examples_rclpy_minimal_publisher:/home/knapp/ros2_foxy/install/examples_rclpy_minimal_client:/home/knapp/ros2_foxy/install/examples_rclpy_minimal_action_server:/home/knapp/ros2_foxy/install/examples_rclpy_minimal_action_client:/home/knapp/ros2_foxy/install/examples_rclpy_executors:/home/knapp/ros2_foxy/install/demo_nodes_py:/home/knapp/ros2_foxy/install/action_tutorials_py:/home/knapp/ros2_foxy/install/ament_uncrustify:/home/knapp/ros2_foxy/install/tracetools_trace:/home/knapp/ros2_foxy/install/tracetools_read:/home/knapp/ros2_foxy/install/test_launch_ros:/home/knapp/ros2_foxy/install/sensor_msgs_py:/home/knapp/ros2_foxy/install/rpyutils:/home/knapp/ros2_foxy/install/rosidl_runtime_py:/home/knapp/ros2_foxy/install/launch_yaml:/home/knapp/ros2_foxy/install/launch_xml:/home/knapp/ros2_foxy/install/launch_testing:/home/knapp/ros2_foxy/install/launch:/home/knapp/ros2_foxy/install/osrf_pycommon:/home/knapp/ros2_foxy/install/domain_coordinator:/home/knapp/ros2_foxy/install/ament_xmllint:/home/knapp/ros2_foxy/install/ament_pyflakes:/home/knapp/ros2_foxy/install/ament_pycodestyle:/home/knapp/ros2_foxy/install/ament_pep257:/home/knapp/ros2_foxy/install/ament_pclint:/home/knapp/ros2_foxy/install/ament_package:/home/knapp/ros2_foxy/install/ament_mypy:/home/knapp/ros2_foxy/install/ament_lint_cmake:/home/knapp/ros2_foxy/install/ament_flake8:/home/knapp/ros2_foxy/install/ament_copyright:/home/knapp/ros2_foxy/install/ament_lint:/home/knapp/ros2_foxy/install/ament_index_python:/home/knapp/ros2_foxy/install/ament_cpplint:/home/knapp/ros2_foxy/install/ament_cppcheck:/home/knapp/ros2_foxy/install/ament_clang_tidy:/home/knapp/ros2_foxy/install/ament_clang_format /usr/bin/cmake --build /home/knapp/git/order_optimizer/build/order_optimizer -- -j1 -l1
