[0.000000] (-) TimerEvent: {}
[0.000293] (-) JobUnselected: {'identifier': 'YAML_CPP'}
[0.000357] (order_optimizer) JobQueued: {'identifier': 'order_optimizer', 'dependencies': OrderedDict()}
[0.000400] (order_optimizer) JobStarted: {'identifier': 'order_optimizer'}
[0.093525] (-) TimerEvent: {}
[0.133765] (order_optimizer) JobProgress: {'identifier': 'order_optimizer', 'progress': 'cmake'}
[0.135350] (order_optimizer) JobProgress: {'identifier': 'order_optimizer', 'progress': 'build'}
[0.136763] (order_optimizer) Command: {'cmd': ['/usr/bin/cmake', '--build', '/home/knapp/git/order_optimizer/build/order_optimizer', '--', '-j1', '-l1'], 'cwd': '/home/knapp/git/order_optimizer/build/order_optimizer', 'env': OrderedDict([('GJS_DEBUG_TOPICS', 'JS ERROR;JS LOG'), ('LESSOPEN', '| /usr/bin/lesspipe %s'), ('USER', 'knapp'), ('LC_TIME', 'de_AT.UTF-8'), ('SSH_AGENT_PID', '1342'), ('XDG_SESSION_TYPE', 'x11'), ('SHLVL', '1'), ('LD_LIBRARY_PATH', '/home/knapp/ros2_foxy/install/rosbag2_transport/lib:/home/knapp/ros2_foxy/install/rosbag2_compression/lib:/home/knapp/ros2_foxy/install/zstd_vendor/lib:/home/knapp/ros2_foxy/install/rviz_default_plugins/lib:/home/knapp/ros2_foxy/install/rviz_common/lib:/home/knapp/ros2_foxy/install/rosbag2_storage_default_plugins/lib:/home/knapp/ros2_foxy/install/rosbag2_converter_default_plugins/lib:/home/knapp/ros2_foxy/install/rosbag2_cpp/lib:/home/knapp/ros2_foxy/install/rosbag2_storage/lib:/home/knapp/ros2_foxy/install/yaml_cpp_vendor/opt/yaml_cpp_vendor/lib:/home/knapp/ros2_foxy/install/interactive_markers/lib:/home/knapp/ros2_foxy/install/visualization_msgs/lib:/home/knapp/ros2_foxy/install/robot_state_publisher/lib:/home/knapp/ros2_foxy/install/kdl_parser/lib:/home/knapp/ros2_foxy/install/urdf/lib:/home/knapp/ros2_foxy/install/urdfdom/lib:/home/knapp/ros2_foxy/install/turtlesim/lib:/home/knapp/ros2_foxy/install/tf2_bullet/lib:/home/knapp/ros2_foxy/install/tf2_ros/lib:/home/knapp/ros2_foxy/install/tf2_msgs/lib:/home/knapp/ros2_foxy/install/test_msgs/lib:/home/knapp/ros2_foxy/install/demo_nodes_cpp/lib:/home/knapp/ros2_foxy/install/composition/lib:/home/knapp/ros2_foxy/install/rclpy/lib:/home/knapp/ros2_foxy/install/action_tutorials_cpp/lib:/home/knapp/ros2_foxy/install/rclcpp_action/lib:/home/knapp/ros2_foxy/install/rcl_action/lib:/home/knapp/ros2_foxy/install/move_base_msgs/lib:/home/knapp/ros2_foxy/install/example_interfaces/lib:/home/knapp/ros2_foxy/install/action_tutorials_interfaces/lib:/home/knapp/ros2_foxy/install/action_msgs/lib:/home/knapp/ros2_foxy/install/unique_identifier_msgs/lib:/home/knapp/ros2_foxy/install/trajectory_msgs/lib:/home/knapp/ros2_foxy/install/rqt_gui_cpp/lib:/home/knapp/ros2_foxy/install/rclcpp_lifecycle/lib:/home/knapp/ros2_foxy/install/logging_demo/lib:/home/knapp/ros2_foxy/install/image_tools/lib:/home/knapp/ros2_foxy/install/examples_rclcpp_minimal_composition/lib:/home/knapp/ros2_foxy/install/demo_nodes_cpp_native/lib:/home/knapp/ros2_foxy/install/rclcpp_components/lib:/home/knapp/ros2_foxy/install/laser_geometry/lib:/home/knapp/ros2_foxy/install/rclcpp/lib:/home/knapp/ros2_foxy/install/rcl_lifecycle/lib:/home/knapp/ros2_foxy/install/libstatistics_collector/lib:/home/knapp/ros2_foxy/install/rcl/lib:/home/knapp/ros2_foxy/install/tracetools/lib:/home/knapp/ros2_foxy/install/tlsf/lib:/home/knapp/ros2_foxy/install/qt_gui_cpp/lib:/home/knapp/ros2_foxy/install/tf2_eigen_kdl/lib:/home/knapp/ros2_foxy/install/tf2/lib:/home/knapp/ros2_foxy/install/stereo_msgs/lib:/home/knapp/ros2_foxy/install/std_srvs/lib:/home/knapp/ros2_foxy/install/shape_msgs/lib:/home/knapp/ros2_foxy/install/map_msgs/lib:/home/knapp/ros2_foxy/install/sensor_msgs/lib:/home/knapp/ros2_foxy/install/nav_msgs/lib:/home/knapp/ros2_foxy/install/diagnostic_msgs/lib:/home/knapp/ros2_foxy/install/geometry_msgs/lib:/home/knapp/ros2_foxy/install/actionlib_msgs/lib:/home/knapp/ros2_foxy/install/std_msgs/lib:/home/knapp/ros2_foxy/install/statistics_msgs/lib:/home/knapp/ros2_foxy/install/rcl_logging_spdlog/lib:/home/knapp/ros2_foxy/install/rviz_rendering/lib:/home/knapp/ros2_foxy/install/rviz_ogre_vendor/opt/rviz_ogre_vendor/lib:/home/knapp/ros2_foxy/install/rttest/lib:/home/knapp/ros2_foxy/install/rosgraph_msgs/lib:/home/knapp/ros2_foxy/install/rmw_implementation/lib:/home/knapp/ros2_foxy/install/rmw_fastrtps_dynamic_cpp/lib:/home/knapp/ros2_foxy/install/rmw_fastrtps_cpp/lib:/home/knapp/ros2_foxy/install/rmw_fastrtps_shared_cpp/lib:/home/knapp/ros2_foxy/install/rmw_cyclonedds_cpp/lib:/home/knapp/ros2_foxy/install/rmw_dds_common/lib:/home/knapp/ros2_foxy/install/composition_interfaces/lib:/home/knapp/ros2_foxy/install/rcl_interfaces/lib:/home/knapp/ros2_foxy/install/pendulum_msgs/lib:/home/knapp/ros2_foxy/install/lifecycle_msgs/lib:/home/knapp/ros2_foxy/install/builtin_interfaces/lib:/home/knapp/ros2_foxy/install/rosidl_typesupport_cpp/lib:/home/knapp/ros2_foxy/install/rosidl_typesupport_introspection_cpp/lib:/home/knapp/ros2_foxy/install/rosidl_typesupport_c/lib:/home/knapp/ros2_foxy/install/rosidl_typesupport_introspection_c/lib:/home/knapp/ros2_foxy/install/rosidl_typesupport_fastrtps_c/lib:/home/knapp/ros2_foxy/install/rosidl_typesupport_fastrtps_cpp/lib:/home/knapp/ros2_foxy/install/rmw/lib:/home/knapp/ros2_foxy/install/rosidl_runtime_c/lib:/home/knapp/ros2_foxy/install/resource_retriever/lib:/home/knapp/ros2_foxy/install/class_loader/lib:/home/knapp/ros2_foxy/install/rcpputils/lib:/home/knapp/ros2_foxy/install/rcl_logging_noop/lib:/home/knapp/ros2_foxy/install/rcl_logging_log4cxx/lib:/home/knapp/ros2_foxy/install/rcutils/lib:/home/knapp/ros2_foxy/install/rcl_yaml_param_parser/lib:/home/knapp/ros2_foxy/install/performance_test_fixture/lib:/home/knapp/ros2_foxy/install/osrf_testing_tools_cpp/lib:/home/knapp/ros2_foxy/install/orocos_kdl/lib:/home/knapp/ros2_foxy/install/mimick_vendor/lib:/home/knapp/ros2_foxy/install/message_filters/lib:/home/knapp/ros2_foxy/install/libyaml_vendor/lib:/home/knapp/ros2_foxy/install/google_benchmark_vendor/lib:/home/knapp/ros2_foxy/install/fastrtps/lib:/home/knapp/ros2_foxy/install/fastcdr/lib:/home/knapp/ros2_foxy/install/cyclonedds/lib:/home/knapp/ros2_foxy/install/console_bridge_vendor/lib:/home/knapp/ros2_foxy/install/ament_index_cpp/lib'), ('HOME', '/home/knapp'), ('OLDPWD', '/home/knapp'), ('DESKTOP_SESSION', 'ubuntu'), ('ROS_PYTHON_VERSION', '3'), ('GNOME_SHELL_SESSION_MODE', 'ubuntu'), ('GTK_MODULES', 'gail:atk-bridge'), ('LC_MONETARY', 'de_AT.UTF-8'), ('MANAGERPID', '1163'), ('DBUS_SESSION_BUS_ADDRESS', 'unix:path=/run/user/1000/bus'), ('COLORTERM', 'truecolor'), ('IM_CONFIG_PHASE', '1'), ('COLCON_PREFIX_PATH', '/home/knapp/git/order_optimizer/install:/home/knapp/ros2_foxy/install'), ('ROS_DISTRO', 'foxy'), ('LOGNAME', 'knapp'), ('JOURNAL_STREAM', '8:31666'), ('_', '/usr/bin/colcon'), ('ROS_VERSION', '2'), ('PKG_CONFIG_PATH', '/home/knapp/ros2_foxy/install/urdfdom/lib/x86_64-linux-gnu/pkgconfig:/home/knapp/ros2_foxy/install/urdfdom/lib/pkgconfig:/home/knapp/ros2_foxy/install/urdfdom_headers/lib/pkgconfig:/home/knapp/ros2_foxy/install/test_osrf_testing_tools_cpp/lib/x86_64-linux-gnu/pkgconfig:/home/knapp/ros2_foxy/install/test_osrf_testing_tools_cpp/lib/pkgconfig:/home/knapp/ros2_foxy/install/osrf_testing_tools_cpp/lib/x86_64-linux-gnu/pkgconfig:/home/knapp/ros2_foxy/install/osrf_testing_tools_cpp/lib/pkgconfig:/home/knapp/ros2_foxy/install/orocos_kdl/lib/x86_64-linux-gnu/pkgconfig:/home/knapp/ros2_foxy/install/orocos_kdl/lib/pkgconfig:/home/knapp/ros2_foxy/install/gmock_vendor/lib/x86_64-linux-gnu/pkgconfig:/home/knapp/ros2_foxy/install/gmock_vendor/lib/pkgconfig:/home/knapp/ros2_foxy/install/gtest_vendor/lib/x86_64-linux-gnu/pkgconfig:/home/knapp/ros2_foxy/install/gtest_vendor/lib/pkgconfig:/home/knapp/ros2_foxy/install/google_benchmark_vendor/lib/x86_64-linux-gnu/pkgconfig:/home/knapp/ros2_foxy/install/google_benchmark_vendor/lib/pkgconfig:/home/knapp/ros2_foxy/install/foonathan_memory_vendor/lib/x86_64-linux-gnu/pkgconfig:/home/knapp/ros2_foxy/install/foonathan_memory_vendor/lib/pkgconfig:/home/knapp/ros2_foxy/install/cyclonedds/lib/x86_64-linux-gnu/pkgconfig:/home/knapp/ros2_foxy/install/cyclonedds/lib/pkgconfig'), ('XDG_SESSION_CLASS', 'user'), ('USERNAME', 'knapp'), ('TERM', 'xterm-256color'), ('GNOME_DESKTOP_SESSION_ID', 'this-is-deprecated'), ('ROS_LOCALHOST_ONLY', '0'), ('WINDOWPATH', '2'), ('PATH', '/home/knapp/ros2_foxy/install/rviz2/bin:/home/knapp/ros2_foxy/install/urdfdom/bin:/home/knapp/ros2_foxy/install/rqt_graph/bin:/home/knapp/ros2_foxy/install/rqt_gui/bin:/home/knapp/ros2_foxy/install/ros2cli/bin:/home/knapp/ros2_foxy/install/ament_uncrustify/bin:/home/knapp/ros2_foxy/install/pendulum_control/bin:/home/knapp/ros2_foxy/install/tlsf_cpp/bin:/home/knapp/ros2_foxy/install/rttest/bin:/home/knapp/ros2_foxy/install/launch_testing/bin:/home/knapp/ros2_foxy/install/fastrtps/bin:/home/knapp/ros2_foxy/install/foonathan_memory_vendor/bin:/home/knapp/ros2_foxy/install/cyclonedds/bin:/home/knapp/ros2_foxy/install/ament_xmllint/bin:/home/knapp/ros2_foxy/install/ament_pyflakes/bin:/home/knapp/ros2_foxy/install/ament_pycodestyle/bin:/home/knapp/ros2_foxy/install/ament_pep257/bin:/home/knapp/ros2_foxy/install/ament_pclint/bin:/home/knapp/ros2_foxy/install/ament_mypy/bin:/home/knapp/ros2_foxy/install/ament_lint_cmake/bin:/home/knapp/ros2_foxy/install/ament_flake8/bin:/home/knapp/ros2_foxy/install/ament_copyright/bin:/home/knapp/ros2_foxy/install/ament_index_python/bin:/home/knapp/ros2_foxy/install/ament_cpplint/bin:/home/knapp/ros2_foxy/install/ament_cppcheck/bin:/home/knapp/ros2_foxy/install/ament_clang_tidy/bin:/home/knapp/ros2_foxy/install/ament_clang_format/bin:/home/knapp/.local/bin:/home/knapp/bin:/usr/local/sbin:/usr/local/bin:/usr/sbin:/usr/bin:/sbin:/bin:/usr/games:/usr/local/games:/snap/bin'), ('SESSION_MANAGER', 'local/knapp-VirtualBox:@/tmp/.ICE-unix/1389,unix/knapp-VirtualBox:/tmp/.ICE-unix/1389'), ('INVOCATION_ID', 'a4f738e6718946778e4430d90a38d619'), ('XDG_MENU_PREFIX', 'gnome-'), ('LC_ADDRESS', 'de_AT.UTF-8'), ('GNOME_TERMINAL_SCREEN', '/org/gnome/Terminal/screen/41b5b472_fb47_451a_8a48_b3b77162e183'), ('XDG_RUNTIME_DIR', '/run/user/1000'), ('DISPLAY', ':0'), ('LANG', 'en_US.UTF-8'), ('XDG_CURRENT_DESKTOP', 'ubuntu:GNOME'), ('LC_TELEPHONE', 'de_AT.UTF-8'), ('XMODIFIERS', '@im=ibus'), ('XDG_SESSION_DESKTOP', 'ubuntu'), ('XAUTHORITY', '/run/user/1000/gdm/Xauthority'), ('LS_COLORS', 'rs=0:di=01;34:ln=01;36:mh=00:pi=40;33:so=01;35:do=01;35:bd=40;33;01:cd=40;33;01:or=40;31;01:mi=00:su=37;41:sg=30;43:ca=30;41:tw=30;42:ow=34;42:st=37;44:ex=01;32:*.tar=01;31:*.tgz=01;31:*.arc=01;31:*.arj=01;31:*.taz=01;31:*.lha=01;31:*.lz4=01;31:*.lzh=01;31:*.lzma=01;31:*.tlz=01;31:*.txz=01;31:*.tzo=01;31:*.t7z=01;31:*.zip=01;31:*.z=01;31:*.dz=01;31:*.gz=01;31:*.lrz=01;31:*.lz=01;31:*.lzo=01;31:*.xz=01;31:*.zst=01;31:*.tzst=01;31:*.bz2=01;31:*.bz=01;31:*.tbz=01;31:*.tbz2=01;31:*.tz=01;31:*.deb=01;31:*.rpm=01;31:*.jar=01;31:*.war=01;31:*.ear=01;31:*.sar=01;31:*.rar=01;31:*.alz=01;31:*.ace=01;31:*.zoo=01;31:*.cpio=01;31:*.7z=01;31:*.rz=01;31:*.cab=01;31:*.wim=01;31:*.swm=01;31:*.dwm=01;31:*.esd=01;31:*.jpg=01;35:*.jpeg=01;35:*.mjpg=01;35:*.mjpeg=01;35:*.gif=01;35:*.bmp=01;35:*.pbm=01;35:*.pgm=01;35:*.ppm=01;35:*.tga=01;35:*.xbm=01;35:*.xpm=01;35:*.tif=01;35:*.tiff=01;35:*.png=01;35:*.svg=01;35:*.svgz=01;35:*.mng=01;35:*.pcx=01;35:*.mov=01;35:*.mpg=01;35:*.mpeg=01;35:*.m2v=01;35:*.mkv=01;35:*.webm=01;35:*.ogm=01;35:*.mp4=01;35:*.m4v=01;35:*.mp4v=01;35:*.vob=01;35:*.qt=01;35:*.nuv=01;35:*.wmv=01;35:*.asf=01;35:*.rm=01;35:*.rmvb=01;35:*.flc=01;35:*.avi=01;35:*.fli=01;35:*.flv=01;35:*.gl=01;35:*.dl=01;35:*.xcf=01;35:*.xwd=01;35:*.yuv=01;35:*.cgm=01;35:*.emf=01;35:*.ogv=01;35:*.ogx=01;35:*.aac=00;36:*.au=00;36:*.flac=00;36:*.m4a=00;36:*.mid=00;36:*.midi=00;36:*.mka=00;36:*.mp3=00;36:*.mpc=00;36:*.ogg=00;36:*.ra=00;36:*.wav=00;36:*.oga=00;36:*.opus=00;36:*.spx=00;36:*.xspf=00;36:'), ('GNOME_TERMINAL_SERVICE', ':1.67'), ('SSH_AUTH_SOCK', '/run/user/1000/keyring/ssh'), ('AMENT_PREFIX_PATH', '/home/knapp/git/order_optimizer/install/order_optimizer:/home/knapp/git/order_optimizer/install/OrderOptimizer:/home/knapp/ros2_foxy/install/rosbag2:/home/knapp/ros2_foxy/install/ros2bag:/home/knapp/ros2_foxy/install/rosbag2_transport:/home/knapp/ros2_foxy/install/rosbag2_compression:/home/knapp/ros2_foxy/install/zstd_vendor:/home/knapp/ros2_foxy/install/rviz_visual_testing_framework:/home/knapp/ros2_foxy/install/rviz2:/home/knapp/ros2_foxy/install/rviz_default_plugins:/home/knapp/ros2_foxy/install/rviz_common:/home/knapp/ros2_foxy/install/rosbag2_storage_default_plugins:/home/knapp/ros2_foxy/install/rosbag2_converter_default_plugins:/home/knapp/ros2_foxy/install/rosbag2_cpp:/home/knapp/ros2_foxy/install/rosbag2_storage:/home/knapp/ros2_foxy/install/yaml_cpp_vendor:/home/knapp/ros2_foxy/install/ros1_bridge:/home/knapp/ros2_foxy/install/interactive_markers:/home/knapp/ros2_foxy/install/common_interfaces:/home/knapp/ros2_foxy/install/visualization_msgs:/home/knapp/ros2_foxy/install/dummy_robot_bringup:/home/knapp/ros2_foxy/install/robot_state_publisher:/home/knapp/ros2_foxy/install/kdl_parser:/home/knapp/ros2_foxy/install/urdf:/home/knapp/ros2_foxy/install/turtlesim:/home/knapp/ros2_foxy/install/tracetools_launch:/home/knapp/ros2_foxy/install/topic_monitor:/home/knapp/ros2_foxy/install/geometry2:/home/knapp/ros2_foxy/install/tf2_tools:/home/knapp/ros2_foxy/install/tf2_sensor_msgs:/home/knapp/ros2_foxy/install/test_tf2:/home/knapp/ros2_foxy/install/tf2_kdl:/home/knapp/ros2_foxy/install/tf2_geometry_msgs:/home/knapp/ros2_foxy/install/tf2_eigen:/home/knapp/ros2_foxy/install/tf2_bullet:/home/knapp/ros2_foxy/install/examples_tf2_py:/home/knapp/ros2_foxy/install/tf2_ros:/home/knapp/ros2_foxy/install/tf2_py:/home/knapp/ros2_foxy/install/tf2_msgs:/home/knapp/ros2_foxy/install/test_msgs:/home/knapp/ros2_foxy/install/sros2_cmake:/home/knapp/ros2_foxy/install/ros2cli_common_extensions:/home/knapp/ros2_foxy/install/sros2:/home/knapp/ros2_foxy/install/rqt_topic:/home/knapp/ros2_foxy/install/rqt_top:/home/knapp/ros2_foxy/install/rqt_srv:/home/knapp/ros2_foxy/install/rqt_shell:/home/knapp/ros2_foxy/install/rqt_service_caller:/home/knapp/ros2_foxy/install/rqt_reconfigure:/home/knapp/ros2_foxy/install/rqt_py_console:/home/knapp/ros2_foxy/install/rqt_publisher:/home/knapp/ros2_foxy/install/rqt_plot:/home/knapp/ros2_foxy/install/rqt_action:/home/knapp/ros2_foxy/install/rqt_msg:/home/knapp/ros2_foxy/install/rqt_console:/home/knapp/ros2_foxy/install/rqt:/home/knapp/ros2_foxy/install/rqt_py_common:/home/knapp/ros2_foxy/install/rqt_graph:/home/knapp/ros2_foxy/install/rqt_gui_py:/home/knapp/ros2_foxy/install/rqt_gui:/home/knapp/ros2_foxy/install/ros_testing:/home/knapp/ros2_foxy/install/ros2trace:/home/knapp/ros2_foxy/install/ros2topic:/home/knapp/ros2_foxy/install/ros2test:/home/knapp/ros2_foxy/install/ros2component:/home/knapp/ros2_foxy/install/ros2param:/home/knapp/ros2_foxy/install/ros2lifecycle:/home/knapp/ros2_foxy/install/ros2service:/home/knapp/ros2_foxy/install/ros2run:/home/knapp/ros2_foxy/install/ros2launch:/home/knapp/ros2_foxy/install/ros2pkg:/home/knapp/ros2_foxy/install/ros2node:/home/knapp/ros2_foxy/install/ros2multicast:/home/knapp/ros2_foxy/install/ros2interface:/home/knapp/ros2_foxy/install/ros2doctor:/home/knapp/ros2_foxy/install/ros2action:/home/knapp/ros2_foxy/install/ros2cli:/home/knapp/ros2_foxy/install/quality_of_service_demo_py:/home/knapp/ros2_foxy/install/quality_of_service_demo_cpp:/home/knapp/ros2_foxy/install/launch_testing_ros:/home/knapp/ros2_foxy/install/demo_nodes_cpp:/home/knapp/ros2_foxy/install/composition:/home/knapp/ros2_foxy/install/launch_ros:/home/knapp/ros2_foxy/install/examples_rclpy_minimal_subscriber:/home/knapp/ros2_foxy/install/examples_rclpy_minimal_service:/home/knapp/ros2_foxy/install/examples_rclpy_minimal_publisher:/home/knapp/ros2_foxy/install/examples_rclpy_minimal_client:/home/knapp/ros2_foxy/install/examples_rclpy_minimal_action_server:/home/knapp/ros2_foxy/install/examples_rclpy_minimal_action_client:/home/knapp/ros2_foxy/install/examples_rclpy_executors:/home/knapp/ros2_foxy/install/demo_nodes_py:/home/knapp/ros2_foxy/install/action_tutorials_py:/home/knapp/ros2_foxy/install/rclpy:/home/knapp/ros2_foxy/install/examples_rclcpp_minimal_action_server:/home/knapp/ros2_foxy/install/examples_rclcpp_minimal_action_client:/home/knapp/ros2_foxy/install/action_tutorials_cpp:/home/knapp/ros2_foxy/install/rclcpp_action:/home/knapp/ros2_foxy/install/rcl_action:/home/knapp/ros2_foxy/install/move_base_msgs:/home/knapp/ros2_foxy/install/examples_rclcpp_minimal_service:/home/knapp/ros2_foxy/install/examples_rclcpp_minimal_client:/home/knapp/ros2_foxy/install/example_interfaces:/home/knapp/ros2_foxy/install/action_tutorials_interfaces:/home/knapp/ros2_foxy/install/action_msgs:/home/knapp/ros2_foxy/install/unique_identifier_msgs:/home/knapp/ros2_foxy/install/ament_lint_common:/home/knapp/ros2_foxy/install/ament_cmake_uncrustify:/home/knapp/ros2_foxy/install/ament_uncrustify:/home/knapp/ros2_foxy/install/uncrustify_vendor:/home/knapp/ros2_foxy/install/trajectory_msgs:/home/knapp/ros2_foxy/install/tracetools_trace:/home/knapp/ros2_foxy/install/tracetools_test:/home/knapp/ros2_foxy/install/tracetools_read:/home/knapp/ros2_foxy/install/pendulum_control:/home/knapp/ros2_foxy/install/tlsf_cpp:/home/knapp/ros2_foxy/install/rqt_gui_cpp:/home/knapp/ros2_foxy/install/rosbag2_test_common:/home/knapp/ros2_foxy/install/ros2lifecycle_test_fixtures:/home/knapp/ros2_foxy/install/lifecycle:/home/knapp/ros2_foxy/install/rclcpp_lifecycle:/home/knapp/ros2_foxy/install/logging_demo:/home/knapp/ros2_foxy/install/image_tools:/home/knapp/ros2_foxy/install/examples_rclcpp_minimal_composition:/home/knapp/ros2_foxy/install/demo_nodes_cpp_native:/home/knapp/ros2_foxy/install/rclcpp_components:/home/knapp/ros2_foxy/install/laser_geometry:/home/knapp/ros2_foxy/install/intra_process_demo:/home/knapp/ros2_foxy/install/examples_rclcpp_multithreaded_executor:/home/knapp/ros2_foxy/install/examples_rclcpp_minimal_timer:/home/knapp/ros2_foxy/install/examples_rclcpp_minimal_subscriber:/home/knapp/ros2_foxy/install/examples_rclcpp_minimal_publisher:/home/knapp/ros2_foxy/install/dummy_sensors:/home/knapp/ros2_foxy/install/dummy_map_server:/home/knapp/ros2_foxy/install/rclcpp:/home/knapp/ros2_foxy/install/rcl_lifecycle:/home/knapp/ros2_foxy/install/libstatistics_collector:/home/knapp/ros2_foxy/install/rcl:/home/knapp/ros2_foxy/install/tracetools:/home/knapp/ros2_foxy/install/tlsf:/home/knapp/ros2_foxy/install/tinyxml_vendor:/home/knapp/ros2_foxy/install/qt_gui_core:/home/knapp/ros2_foxy/install/qt_gui_cpp:/home/knapp/ros2_foxy/install/pluginlib:/home/knapp/ros2_foxy/install/tinyxml2_vendor:/home/knapp/ros2_foxy/install/tf2_eigen_kdl:/home/knapp/ros2_foxy/install/tf2:/home/knapp/ros2_foxy/install/test_security:/home/knapp/ros2_foxy/install/test_rmw_implementation:/home/knapp/ros2_foxy/install/test_rclcpp:/home/knapp/ros2_foxy/install/test_quality_of_service:/home/knapp/ros2_foxy/install/test_launch_testing:/home/knapp/ros2_foxy/install/test_launch_ros:/home/knapp/ros2_foxy/install/test_interface_files:/home/knapp/ros2_foxy/install/test_communication:/home/knapp/ros2_foxy/install/test_cli_remapping:/home/knapp/ros2_foxy/install/test_cli:/home/knapp/ros2_foxy/install/qt_gui_app:/home/knapp/ros2_foxy/install/qt_gui:/home/knapp/ros2_foxy/install/tango_icons_vendor:/home/knapp/ros2_foxy/install/stereo_msgs:/home/knapp/ros2_foxy/install/std_srvs:/home/knapp/ros2_foxy/install/shape_msgs:/home/knapp/ros2_foxy/install/sensor_msgs_py:/home/knapp/ros2_foxy/install/map_msgs:/home/knapp/ros2_foxy/install/sensor_msgs:/home/knapp/ros2_foxy/install/nav_msgs:/home/knapp/ros2_foxy/install/diagnostic_msgs:/home/knapp/ros2_foxy/install/geometry_msgs:/home/knapp/ros2_foxy/install/actionlib_msgs:/home/knapp/ros2_foxy/install/std_msgs:/home/knapp/ros2_foxy/install/statistics_msgs:/home/knapp/ros2_foxy/install/sqlite3_vendor:/home/knapp/ros2_foxy/install/rcl_logging_spdlog:/home/knapp/ros2_foxy/install/spdlog_vendor:/home/knapp/ros2_foxy/install/shared_queues_vendor:/home/knapp/ros2_foxy/install/rviz_rendering_tests:/home/knapp/ros2_foxy/install/rviz_rendering:/home/knapp/ros2_foxy/install/rviz_ogre_vendor:/home/knapp/ros2_foxy/install/rviz_assimp_vendor:/home/knapp/ros2_foxy/install/rttest:/home/knapp/ros2_foxy/install/rosgraph_msgs:/home/knapp/ros2_foxy/install/rmw_implementation:/home/knapp/ros2_foxy/install/rmw_fastrtps_dynamic_cpp:/home/knapp/ros2_foxy/install/rmw_fastrtps_cpp:/home/knapp/ros2_foxy/install/rmw_fastrtps_shared_cpp:/home/knapp/ros2_foxy/install/rmw_cyclonedds_cpp:/home/knapp/ros2_foxy/install/rmw_dds_common:/home/knapp/ros2_foxy/install/composition_interfaces:/home/knapp/ros2_foxy/install/rcl_interfaces:/home/knapp/ros2_foxy/install/pendulum_msgs:/home/knapp/ros2_foxy/install/lifecycle_msgs:/home/knapp/ros2_foxy/install/builtin_interfaces:/home/knapp/ros2_foxy/install/rosidl_default_runtime:/home/knapp/ros2_foxy/install/rosidl_default_generators:/home/knapp/ros2_foxy/install/rosidl_generator_py:/home/knapp/ros2_foxy/install/rpyutils:/home/knapp/ros2_foxy/install/rosidl_typesupport_cpp:/home/knapp/ros2_foxy/install/rosidl_typesupport_introspection_cpp:/home/knapp/ros2_foxy/install/rosidl_typesupport_c:/home/knapp/ros2_foxy/install/rosidl_typesupport_introspection_c:/home/knapp/ros2_foxy/install/rosidl_typesupport_fastrtps_c:/home/knapp/ros2_foxy/install/rosidl_typesupport_fastrtps_cpp:/home/knapp/ros2_foxy/install/rmw_connext_cpp:/home/knapp/ros2_foxy/install/rosidl_typesupport_connext_c:/home/knapp/ros2_foxy/install/rosidl_typesupport_connext_cpp:/home/knapp/ros2_foxy/install/rmw:/home/knapp/ros2_foxy/install/rosidl_runtime_c:/home/knapp/ros2_foxy/install/rosidl_generator_cpp:/home/knapp/ros2_foxy/install/rosidl_generator_c:/home/knapp/ros2_foxy/install/rosidl_typesupport_interface:/home/knapp/ros2_foxy/install/rosidl_runtime_py:/home/knapp/ros2_foxy/install/rosidl_runtime_cpp:/home/knapp/ros2_foxy/install/rosidl_generator_dds_idl:/home/knapp/ros2_foxy/install/rosidl_cmake:/home/knapp/ros2_foxy/install/rosidl_parser:/home/knapp/ros2_foxy/install/rosidl_adapter:/home/knapp/ros2_foxy/install/rosbag2_tests:/home/knapp/ros2_foxy/install/ros_environment:/home/knapp/ros2_foxy/install/rmw_implementation_cmake:/home/knapp/ros2_foxy/install/rmw_connext_shared_cpp:/home/knapp/ros2_foxy/install/resource_retriever:/home/knapp/ros2_foxy/install/class_loader:/home/knapp/ros2_foxy/install/rcpputils:/home/knapp/ros2_foxy/install/rcl_logging_noop:/home/knapp/ros2_foxy/install/rcl_logging_log4cxx:/home/knapp/ros2_foxy/install/rcutils:/home/knapp/ros2_foxy/install/rcl_yaml_param_parser:/home/knapp/ros2_foxy/install/qt_gui_py_common:/home/knapp/ros2_foxy/install/qt_dotgraph:/home/knapp/ros2_foxy/install/python_qt_binding:/home/knapp/ros2_foxy/install/launch_testing_ament_cmake:/home/knapp/ros2_foxy/install/python_cmake_module:/home/knapp/ros2_foxy/install/performance_test_fixture:/home/knapp/ros2_foxy/install/launch_yaml:/home/knapp/ros2_foxy/install/launch_xml:/home/knapp/ros2_foxy/install/launch_testing:/home/knapp/ros2_foxy/install/launch:/home/knapp/ros2_foxy/install/osrf_pycommon:/home/knapp/ros2_foxy/install/mimick_vendor:/home/knapp/ros2_foxy/install/message_filters:/home/knapp/ros2_foxy/install/libyaml_vendor:/home/knapp/ros2_foxy/install/libcurl_vendor:/home/knapp/ros2_foxy/install/ament_cmake_ros:/home/knapp/ros2_foxy/install/ament_cmake_gmock:/home/knapp/ros2_foxy/install/ament_cmake_gtest:/home/knapp/ros2_foxy/install/ament_cmake_google_benchmark:/home/knapp/ros2_foxy/install/fastrtps_cmake_module:/home/knapp/ros2_foxy/install/eigen3_cmake_module:/home/knapp/ros2_foxy/install/domain_coordinator:/home/knapp/ros2_foxy/install/console_bridge_vendor:/home/knapp/ros2_foxy/install/connext_cmake_module:/home/knapp/ros2_foxy/install/ament_cmake_xmllint:/home/knapp/ros2_foxy/install/ament_xmllint:/home/knapp/ros2_foxy/install/ament_cmake_pyflakes:/home/knapp/ros2_foxy/install/ament_pyflakes:/home/knapp/ros2_foxy/install/ament_cmake_pycodestyle:/home/knapp/ros2_foxy/install/ament_pycodestyle:/home/knapp/ros2_foxy/install/ament_cmake_pep257:/home/knapp/ros2_foxy/install/ament_pep257:/home/knapp/ros2_foxy/install/ament_cmake_pclint:/home/knapp/ros2_foxy/install/ament_pclint:/home/knapp/ros2_foxy/install/ament_lint_auto:/home/knapp/ros2_foxy/install/ament_cmake_auto:/home/knapp/ros2_foxy/install/ament_cmake:/home/knapp/ros2_foxy/install/ament_cmake_version:/home/knapp/ros2_foxy/install/ament_cmake_pytest:/home/knapp/ros2_foxy/install/ament_cmake_nose:/home/knapp/ros2_foxy/install/ament_cmake_mypy:/home/knapp/ros2_foxy/install/ament_cmake_lint_cmake:/home/knapp/ros2_foxy/install/ament_cmake_flake8:/home/knapp/ros2_foxy/install/ament_cmake_cpplint:/home/knapp/ros2_foxy/install/ament_cmake_cppcheck:/home/knapp/ros2_foxy/install/ament_cmake_copyright:/home/knapp/ros2_foxy/install/ament_cmake_clang_tidy:/home/knapp/ros2_foxy/install/ament_cmake_clang_format:/home/knapp/ros2_foxy/install/ament_cmake_test:/home/knapp/ros2_foxy/install/ament_cmake_target_dependencies:/home/knapp/ros2_foxy/install/ament_cmake_python:/home/knapp/ros2_foxy/install/ament_cmake_export_dependencies:/home/knapp/ros2_foxy/install/ament_cmake_libraries:/home/knapp/ros2_foxy/install/ament_cmake_include_directories:/home/knapp/ros2_foxy/install/ament_cmake_export_targets:/home/knapp/ros2_foxy/install/ament_cmake_export_link_flags:/home/knapp/ros2_foxy/install/ament_cmake_export_interfaces:/home/knapp/ros2_foxy/install/ament_cmake_export_libraries:/home/knapp/ros2_foxy/install/ament_cmake_export_include_directories:/home/knapp/ros2_foxy/install/ament_cmake_export_definitions:/home/knapp/ros2_foxy/install/ament_cmake_core:/home/knapp/ros2_foxy/install/ament_package:/home/knapp/ros2_foxy/install/ament_mypy:/home/knapp/ros2_foxy/install/ament_lint_cmake:/home/knapp/ros2_foxy/install/ament_flake8:/home/knapp/ros2_foxy/install/ament_copyright:/home/knapp/ros2_foxy/install/ament_lint:/home/knapp/ros2_foxy/install/ament_index_python:/home/knapp/ros2_foxy/install/ament_index_cpp:/home/knapp/ros2_foxy/install/ament_cpplint:/home/knapp/ros2_foxy/install/ament_cppcheck:/home/knapp/ros2_foxy/install/ament_clang_tidy:/home/knapp/ros2_foxy/install/ament_clang_format'), ('SHELL', '/bin/bash'), ('LC_NAME', 'de_AT.UTF-8'), ('QT_ACCESSIBILITY', '1'), ('GDMSESSION', 'ubuntu'), ('LESSCLOSE', '/usr/bin/lesspipe %s %s'), ('LC_MEASUREMENT', 'de_AT.UTF-8'), ('GPG_AGENT_INFO', '/run/user/1000/gnupg/S.gpg-agent:0:1'), ('GJS_DEBUG_OUTPUT', 'stderr'), ('LC_IDENTIFICATION', 'de_AT.UTF-8'), ('QT_IM_MODULE', 'ibus'), ('PWD', '/home/knapp/git/order_optimizer/build/order_optimizer'), ('XDG_CONFIG_DIRS', '/etc/xdg/xdg-ubuntu:/etc/xdg'), ('XDG_DATA_DIRS', '/usr/share/ubuntu:/usr/local/share/:/usr/share/:/var/lib/snapd/desktop'), ('PYTHONPATH', '/home/knapp/ros2_foxy/build/ros2bag:/home/knapp/ros2_foxy/install/ros2bag/lib/python3.8/site-packages:/home/knapp/ros2_foxy/install/rosbag2_transport/lib/python3.8/site-packages:/home/knapp/ros2_foxy/install/interactive_markers/lib/python3.8/site-packages:/home/knapp/ros2_foxy/install/visualization_msgs/lib/python3.8/site-packages:/home/knapp/ros2_foxy/install/turtlesim/lib/python3.8/site-packages:/home/knapp/ros2_foxy/build/tracetools_launch:/home/knapp/ros2_foxy/install/tracetools_launch/lib/python3.8/site-packages:/home/knapp/ros2_foxy/build/topic_monitor:/home/knapp/ros2_foxy/install/topic_monitor/lib/python3.8/site-packages:/home/knapp/ros2_foxy/install/tf2_kdl/lib/python3.8/site-packages:/home/knapp/ros2_foxy/build/examples_tf2_py:/home/knapp/ros2_foxy/install/examples_tf2_py/lib/python3.8/site-packages:/home/knapp/ros2_foxy/install/tf2_ros/lib/python3.8/site-packages:/home/knapp/ros2_foxy/install/tf2_py/lib/python3.8/site-packages:/home/knapp/ros2_foxy/install/tf2_msgs/lib/python3.8/site-packages:/home/knapp/ros2_foxy/install/test_msgs/lib/python3.8/site-packages:/home/knapp/ros2_foxy/build/sros2:/home/knapp/ros2_foxy/install/sros2/lib/python3.8/site-packages:/home/knapp/ros2_foxy/build/rqt_topic/src:/home/knapp/ros2_foxy/install/rqt_topic/lib/python3.8/site-packages:/home/knapp/ros2_foxy/build/rqt_top/src:/home/knapp/ros2_foxy/install/rqt_top/lib/python3.8/site-packages:/home/knapp/ros2_foxy/build/rqt_srv/src:/home/knapp/ros2_foxy/install/rqt_srv/lib/python3.8/site-packages:/home/knapp/ros2_foxy/build/rqt_shell/src:/home/knapp/ros2_foxy/install/rqt_shell/lib/python3.8/site-packages:/home/knapp/ros2_foxy/build/rqt_service_caller/src:/home/knapp/ros2_foxy/install/rqt_service_caller/lib/python3.8/site-packages:/home/knapp/ros2_foxy/build/rqt_reconfigure/src:/home/knapp/ros2_foxy/install/rqt_reconfigure/lib/python3.8/site-packages:/home/knapp/ros2_foxy/build/rqt_py_console/src:/home/knapp/ros2_foxy/install/rqt_py_console/lib/python3.8/site-packages:/home/knapp/ros2_foxy/build/rqt_publisher/src:/home/knapp/ros2_foxy/install/rqt_publisher/lib/python3.8/site-packages:/home/knapp/ros2_foxy/build/rqt_plot/src:/home/knapp/ros2_foxy/install/rqt_plot/lib/python3.8/site-packages:/home/knapp/ros2_foxy/build/rqt_action/src:/home/knapp/ros2_foxy/install/rqt_action/lib/python3.8/site-packages:/home/knapp/ros2_foxy/build/rqt_msg/src:/home/knapp/ros2_foxy/install/rqt_msg/lib/python3.8/site-packages:/home/knapp/ros2_foxy/install/rqt_console/lib/python3.8/site-packages:/home/knapp/ros2_foxy/build/rqt:/home/knapp/ros2_foxy/install/rqt/lib/python3.8/site-packages:/home/knapp/ros2_foxy/install/rqt_py_common/lib/python3.8/site-packages:/home/knapp/ros2_foxy/build/rqt_graph/src:/home/knapp/ros2_foxy/install/rqt_graph/lib/python3.8/site-packages:/home/knapp/ros2_foxy/build/rqt_gui_py/src:/home/knapp/ros2_foxy/install/rqt_gui_py/lib/python3.8/site-packages:/home/knapp/ros2_foxy/build/rqt_gui/src:/home/knapp/ros2_foxy/install/rqt_gui/lib/python3.8/site-packages:/home/knapp/ros2_foxy/build/ros2trace:/home/knapp/ros2_foxy/install/ros2trace/lib/python3.8/site-packages:/home/knapp/ros2_foxy/build/ros2topic:/home/knapp/ros2_foxy/install/ros2topic/lib/python3.8/site-packages:/home/knapp/ros2_foxy/build/ros2test:/home/knapp/ros2_foxy/install/ros2test/lib/python3.8/site-packages:/home/knapp/ros2_foxy/build/ros2component:/home/knapp/ros2_foxy/install/ros2component/lib/python3.8/site-packages:/home/knapp/ros2_foxy/build/ros2param:/home/knapp/ros2_foxy/install/ros2param/lib/python3.8/site-packages:/home/knapp/ros2_foxy/build/ros2lifecycle:/home/knapp/ros2_foxy/install/ros2lifecycle/lib/python3.8/site-packages:/home/knapp/ros2_foxy/build/ros2service:/home/knapp/ros2_foxy/install/ros2service/lib/python3.8/site-packages:/home/knapp/ros2_foxy/build/ros2run:/home/knapp/ros2_foxy/install/ros2run/lib/python3.8/site-packages:/home/knapp/ros2_foxy/build/ros2launch:/home/knapp/ros2_foxy/install/ros2launch/lib/python3.8/site-packages:/home/knapp/ros2_foxy/build/ros2pkg:/home/knapp/ros2_foxy/install/ros2pkg/lib/python3.8/site-packages:/home/knapp/ros2_foxy/build/ros2node:/home/knapp/ros2_foxy/install/ros2node/lib/python3.8/site-packages:/home/knapp/ros2_foxy/build/ros2multicast:/home/knapp/ros2_foxy/install/ros2multicast/lib/python3.8/site-packages:/home/knapp/ros2_foxy/build/ros2interface:/home/knapp/ros2_foxy/install/ros2interface/lib/python3.8/site-packages:/home/knapp/ros2_foxy/build/ros2doctor:/home/knapp/ros2_foxy/install/ros2doctor/lib/python3.8/site-packages:/home/knapp/ros2_foxy/build/ros2action:/home/knapp/ros2_foxy/install/ros2action/lib/python3.8/site-packages:/home/knapp/ros2_foxy/build/ros2cli:/home/knapp/ros2_foxy/install/ros2cli/lib/python3.8/site-packages:/home/knapp/ros2_foxy/build/quality_of_service_demo_py:/home/knapp/ros2_foxy/install/quality_of_service_demo_py/lib/python3.8/site-packages:/home/knapp/ros2_foxy/build/launch_testing_ros:/home/knapp/ros2_foxy/install/launch_testing_ros/lib/python3.8/site-packages:/home/knapp/ros2_foxy/build/launch_ros:/home/knapp/ros2_foxy/install/launch_ros/lib/python3.8/site-packages:/home/knapp/ros2_foxy/build/examples_rclpy_minimal_subscriber:/home/knapp/ros2_foxy/install/examples_rclpy_minimal_subscriber/lib/python3.8/site-packages:/home/knapp/ros2_foxy/build/examples_rclpy_minimal_service:/home/knapp/ros2_foxy/install/examples_rclpy_minimal_service/lib/python3.8/site-packages:/home/knapp/ros2_foxy/build/examples_rclpy_minimal_publisher:/home/knapp/ros2_foxy/install/examples_rclpy_minimal_publisher/lib/python3.8/site-packages:/home/knapp/ros2_foxy/build/examples_rclpy_minimal_client:/home/knapp/ros2_foxy/install/examples_rclpy_minimal_client/lib/python3.8/site-packages:/home/knapp/ros2_foxy/build/examples_rclpy_minimal_action_server:/home/knapp/ros2_foxy/install/examples_rclpy_minimal_action_server/lib/python3.8/site-packages:/home/knapp/ros2_foxy/build/examples_rclpy_minimal_action_client:/home/knapp/ros2_foxy/install/examples_rclpy_minimal_action_client/lib/python3.8/site-packages:/home/knapp/ros2_foxy/build/examples_rclpy_executors:/home/knapp/ros2_foxy/install/examples_rclpy_executors/lib/python3.8/site-packages:/home/knapp/ros2_foxy/build/demo_nodes_py:/home/knapp/ros2_foxy/install/demo_nodes_py/lib/python3.8/site-packages:/home/knapp/ros2_foxy/build/action_tutorials_py:/home/knapp/ros2_foxy/install/action_tutorials_py/lib/python3.8/site-packages:/home/knapp/ros2_foxy/install/rclpy/lib/python3.8/site-packages:/home/knapp/ros2_foxy/install/move_base_msgs/lib/python3.8/site-packages:/home/knapp/ros2_foxy/install/example_interfaces/lib/python3.8/site-packages:/home/knapp/ros2_foxy/install/action_tutorials_interfaces/lib/python3.8/site-packages:/home/knapp/ros2_foxy/install/action_msgs/lib/python3.8/site-packages:/home/knapp/ros2_foxy/install/unique_identifier_msgs/lib/python3.8/site-packages:/home/knapp/ros2_foxy/build/ament_uncrustify:/home/knapp/ros2_foxy/install/ament_uncrustify/lib/python3.8/site-packages:/home/knapp/ros2_foxy/install/trajectory_msgs/lib/python3.8/site-packages:/home/knapp/ros2_foxy/build/tracetools_trace:/home/knapp/ros2_foxy/install/tracetools_trace/lib/python3.8/site-packages:/home/knapp/ros2_foxy/build/tracetools_read:/home/knapp/ros2_foxy/install/tracetools_read/lib/python3.8/site-packages:/home/knapp/ros2_foxy/install/logging_demo/lib/python3.8/site-packages:/home/knapp/ros2_foxy/install/libstatistics_collector/lib/python3.8/site-packages:/home/knapp/ros2_foxy/install/qt_gui_cpp/lib/python3.8/site-packages:/home/knapp/ros2_foxy/build/test_launch_ros:/home/knapp/ros2_foxy/install/test_launch_ros/lib/python3.8/site-packages:/home/knapp/ros2_foxy/install/qt_gui/lib/python3.8/site-packages:/home/knapp/ros2_foxy/install/stereo_msgs/lib/python3.8/site-packages:/home/knapp/ros2_foxy/install/std_srvs/lib/python3.8/site-packages:/home/knapp/ros2_foxy/install/shape_msgs/lib/python3.8/site-packages:/home/knapp/ros2_foxy/build/sensor_msgs_py:/home/knapp/ros2_foxy/install/sensor_msgs_py/lib/python3.8/site-packages:/home/knapp/ros2_foxy/install/map_msgs/lib/python3.8/site-packages:/home/knapp/ros2_foxy/install/sensor_msgs/lib/python3.8/site-packages:/home/knapp/ros2_foxy/install/nav_msgs/lib/python3.8/site-packages:/home/knapp/ros2_foxy/install/diagnostic_msgs/lib/python3.8/site-packages:/home/knapp/ros2_foxy/install/geometry_msgs/lib/python3.8/site-packages:/home/knapp/ros2_foxy/install/actionlib_msgs/lib/python3.8/site-packages:/home/knapp/ros2_foxy/install/std_msgs/lib/python3.8/site-packages:/home/knapp/ros2_foxy/install/statistics_msgs/lib/python3.8/site-packages:/home/knapp/ros2_foxy/install/rosgraph_msgs/lib/python3.8/site-packages:/home/knapp/ros2_foxy/install/rmw_dds_common/lib/python3.8/site-packages:/home/knapp/ros2_foxy/install/composition_interfaces/lib/python3.8/site-packages:/home/knapp/ros2_foxy/install/rcl_interfaces/lib/python3.8/site-packages:/home/knapp/ros2_foxy/install/pendulum_msgs/lib/python3.8/site-packages:/home/knapp/ros2_foxy/install/lifecycle_msgs/lib/python3.8/site-packages:/home/knapp/ros2_foxy/install/builtin_interfaces/lib/python3.8/site-packages:/home/knapp/ros2_foxy/install/rosidl_generator_py/lib/python3.8/site-packages:/home/knapp/ros2_foxy/build/rpyutils:/home/knapp/ros2_foxy/install/rpyutils/lib/python3.8/site-packages:/home/knapp/ros2_foxy/install/rosidl_typesupport_cpp/lib/python3.8/site-packages:/home/knapp/ros2_foxy/install/rosidl_typesupport_introspection_cpp/lib/python3.8/site-packages:/home/knapp/ros2_foxy/install/rosidl_typesupport_c/lib/python3.8/site-packages:/home/knapp/ros2_foxy/install/rosidl_typesupport_introspection_c/lib/python3.8/site-packages:/home/knapp/ros2_foxy/install/rosidl_typesupport_fastrtps_c/lib/python3.8/site-packages:/home/knapp/ros2_foxy/install/rosidl_typesupport_fastrtps_cpp/lib/python3.8/site-packages:/home/knapp/ros2_foxy/install/rosidl_generator_cpp/lib/python3.8/site-packages:/home/knapp/ros2_foxy/install/rosidl_generator_c/lib/python3.8/site-packages:/home/knapp/ros2_foxy/build/rosidl_runtime_py:/home/knapp/ros2_foxy/install/rosidl_runtime_py/lib/python3.8/site-packages:/home/knapp/ros2_foxy/install/rosidl_generator_dds_idl/lib/python3.8/site-packages:/home/knapp/ros2_foxy/install/rosidl_cmake/lib/python3.8/site-packages:/home/knapp/ros2_foxy/install/rosidl_parser/lib/python3.8/site-packages:/home/knapp/ros2_foxy/install/rosidl_adapter/lib/python3.8/site-packages:/home/knapp/ros2_foxy/install/resource_retriever/lib/python3.8/site-packages:/home/knapp/ros2_foxy/install/rcutils/lib/python3.8/site-packages:/home/knapp/ros2_foxy/install/qt_gui_py_common/lib/python3.8/site-packages:/home/knapp/ros2_foxy/install/qt_dotgraph/lib/python3.8/site-packages:/home/knapp/ros2_foxy/install/python_qt_binding/lib/python3.8/site-packages:/home/knapp/ros2_foxy/build/launch_yaml:/home/knapp/ros2_foxy/install/launch_yaml/lib/python3.8/site-packages:/home/knapp/ros2_foxy/build/launch_xml:/home/knapp/ros2_foxy/install/launch_xml/lib/python3.8/site-packages:/home/knapp/ros2_foxy/build/launch_testing:/home/knapp/ros2_foxy/install/launch_testing/lib/python3.8/site-packages:/home/knapp/ros2_foxy/build/launch:/home/knapp/ros2_foxy/install/launch/lib/python3.8/site-packages:/home/knapp/ros2_foxy/build/osrf_pycommon:/home/knapp/ros2_foxy/install/osrf_pycommon/lib/python3.8/site-packages:/home/knapp/ros2_foxy/install/message_filters/lib/python3.8/site-packages:/home/knapp/ros2_foxy/install/ament_cmake_google_benchmark/lib/python3.8/site-packages:/home/knapp/ros2_foxy/build/domain_coordinator:/home/knapp/ros2_foxy/install/domain_coordinator/lib/python3.8/site-packages:/home/knapp/ros2_foxy/build/ament_xmllint:/home/knapp/ros2_foxy/install/ament_xmllint/lib/python3.8/site-packages:/home/knapp/ros2_foxy/build/ament_pyflakes:/home/knapp/ros2_foxy/install/ament_pyflakes/lib/python3.8/site-packages:/home/knapp/ros2_foxy/build/ament_pycodestyle:/home/knapp/ros2_foxy/install/ament_pycodestyle/lib/python3.8/site-packages:/home/knapp/ros2_foxy/build/ament_pep257:/home/knapp/ros2_foxy/install/ament_pep257/lib/python3.8/site-packages:/home/knapp/ros2_foxy/build/ament_pclint:/home/knapp/ros2_foxy/install/ament_pclint/lib/python3.8/site-packages:/home/knapp/ros2_foxy/install/ament_cmake_test/lib/python3.8/site-packages:/home/knapp/ros2_foxy/build/ament_package:/home/knapp/ros2_foxy/install/ament_package/lib/python3.8/site-packages:/home/knapp/ros2_foxy/build/ament_mypy:/home/knapp/ros2_foxy/install/ament_mypy/lib/python3.8/site-packages:/home/knapp/ros2_foxy/build/ament_lint_cmake:/home/knapp/ros2_foxy/install/ament_lint_cmake/lib/python3.8/site-packages:/home/knapp/ros2_foxy/build/ament_flake8:/home/knapp/ros2_foxy/install/ament_flake8/lib/python3.8/site-packages:/home/knapp/ros2_foxy/build/ament_copyright:/home/knapp/ros2_foxy/install/ament_copyright/lib/python3.8/site-packages:/home/knapp/ros2_foxy/build/ament_lint:/home/knapp/ros2_foxy/install/ament_lint/lib/python3.8/site-packages:/home/knapp/ros2_foxy/build/ament_index_python:/home/knapp/ros2_foxy/install/ament_index_python/lib/python3.8/site-packages:/home/knapp/ros2_foxy/build/ament_cpplint:/home/knapp/ros2_foxy/install/ament_cpplint/lib/python3.8/site-packages:/home/knapp/ros2_foxy/build/ament_cppcheck:/home/knapp/ros2_foxy/install/ament_cppcheck/lib/python3.8/site-packages:/home/knapp/ros2_foxy/build/ament_clang_tidy:/home/knapp/ros2_foxy/install/ament_clang_tidy/lib/python3.8/site-packages:/home/knapp/ros2_foxy/build/ament_clang_format:/home/knapp/ros2_foxy/install/ament_clang_format/lib/python3.8/site-packages'), ('LC_NUMERIC', 'de_AT.UTF-8'), ('LC_PAPER', 'de_AT.UTF-8'), ('COLCON', '1'), ('VTE_VERSION', '6003'), ('CMAKE_PREFIX_PATH', '/home/knapp/git/order_optimizer/install/order_optimizer:/home/knapp/git/order_optimizer/install/OrderOptimizer:/home/knapp/ros2_foxy/install/rosbag2:/home/knapp/ros2_foxy/install/rosbag2_transport:/home/knapp/ros2_foxy/install/rosbag2_compression:/home/knapp/ros2_foxy/install/zstd_vendor:/home/knapp/ros2_foxy/install/rviz_visual_testing_framework:/home/knapp/ros2_foxy/install/rviz2:/home/knapp/ros2_foxy/install/rviz_default_plugins:/home/knapp/ros2_foxy/install/rviz_common:/home/knapp/ros2_foxy/install/rosbag2_storage_default_plugins:/home/knapp/ros2_foxy/install/rosbag2_converter_default_plugins:/home/knapp/ros2_foxy/install/rosbag2_cpp:/home/knapp/ros2_foxy/install/rosbag2_storage:/home/knapp/ros2_foxy/install/yaml_cpp_vendor:/home/knapp/ros2_foxy/install/ros1_bridge:/home/knapp/ros2_foxy/install/interactive_markers:/home/knapp/ros2_foxy/install/common_interfaces:/home/knapp/ros2_foxy/install/visualization_msgs:/home/knapp/ros2_foxy/install/dummy_robot_bringup:/home/knapp/ros2_foxy/install/robot_state_publisher:/home/knapp/ros2_foxy/install/kdl_parser:/home/knapp/ros2_foxy/install/urdf:/home/knapp/ros2_foxy/install/urdfdom:/home/knapp/ros2_foxy/install/urdfdom_headers:/home/knapp/ros2_foxy/install/turtlesim:/home/knapp/ros2_foxy/install/geometry2:/home/knapp/ros2_foxy/install/tf2_tools:/home/knapp/ros2_foxy/install/tf2_sensor_msgs:/home/knapp/ros2_foxy/install/test_tf2:/home/knapp/ros2_foxy/install/tf2_kdl:/home/knapp/ros2_foxy/install/tf2_geometry_msgs:/home/knapp/ros2_foxy/install/tf2_eigen:/home/knapp/ros2_foxy/install/tf2_bullet:/home/knapp/ros2_foxy/install/tf2_ros:/home/knapp/ros2_foxy/install/tf2_py:/home/knapp/ros2_foxy/install/tf2_msgs:/home/knapp/ros2_foxy/install/test_msgs:/home/knapp/ros2_foxy/install/sros2_cmake:/home/knapp/ros2_foxy/install/ros2cli_common_extensions:/home/knapp/ros2_foxy/install/rqt_console:/home/knapp/ros2_foxy/install/rqt_py_common:/home/knapp/ros2_foxy/install/ros_testing:/home/knapp/ros2_foxy/install/quality_of_service_demo_cpp:/home/knapp/ros2_foxy/install/demo_nodes_cpp:/home/knapp/ros2_foxy/install/composition:/home/knapp/ros2_foxy/install/rclpy:/home/knapp/ros2_foxy/install/examples_rclcpp_minimal_action_server:/home/knapp/ros2_foxy/install/examples_rclcpp_minimal_action_client:/home/knapp/ros2_foxy/install/action_tutorials_cpp:/home/knapp/ros2_foxy/install/rclcpp_action:/home/knapp/ros2_foxy/install/rcl_action:/home/knapp/ros2_foxy/install/move_base_msgs:/home/knapp/ros2_foxy/install/examples_rclcpp_minimal_service:/home/knapp/ros2_foxy/install/examples_rclcpp_minimal_client:/home/knapp/ros2_foxy/install/example_interfaces:/home/knapp/ros2_foxy/install/action_tutorials_interfaces:/home/knapp/ros2_foxy/install/action_msgs:/home/knapp/ros2_foxy/install/unique_identifier_msgs:/home/knapp/ros2_foxy/install/ament_lint_common:/home/knapp/ros2_foxy/install/ament_cmake_uncrustify:/home/knapp/ros2_foxy/install/uncrustify_vendor:/home/knapp/ros2_foxy/install/trajectory_msgs:/home/knapp/ros2_foxy/install/tracetools_test:/home/knapp/ros2_foxy/install/pendulum_control:/home/knapp/ros2_foxy/install/tlsf_cpp:/home/knapp/ros2_foxy/install/rqt_gui_cpp:/home/knapp/ros2_foxy/install/rosbag2_test_common:/home/knapp/ros2_foxy/install/ros2lifecycle_test_fixtures:/home/knapp/ros2_foxy/install/lifecycle:/home/knapp/ros2_foxy/install/rclcpp_lifecycle:/home/knapp/ros2_foxy/install/logging_demo:/home/knapp/ros2_foxy/install/image_tools:/home/knapp/ros2_foxy/install/examples_rclcpp_minimal_composition:/home/knapp/ros2_foxy/install/demo_nodes_cpp_native:/home/knapp/ros2_foxy/install/rclcpp_components:/home/knapp/ros2_foxy/install/laser_geometry:/home/knapp/ros2_foxy/install/intra_process_demo:/home/knapp/ros2_foxy/install/examples_rclcpp_multithreaded_executor:/home/knapp/ros2_foxy/install/examples_rclcpp_minimal_timer:/home/knapp/ros2_foxy/install/examples_rclcpp_minimal_subscriber:/home/knapp/ros2_foxy/install/examples_rclcpp_minimal_publisher:/home/knapp/ros2_foxy/install/dummy_sensors:/home/knapp/ros2_foxy/install/dummy_map_server:/home/knapp/ros2_foxy/install/rclcpp:/home/knapp/ros2_foxy/install/rcl_lifecycle:/home/knapp/ros2_foxy/install/libstatistics_collector:/home/knapp/ros2_foxy/install/rcl:/home/knapp/ros2_foxy/install/tracetools:/home/knapp/ros2_foxy/install/tlsf:/home/knapp/ros2_foxy/install/tinyxml_vendor:/home/knapp/ros2_foxy/install/qt_gui_core:/home/knapp/ros2_foxy/install/qt_gui_cpp:/home/knapp/ros2_foxy/install/pluginlib:/home/knapp/ros2_foxy/install/tinyxml2_vendor:/home/knapp/ros2_foxy/install/tf2_eigen_kdl:/home/knapp/ros2_foxy/install/tf2:/home/knapp/ros2_foxy/install/test_security:/home/knapp/ros2_foxy/install/test_rmw_implementation:/home/knapp/ros2_foxy/install/test_rclcpp:/home/knapp/ros2_foxy/install/test_quality_of_service:/home/knapp/ros2_foxy/install/test_launch_testing:/home/knapp/ros2_foxy/install/test_interface_files:/home/knapp/ros2_foxy/install/test_communication:/home/knapp/ros2_foxy/install/test_cli_remapping:/home/knapp/ros2_foxy/install/test_cli:/home/knapp/ros2_foxy/install/qt_gui_app:/home/knapp/ros2_foxy/install/qt_gui:/home/knapp/ros2_foxy/install/tango_icons_vendor:/home/knapp/ros2_foxy/install/stereo_msgs:/home/knapp/ros2_foxy/install/std_srvs:/home/knapp/ros2_foxy/install/shape_msgs:/home/knapp/ros2_foxy/install/map_msgs:/home/knapp/ros2_foxy/install/sensor_msgs:/home/knapp/ros2_foxy/install/nav_msgs:/home/knapp/ros2_foxy/install/diagnostic_msgs:/home/knapp/ros2_foxy/install/geometry_msgs:/home/knapp/ros2_foxy/install/actionlib_msgs:/home/knapp/ros2_foxy/install/std_msgs:/home/knapp/ros2_foxy/install/statistics_msgs:/home/knapp/ros2_foxy/install/sqlite3_vendor:/home/knapp/ros2_foxy/install/rcl_logging_spdlog:/home/knapp/ros2_foxy/install/spdlog_vendor:/home/knapp/ros2_foxy/install/shared_queues_vendor:/home/knapp/ros2_foxy/install/rviz_rendering_tests:/home/knapp/ros2_foxy/install/rviz_rendering:/home/knapp/ros2_foxy/install/rviz_ogre_vendor:/home/knapp/ros2_foxy/install/rviz_assimp_vendor:/home/knapp/ros2_foxy/install/rttest:/home/knapp/ros2_foxy/install/rosgraph_msgs:/home/knapp/ros2_foxy/install/rmw_implementation:/home/knapp/ros2_foxy/install/rmw_fastrtps_dynamic_cpp:/home/knapp/ros2_foxy/install/rmw_fastrtps_cpp:/home/knapp/ros2_foxy/install/rmw_fastrtps_shared_cpp:/home/knapp/ros2_foxy/install/rmw_cyclonedds_cpp:/home/knapp/ros2_foxy/install/rmw_dds_common:/home/knapp/ros2_foxy/install/composition_interfaces:/home/knapp/ros2_foxy/install/rcl_interfaces:/home/knapp/ros2_foxy/install/pendulum_msgs:/home/knapp/ros2_foxy/install/lifecycle_msgs:/home/knapp/ros2_foxy/install/builtin_interfaces:/home/knapp/ros2_foxy/install/rosidl_default_runtime:/home/knapp/ros2_foxy/install/rosidl_default_generators:/home/knapp/ros2_foxy/install/rosidl_generator_py:/home/knapp/ros2_foxy/install/rosidl_typesupport_cpp:/home/knapp/ros2_foxy/install/rosidl_typesupport_introspection_cpp:/home/knapp/ros2_foxy/install/rosidl_typesupport_c:/home/knapp/ros2_foxy/install/rosidl_typesupport_introspection_c:/home/knapp/ros2_foxy/install/rosidl_typesupport_fastrtps_c:/home/knapp/ros2_foxy/install/rosidl_typesupport_fastrtps_cpp:/home/knapp/ros2_foxy/install/rmw_connext_cpp:/home/knapp/ros2_foxy/install/rosidl_typesupport_connext_c:/home/knapp/ros2_foxy/install/rosidl_typesupport_connext_cpp:/home/knapp/ros2_foxy/install/rmw:/home/knapp/ros2_foxy/install/rosidl_runtime_c:/home/knapp/ros2_foxy/install/rosidl_generator_cpp:/home/knapp/ros2_foxy/install/rosidl_generator_c:/home/knapp/ros2_foxy/install/rosidl_typesupport_interface:/home/knapp/ros2_foxy/install/rosidl_runtime_cpp:/home/knapp/ros2_foxy/install/rosidl_generator_dds_idl:/home/knapp/ros2_foxy/install/rosidl_cmake:/home/knapp/ros2_foxy/install/rosidl_parser:/home/knapp/ros2_foxy/install/rosidl_adapter:/home/knapp/ros2_foxy/install/rosbag2_tests:/home/knapp/ros2_foxy/install/ros_environment:/home/knapp/ros2_foxy/install/rmw_implementation_cmake:/home/knapp/ros2_foxy/install/rmw_connext_shared_cpp:/home/knapp/ros2_foxy/install/resource_retriever:/home/knapp/ros2_foxy/install/class_loader:/home/knapp/ros2_foxy/install/rcpputils:/home/knapp/ros2_foxy/install/rcl_logging_noop:/home/knapp/ros2_foxy/install/rcl_logging_log4cxx:/home/knapp/ros2_foxy/install/rcutils:/home/knapp/ros2_foxy/install/rcl_yaml_param_parser:/home/knapp/ros2_foxy/install/qt_gui_py_common:/home/knapp/ros2_foxy/install/qt_dotgraph:/home/knapp/ros2_foxy/install/python_qt_binding:/home/knapp/ros2_foxy/install/launch_testing_ament_cmake:/home/knapp/ros2_foxy/install/python_cmake_module:/home/knapp/ros2_foxy/install/performance_test_fixture:/home/knapp/ros2_foxy/install/osrf_testing_tools_cpp:/home/knapp/ros2_foxy/install/orocos_kdl:/home/knapp/ros2_foxy/install/mimick_vendor:/home/knapp/ros2_foxy/install/message_filters:/home/knapp/ros2_foxy/install/libyaml_vendor:/home/knapp/ros2_foxy/install/libcurl_vendor:/home/knapp/ros2_foxy/install/ament_cmake_ros:/home/knapp/ros2_foxy/install/ament_cmake_gmock:/home/knapp/ros2_foxy/install/gmock_vendor:/home/knapp/ros2_foxy/install/ament_cmake_gtest:/home/knapp/ros2_foxy/install/gtest_vendor:/home/knapp/ros2_foxy/install/ament_cmake_google_benchmark:/home/knapp/ros2_foxy/install/google_benchmark_vendor:/home/knapp/ros2_foxy/install/fastrtps:/home/knapp/ros2_foxy/install/foonathan_memory_vendor:/home/knapp/ros2_foxy/install/fastrtps_cmake_module:/home/knapp/ros2_foxy/install/fastcdr:/home/knapp/ros2_foxy/install/eigen3_cmake_module:/home/knapp/ros2_foxy/install/cyclonedds:/home/knapp/ros2_foxy/install/console_bridge_vendor:/home/knapp/ros2_foxy/install/connext_cmake_module:/home/knapp/ros2_foxy/install/ament_cmake_xmllint:/home/knapp/ros2_foxy/install/ament_cmake_pyflakes:/home/knapp/ros2_foxy/install/ament_cmake_pycodestyle:/home/knapp/ros2_foxy/install/ament_cmake_pep257:/home/knapp/ros2_foxy/install/ament_cmake_pclint:/home/knapp/ros2_foxy/install/ament_lint_auto:/home/knapp/ros2_foxy/install/ament_cmake_auto:/home/knapp/ros2_foxy/install/ament_cmake:/home/knapp/ros2_foxy/install/ament_cmake_version:/home/knapp/ros2_foxy/install/ament_cmake_pytest:/home/knapp/ros2_foxy/install/ament_cmake_nose:/home/knapp/ros2_foxy/install/ament_cmake_mypy:/home/knapp/ros2_foxy/install/ament_cmake_lint_cmake:/home/knapp/ros2_foxy/install/ament_cmake_flake8:/home/knapp/ros2_foxy/install/ament_cmake_cpplint:/home/knapp/ros2_foxy/install/ament_cmake_cppcheck:/home/knapp/ros2_foxy/install/ament_cmake_copyright:/home/knapp/ros2_foxy/install/ament_cmake_clang_tidy:/home/knapp/ros2_foxy/install/ament_cmake_clang_format:/home/knapp/ros2_foxy/install/ament_cmake_test:/home/knapp/ros2_foxy/install/ament_cmake_target_dependencies:/home/knapp/ros2_foxy/install/ament_cmake_python:/home/knapp/ros2_foxy/install/ament_cmake_export_dependencies:/home/knapp/ros2_foxy/install/ament_cmake_libraries:/home/knapp/ros2_foxy/install/ament_cmake_include_directories:/home/knapp/ros2_foxy/install/ament_cmake_export_targets:/home/knapp/ros2_foxy/install/ament_cmake_export_link_flags:/home/knapp/ros2_foxy/install/ament_cmake_export_interfaces:/home/knapp/ros2_foxy/install/ament_cmake_export_libraries:/home/knapp/ros2_foxy/install/ament_cmake_export_include_directories:/home/knapp/ros2_foxy/install/ament_cmake_export_definitions:/home/knapp/ros2_foxy/install/ament_cmake_core:/home/knapp/ros2_foxy/install/ament_index_cpp:/home/knapp/ros2_foxy/install/ros2bag:/home/knapp/ros2_foxy/install/tracetools_launch:/home/knapp/ros2_foxy/install/topic_monitor:/home/knapp/ros2_foxy/install/examples_tf2_py:/home/knapp/ros2_foxy/install/sros2:/home/knapp/ros2_foxy/install/rqt_topic:/home/knapp/ros2_foxy/install/rqt_top:/home/knapp/ros2_foxy/install/rqt_srv:/home/knapp/ros2_foxy/install/rqt_shell:/home/knapp/ros2_foxy/install/rqt_service_caller:/home/knapp/ros2_foxy/install/rqt_reconfigure:/home/knapp/ros2_foxy/install/rqt_py_console:/home/knapp/ros2_foxy/install/rqt_publisher:/home/knapp/ros2_foxy/install/rqt_plot:/home/knapp/ros2_foxy/install/rqt_action:/home/knapp/ros2_foxy/install/rqt_msg:/home/knapp/ros2_foxy/install/rqt:/home/knapp/ros2_foxy/install/rqt_graph:/home/knapp/ros2_foxy/install/rqt_gui_py:/home/knapp/ros2_foxy/install/rqt_gui:/home/knapp/ros2_foxy/install/ros2trace:/home/knapp/ros2_foxy/install/ros2topic:/home/knapp/ros2_foxy/install/ros2test:/home/knapp/ros2_foxy/install/ros2component:/home/knapp/ros2_foxy/install/ros2param:/home/knapp/ros2_foxy/install/ros2lifecycle:/home/knapp/ros2_foxy/install/ros2service:/home/knapp/ros2_foxy/install/ros2run:/home/knapp/ros2_foxy/install/ros2launch:/home/knapp/ros2_foxy/install/ros2pkg:/home/knapp/ros2_foxy/install/ros2node:/home/knapp/ros2_foxy/install/ros2multicast:/home/knapp/ros2_foxy/install/ros2interface:/home/knapp/ros2_foxy/install/ros2doctor:/home/knapp/ros2_foxy/install/ros2action:/home/knapp/ros2_foxy/install/ros2cli:/home/knapp/ros2_foxy/install/quality_of_service_demo_py:/home/knapp/ros2_foxy/install/launch_testing_ros:/home/knapp/ros2_foxy/install/launch_ros:/home/knapp/ros2_foxy/install/examples_rclpy_minimal_subscriber:/home/knapp/ros2_foxy/install/examples_rclpy_minimal_service:/home/knapp/ros2_foxy/install/examples_rclpy_minimal_publisher:/home/knapp/ros2_foxy/install/examples_rclpy_minimal_client:/home/knapp/ros2_foxy/install/examples_rclpy_minimal_action_server:/home/knapp/ros2_foxy/install/examples_rclpy_minimal_action_client:/home/knapp/ros2_foxy/install/examples_rclpy_executors:/home/knapp/ros2_foxy/install/demo_nodes_py:/home/knapp/ros2_foxy/install/action_tutorials_py:/home/knapp/ros2_foxy/install/ament_uncrustify:/home/knapp/ros2_foxy/install/tracetools_trace:/home/knapp/ros2_foxy/install/tracetools_read:/home/knapp/ros2_foxy/install/test_launch_ros:/home/knapp/ros2_foxy/install/sensor_msgs_py:/home/knapp/ros2_foxy/install/rpyutils:/home/knapp/ros2_foxy/install/rosidl_runtime_py:/home/knapp/ros2_foxy/install/launch_yaml:/home/knapp/ros2_foxy/install/launch_xml:/home/knapp/ros2_foxy/install/launch_testing:/home/knapp/ros2_foxy/install/launch:/home/knapp/ros2_foxy/install/osrf_pycommon:/home/knapp/ros2_foxy/install/domain_coordinator:/home/knapp/ros2_foxy/install/ament_xmllint:/home/knapp/ros2_foxy/install/ament_pyflakes:/home/knapp/ros2_foxy/install/ament_pycodestyle:/home/knapp/ros2_foxy/install/ament_pep257:/home/knapp/ros2_foxy/install/ament_pclint:/home/knapp/ros2_foxy/install/ament_package:/home/knapp/ros2_foxy/install/ament_mypy:/home/knapp/ros2_foxy/install/ament_lint_cmake:/home/knapp/ros2_foxy/install/ament_flake8:/home/knapp/ros2_foxy/install/ament_copyright:/home/knapp/ros2_foxy/install/ament_lint:/home/knapp/ros2_foxy/install/ament_index_python:/home/knapp/ros2_foxy/install/ament_cpplint:/home/knapp/ros2_foxy/install/ament_cppcheck:/home/knapp/ros2_foxy/install/ament_clang_tidy:/home/knapp/ros2_foxy/install/ament_clang_format')]), 'shell': False}
[0.193814] (-) TimerEvent: {}
[0.294944] (-) TimerEvent: {}
[0.379266] (order_optimizer) StdoutLine: {'line': b'\x1b[35m\x1b[1mScanning dependencies of target OrderOptimizer\x1b[0m\n'}
[0.394996] (-) TimerEvent: {}
[0.482204] (order_optimizer) StdoutLine: {'line': b'[ 25%] \x1b[32mBuilding CXX object CMakeFiles/OrderOptimizer.dir/src/subscriber_function.cpp.o\x1b[0m\n'}
[0.495221] (-) TimerEvent: {}
[0.596165] (-) TimerEvent: {}
[0.696727] (-) TimerEvent: {}
[0.797537] (-) TimerEvent: {}
[0.898160] (-) TimerEvent: {}
[0.998835] (-) TimerEvent: {}
[1.099525] (-) TimerEvent: {}
[1.200539] (-) TimerEvent: {}
[1.301234] (-) TimerEvent: {}
[1.402528] (-) TimerEvent: {}
[1.504911] (-) TimerEvent: {}
[1.605685] (-) TimerEvent: {}
[1.706309] (-) TimerEvent: {}
[1.807239] (-) TimerEvent: {}
[1.908159] (-) TimerEvent: {}
[2.008785] (-) TimerEvent: {}
[2.109588] (-) TimerEvent: {}
[2.210197] (-) TimerEvent: {}
[2.310770] (-) TimerEvent: {}
[2.411666] (-) TimerEvent: {}
[2.512379] (-) TimerEvent: {}
[2.614034] (-) TimerEvent: {}
[2.716821] (-) TimerEvent: {}
[2.817817] (-) TimerEvent: {}
[2.919820] (-) TimerEvent: {}
[3.021248] (-) TimerEvent: {}
[3.123809] (-) TimerEvent: {}
[3.224754] (-) TimerEvent: {}
[3.326376] (-) TimerEvent: {}
[3.428836] (-) TimerEvent: {}
[3.530150] (-) TimerEvent: {}
[3.631680] (-) TimerEvent: {}
[3.733273] (-) TimerEvent: {}
[3.834658] (-) TimerEvent: {}
[3.936254] (-) TimerEvent: {}
[4.038127] (-) TimerEvent: {}
[4.141831] (-) TimerEvent: {}
[4.244142] (-) TimerEvent: {}
[4.338666] (order_optimizer) StderrLine: {'line': b'\x1b[01m\x1b[K/home/knapp/git/order_optimizer/src/order_optimizer/src/subscriber_function.cpp:\x1b[m\x1b[K In function \xe2\x80\x98\x1b[01m\x1b[Kint main(int, char**)\x1b[m\x1b[K\xe2\x80\x99:\n'}
[4.339551] (order_optimizer) StderrLine: {'line': b'\x1b[01m\x1b[K/home/knapp/git/order_optimizer/src/order_optimizer/src/subscriber_function.cpp:118:35:\x1b[m\x1b[K \x1b[01;31m\x1b[Kerror: \x1b[m\x1b[Kno match for \xe2\x80\x98\x1b[01m\x1b[Koperator*\x1b[m\x1b[K\xe2\x80\x99 (operand type is \xe2\x80\x98\x1b[01m\x1b[Kconst YAML::Node\x1b[m\x1b[K\xe2\x80\x99)\n'}
[4.340613] (order_optimizer) StderrLine: {'line': b'  118 |         const YAML::Node& parts = *productt["parts"];\n'}
[4.341346] (order_optimizer) StderrLine: {'line': b'In file included from \x1b[01m\x1b[K/usr/include/c++/9/ccomplex:39\x1b[m\x1b[K,\n'}
[4.341840] (order_optimizer) StderrLine: {'line': b'                 from \x1b[01m\x1b[K/usr/include/x86_64-linux-gnu/c++/9/bits/stdc++.h:54\x1b[m\x1b[K,\n'}
[4.342374] (order_optimizer) StderrLine: {'line': b'                 from \x1b[01m\x1b[K/home/knapp/git/order_optimizer/src/order_optimizer/src/subscriber_function.cpp:7\x1b[m\x1b[K:\n'}
[4.346303] (-) TimerEvent: {}
[4.346796] (order_optimizer) StderrLine: {'line': b'\x1b[01m\x1b[K/usr/include/c++/9/complex:391:5:\x1b[m\x1b[K \x1b[01;36m\x1b[Knote: \x1b[m\x1b[Kcandidate: \xe2\x80\x98\x1b[01m\x1b[Ktemplate<class _Tp> std::complex<_Tp> std::operator*(const std::complex<_Tp>&, const std::complex<_Tp>&)\x1b[m\x1b[K\xe2\x80\x99\n'}
[4.347486] (order_optimizer) StderrLine: {'line': b'  391 |     \x1b[01;36m\x1b[Koperator\x1b[m\x1b[K*(const complex<_Tp>& __x, const complex<_Tp>& __y)\n'}
[4.347657] (order_optimizer) StderrLine: {'line': b'      |     \x1b[01;36m\x1b[K^~~~~~~~\x1b[m\x1b[K\n'}
[4.347784] (order_optimizer) StderrLine: {'line': b'\x1b[01m\x1b[K/usr/include/c++/9/complex:391:5:\x1b[m\x1b[K \x1b[01;36m\x1b[Knote: \x1b[m\x1b[K  template argument deduction/substitution failed:\n'}
[4.349332] (order_optimizer) StderrLine: {'line': b'\x1b[01m\x1b[K/home/knapp/git/order_optimizer/src/order_optimizer/src/subscriber_function.cpp:118:52:\x1b[m\x1b[K \x1b[01;36m\x1b[Knote: \x1b[m\x1b[K  \xe2\x80\x98\x1b[01m\x1b[Kconst YAML::Node\x1b[m\x1b[K\xe2\x80\x99 is not derived from \xe2\x80\x98\x1b[01m\x1b[Kconst std::complex<_Tp>\x1b[m\x1b[K\xe2\x80\x99\n'}
[4.349492] (order_optimizer) StderrLine: {'line': b'  118 |         const YAML::Node& parts = *productt["parts"\x1b[01;36m\x1b[K]\x1b[m\x1b[K;\n'}
[4.349760] (order_optimizer) StderrLine: {'line': b'      |                                                    \x1b[01;36m\x1b[K^\x1b[m\x1b[K\n'}
[4.349959] (order_optimizer) StderrLine: {'line': b'In file included from \x1b[01m\x1b[K/usr/include/c++/9/ccomplex:39\x1b[m\x1b[K,\n'}
[4.350093] (order_optimizer) StderrLine: {'line': b'                 from \x1b[01m\x1b[K/usr/include/x86_64-linux-gnu/c++/9/bits/stdc++.h:54\x1b[m\x1b[K,\n'}
[4.350218] (order_optimizer) StderrLine: {'line': b'                 from \x1b[01m\x1b[K/home/knapp/git/order_optimizer/src/order_optimizer/src/subscriber_function.cpp:7\x1b[m\x1b[K:\n'}
[4.350343] (order_optimizer) StderrLine: {'line': b'\x1b[01m\x1b[K/usr/include/c++/9/complex:400:5:\x1b[m\x1b[K \x1b[01;36m\x1b[Knote: \x1b[m\x1b[Kcandidate: \xe2\x80\x98\x1b[01m\x1b[Ktemplate<class _Tp> std::complex<_Tp> std::operator*(const std::complex<_Tp>&, const _Tp&)\x1b[m\x1b[K\xe2\x80\x99\n'}
[4.350470] (order_optimizer) StderrLine: {'line': b'  400 |     \x1b[01;36m\x1b[Koperator\x1b[m\x1b[K*(const complex<_Tp>& __x, const _Tp& __y)\n'}
[4.350593] (order_optimizer) StderrLine: {'line': b'      |     \x1b[01;36m\x1b[K^~~~~~~~\x1b[m\x1b[K\n'}
[4.350722] (order_optimizer) StderrLine: {'line': b'\x1b[01m\x1b[K/usr/include/c++/9/complex:400:5:\x1b[m\x1b[K \x1b[01;36m\x1b[Knote: \x1b[m\x1b[K  template argument deduction/substitution failed:\n'}
[4.350841] (order_optimizer) StderrLine: {'line': b'\x1b[01m\x1b[K/home/knapp/git/order_optimizer/src/order_optimizer/src/subscriber_function.cpp:118:52:\x1b[m\x1b[K \x1b[01;36m\x1b[Knote: \x1b[m\x1b[K  \xe2\x80\x98\x1b[01m\x1b[Kconst YAML::Node\x1b[m\x1b[K\xe2\x80\x99 is not derived from \xe2\x80\x98\x1b[01m\x1b[Kconst std::complex<_Tp>\x1b[m\x1b[K\xe2\x80\x99\n'}
[4.351055] (order_optimizer) StderrLine: {'line': b'  118 |         const YAML::Node& parts = *productt["parts"\x1b[01;36m\x1b[K]\x1b[m\x1b[K;\n'}
[4.351177] (order_optimizer) StderrLine: {'line': b'      |                                                    \x1b[01;36m\x1b[K^\x1b[m\x1b[K\n'}
[4.351326] (order_optimizer) StderrLine: {'line': b'In file included from \x1b[01m\x1b[K/usr/include/c++/9/ccomplex:39\x1b[m\x1b[K,\n'}
[4.351586] (order_optimizer) StderrLine: {'line': b'                 from \x1b[01m\x1b[K/usr/include/x86_64-linux-gnu/c++/9/bits/stdc++.h:54\x1b[m\x1b[K,\n'}
[4.351747] (order_optimizer) StderrLine: {'line': b'                 from \x1b[01m\x1b[K/home/knapp/git/order_optimizer/src/order_optimizer/src/subscriber_function.cpp:7\x1b[m\x1b[K:\n'}
[4.351874] (order_optimizer) StderrLine: {'line': b'\x1b[01m\x1b[K/usr/include/c++/9/complex:409:5:\x1b[m\x1b[K \x1b[01;36m\x1b[Knote: \x1b[m\x1b[Kcandidate: \xe2\x80\x98\x1b[01m\x1b[Ktemplate<class _Tp> std::complex<_Tp> std::operator*(const _Tp&, const std::complex<_Tp>&)\x1b[m\x1b[K\xe2\x80\x99\n'}
[4.360460] (order_optimizer) StderrLine: {'line': b'  409 |     \x1b[01;36m\x1b[Koperator\x1b[m\x1b[K*(const _Tp& __x, const complex<_Tp>& __y)\n'}
[4.360638] (order_optimizer) StderrLine: {'line': b'      |     \x1b[01;36m\x1b[K^~~~~~~~\x1b[m\x1b[K\n'}
[4.360776] (order_optimizer) StderrLine: {'line': b'\x1b[01m\x1b[K/usr/include/c++/9/complex:409:5:\x1b[m\x1b[K \x1b[01;36m\x1b[Knote: \x1b[m\x1b[K  template argument deduction/substitution failed:\n'}
[4.360901] (order_optimizer) StderrLine: {'line': b'\x1b[01m\x1b[K/home/knapp/git/order_optimizer/src/order_optimizer/src/subscriber_function.cpp:118:52:\x1b[m\x1b[K \x1b[01;36m\x1b[Knote: \x1b[m\x1b[K  candidate expects 2 arguments, 1 provided\n'}
[4.361024] (order_optimizer) StderrLine: {'line': b'  118 |         const YAML::Node& parts = *productt["parts"\x1b[01;36m\x1b[K]\x1b[m\x1b[K;\n'}
[4.361144] (order_optimizer) StderrLine: {'line': b'      |                                                    \x1b[01;36m\x1b[K^\x1b[m\x1b[K\n'}
[4.361382] (order_optimizer) StderrLine: {'line': b'In file included from \x1b[01m\x1b[K/usr/include/c++/9/valarray:603\x1b[m\x1b[K,\n'}
[4.361511] (order_optimizer) StderrLine: {'line': b'                 from \x1b[01m\x1b[K/usr/include/x86_64-linux-gnu/c++/9/bits/stdc++.h:95\x1b[m\x1b[K,\n'}
[4.361634] (order_optimizer) StderrLine: {'line': b'                 from \x1b[01m\x1b[K/home/knapp/git/order_optimizer/src/order_optimizer/src/subscriber_function.cpp:7\x1b[m\x1b[K:\n'}
[4.361780] (order_optimizer) StderrLine: {'line': b'\x1b[01m\x1b[K/usr/include/c++/9/bits/valarray_after.h:407:5:\x1b[m\x1b[K \x1b[01;36m\x1b[Knote: \x1b[m\x1b[Kcandidate: \xe2\x80\x98\x1b[01m\x1b[Ktemplate<class _Dom1, class _Dom2> std::_Expr<std::__detail::_BinClos<std::__multiplies, std::_Expr, std::_Expr, _Dom1, _Dom2>, typename std::__fun<std::__multiplies, typename _Dom1::value_type>::result_type> std::operator*(const std::_Expr<_Dom1, typename _Dom1::value_type>&, const std::_Expr<_Dom2, typename _Dom2::value_type>&)\x1b[m\x1b[K\xe2\x80\x99\n'}
[4.361931] (order_optimizer) StderrLine: {'line': b'  407 |     \x1b[01;36m\x1b[K_DEFINE_EXPR_BINARY_OPERATOR\x1b[m\x1b[K(*, __multiplies)\n'}
[4.362055] (order_optimizer) StderrLine: {'line': b'      |     \x1b[01;36m\x1b[K^~~~~~~~~~~~~~~~~~~~~~~~~~~~\x1b[m\x1b[K\n'}
[4.362198] (order_optimizer) StderrLine: {'line': b'\x1b[01m\x1b[K/usr/include/c++/9/bits/valarray_after.h:407:5:\x1b[m\x1b[K \x1b[01;36m\x1b[Knote: \x1b[m\x1b[K  template argument deduction/substitution failed:\n'}
[4.362326] (order_optimizer) StderrLine: {'line': b'\x1b[01m\x1b[K/home/knapp/git/order_optimizer/src/order_optimizer/src/subscriber_function.cpp:118:52:\x1b[m\x1b[K \x1b[01;36m\x1b[Knote: \x1b[m\x1b[K  \xe2\x80\x98\x1b[01m\x1b[Kconst YAML::Node\x1b[m\x1b[K\xe2\x80\x99 is not derived from \xe2\x80\x98\x1b[01m\x1b[Kconst std::_Expr<_Dom1, typename _Dom1::value_type>\x1b[m\x1b[K\xe2\x80\x99\n'}
[4.362467] (order_optimizer) StderrLine: {'line': b'  118 |         const YAML::Node& parts = *productt["parts"\x1b[01;36m\x1b[K]\x1b[m\x1b[K;\n'}
[4.362589] (order_optimizer) StderrLine: {'line': b'      |                                                    \x1b[01;36m\x1b[K^\x1b[m\x1b[K\n'}
[4.362718] (order_optimizer) StderrLine: {'line': b'In file included from \x1b[01m\x1b[K/usr/include/c++/9/valarray:603\x1b[m\x1b[K,\n'}
[4.362837] (order_optimizer) StderrLine: {'line': b'                 from \x1b[01m\x1b[K/usr/include/x86_64-linux-gnu/c++/9/bits/stdc++.h:95\x1b[m\x1b[K,\n'}
[4.363169] (order_optimizer) StderrLine: {'line': b'                 from \x1b[01m\x1b[K/home/knapp/git/order_optimizer/src/order_optimizer/src/subscriber_function.cpp:7\x1b[m\x1b[K:\n'}
[4.363323] (order_optimizer) StderrLine: {'line': b'\x1b[01m\x1b[K/usr/include/c++/9/bits/valarray_after.h:407:5:\x1b[m\x1b[K \x1b[01;36m\x1b[Knote: \x1b[m\x1b[Kcandidate: \xe2\x80\x98\x1b[01m\x1b[Ktemplate<class _Dom> std::_Expr<std::__detail::_BinClos<std::__multiplies, std::_Expr, std::_Constant, _Dom, typename _Dom::value_type>, typename std::__fun<std::__multiplies, typename _Dom1::value_type>::result_type> std::operator*(const std::_Expr<_Dom1, typename _Dom1::value_type>&, const typename _Dom::value_type&)\x1b[m\x1b[K\xe2\x80\x99\n'}
[4.363454] (order_optimizer) StderrLine: {'line': b'  407 |     \x1b[01;36m\x1b[K_DEFINE_EXPR_BINARY_OPERATOR\x1b[m\x1b[K(*, __multiplies)\n'}
[4.363575] (order_optimizer) StderrLine: {'line': b'      |     \x1b[01;36m\x1b[K^~~~~~~~~~~~~~~~~~~~~~~~~~~~\x1b[m\x1b[K\n'}
[4.363696] (order_optimizer) StderrLine: {'line': b'\x1b[01m\x1b[K/usr/include/c++/9/bits/valarray_after.h:407:5:\x1b[m\x1b[K \x1b[01;36m\x1b[Knote: \x1b[m\x1b[K  template argument deduction/substitution failed:\n'}
[4.363827] (order_optimizer) StderrLine: {'line': b'\x1b[01m\x1b[K/home/knapp/git/order_optimizer/src/order_optimizer/src/subscriber_function.cpp:118:52:\x1b[m\x1b[K \x1b[01;36m\x1b[Knote: \x1b[m\x1b[K  \xe2\x80\x98\x1b[01m\x1b[Kconst YAML::Node\x1b[m\x1b[K\xe2\x80\x99 is not derived from \xe2\x80\x98\x1b[01m\x1b[Kconst std::_Expr<_Dom1, typename _Dom1::value_type>\x1b[m\x1b[K\xe2\x80\x99\n'}
[4.368250] (order_optimizer) StderrLine: {'line': b'  118 |         const YAML::Node& parts = *productt["parts"\x1b[01;36m\x1b[K]\x1b[m\x1b[K;\n'}
[4.368393] (order_optimizer) StderrLine: {'line': b'      |                                                    \x1b[01;36m\x1b[K^\x1b[m\x1b[K\n'}
[4.368516] (order_optimizer) StderrLine: {'line': b'In file included from \x1b[01m\x1b[K/usr/include/c++/9/valarray:603\x1b[m\x1b[K,\n'}
[4.368637] (order_optimizer) StderrLine: {'line': b'                 from \x1b[01m\x1b[K/usr/include/x86_64-linux-gnu/c++/9/bits/stdc++.h:95\x1b[m\x1b[K,\n'}
[4.368954] (order_optimizer) StderrLine: {'line': b'                 from \x1b[01m\x1b[K/home/knapp/git/order_optimizer/src/order_optimizer/src/subscriber_function.cpp:7\x1b[m\x1b[K:\n'}
[4.369093] (order_optimizer) StderrLine: {'line': b'\x1b[01m\x1b[K/usr/include/c++/9/bits/valarray_after.h:407:5:\x1b[m\x1b[K \x1b[01;36m\x1b[Knote: \x1b[m\x1b[Kcandidate: \xe2\x80\x98\x1b[01m\x1b[Ktemplate<class _Dom> std::_Expr<std::__detail::_BinClos<std::__multiplies, std::_Constant, std::_Expr, typename _Dom::value_type, _Dom>, typename std::__fun<std::__multiplies, typename _Dom1::value_type>::result_type> std::operator*(const typename _Dom::value_type&, const std::_Expr<_Dom1, typename _Dom1::value_type>&)\x1b[m\x1b[K\xe2\x80\x99\n'}
[4.369286] (order_optimizer) StderrLine: {'line': b'  407 |     \x1b[01;36m\x1b[K_DEFINE_EXPR_BINARY_OPERATOR\x1b[m\x1b[K(*, __multiplies)\n'}
[4.369412] (order_optimizer) StderrLine: {'line': b'      |     \x1b[01;36m\x1b[K^~~~~~~~~~~~~~~~~~~~~~~~~~~~\x1b[m\x1b[K\n'}
[4.369534] (order_optimizer) StderrLine: {'line': b'\x1b[01m\x1b[K/usr/include/c++/9/bits/valarray_after.h:407:5:\x1b[m\x1b[K \x1b[01;36m\x1b[Knote: \x1b[m\x1b[K  template argument deduction/substitution failed:\n'}
[4.369655] (order_optimizer) StderrLine: {'line': b'\x1b[01m\x1b[K/home/knapp/git/order_optimizer/src/order_optimizer/src/subscriber_function.cpp:118:52:\x1b[m\x1b[K \x1b[01;36m\x1b[Knote: \x1b[m\x1b[K  candidate expects 2 arguments, 1 provided\n'}
[4.369787] (order_optimizer) StderrLine: {'line': b'  118 |         const YAML::Node& parts = *productt["parts"\x1b[01;36m\x1b[K]\x1b[m\x1b[K;\n'}
[4.369909] (order_optimizer) StderrLine: {'line': b'      |                                                    \x1b[01;36m\x1b[K^\x1b[m\x1b[K\n'}
[4.370032] (order_optimizer) StderrLine: {'line': b'In file included from \x1b[01m\x1b[K/usr/include/c++/9/valarray:603\x1b[m\x1b[K,\n'}
[4.370154] (order_optimizer) StderrLine: {'line': b'                 from \x1b[01m\x1b[K/usr/include/x86_64-linux-gnu/c++/9/bits/stdc++.h:95\x1b[m\x1b[K,\n'}
[4.370299] (order_optimizer) StderrLine: {'line': b'                 from \x1b[01m\x1b[K/home/knapp/git/order_optimizer/src/order_optimizer/src/subscriber_function.cpp:7\x1b[m\x1b[K:\n'}
[4.370430] (order_optimizer) StderrLine: {'line': b'\x1b[01m\x1b[K/usr/include/c++/9/bits/valarray_after.h:407:5:\x1b[m\x1b[K \x1b[01;36m\x1b[Knote: \x1b[m\x1b[Kcandidate: \xe2\x80\x98\x1b[01m\x1b[Ktemplate<class _Dom> std::_Expr<std::__detail::_BinClos<std::__multiplies, std::_Expr, std::_ValArray, _Dom, typename _Dom::value_type>, typename std::__fun<std::__multiplies, typename _Dom1::value_type>::result_type> std::operator*(const std::_Expr<_Dom1, typename _Dom1::value_type>&, const std::valarray<typename _Dom::value_type>&)\x1b[m\x1b[K\xe2\x80\x99\n'}
[4.370563] (order_optimizer) StderrLine: {'line': b'  407 |     \x1b[01;36m\x1b[K_DEFINE_EXPR_BINARY_OPERATOR\x1b[m\x1b[K(*, __multiplies)\n'}
[4.370687] (order_optimizer) StderrLine: {'line': b'      |     \x1b[01;36m\x1b[K^~~~~~~~~~~~~~~~~~~~~~~~~~~~\x1b[m\x1b[K\n'}
[4.370809] (order_optimizer) StderrLine: {'line': b'\x1b[01m\x1b[K/usr/include/c++/9/bits/valarray_after.h:407:5:\x1b[m\x1b[K \x1b[01;36m\x1b[Knote: \x1b[m\x1b[K  template argument deduction/substitution failed:\n'}
[4.370966] (order_optimizer) StderrLine: {'line': b'\x1b[01m\x1b[K/home/knapp/git/order_optimizer/src/order_optimizer/src/subscriber_function.cpp:118:52:\x1b[m\x1b[K \x1b[01;36m\x1b[Knote: \x1b[m\x1b[K  \xe2\x80\x98\x1b[01m\x1b[Kconst YAML::Node\x1b[m\x1b[K\xe2\x80\x99 is not derived from \xe2\x80\x98\x1b[01m\x1b[Kconst std::_Expr<_Dom1, typename _Dom1::value_type>\x1b[m\x1b[K\xe2\x80\x99\n'}
[4.371092] (order_optimizer) StderrLine: {'line': b'  118 |         const YAML::Node& parts = *productt["parts"\x1b[01;36m\x1b[K]\x1b[m\x1b[K;\n'}
[4.371213] (order_optimizer) StderrLine: {'line': b'      |                                                    \x1b[01;36m\x1b[K^\x1b[m\x1b[K\n'}
[4.371333] (order_optimizer) StderrLine: {'line': b'In file included from \x1b[01m\x1b[K/usr/include/c++/9/valarray:603\x1b[m\x1b[K,\n'}
[4.371455] (order_optimizer) StderrLine: {'line': b'                 from \x1b[01m\x1b[K/usr/include/x86_64-linux-gnu/c++/9/bits/stdc++.h:95\x1b[m\x1b[K,\n'}
[4.371601] (order_optimizer) StderrLine: {'line': b'                 from \x1b[01m\x1b[K/home/knapp/git/order_optimizer/src/order_optimizer/src/subscriber_function.cpp:7\x1b[m\x1b[K:\n'}
[4.371795] (order_optimizer) StderrLine: {'line': b'\x1b[01m\x1b[K/usr/include/c++/9/bits/valarray_after.h:407:5:\x1b[m\x1b[K \x1b[01;36m\x1b[Knote: \x1b[m\x1b[Kcandidate: \xe2\x80\x98\x1b[01m\x1b[Ktemplate<class _Dom> std::_Expr<std::__detail::_BinClos<std::__multiplies, std::_ValArray, std::_Expr, typename _Dom::value_type, _Dom>, typename std::__fun<std::__multiplies, typename _Dom1::value_type>::result_type> std::operator*(const std::valarray<typename _Dom::value_type>&, const std::_Expr<_Dom1, typename _Dom1::value_type>&)\x1b[m\x1b[K\xe2\x80\x99\n'}
[4.379596] (order_optimizer) StderrLine: {'line': b'  407 |     \x1b[01;36m\x1b[K_DEFINE_EXPR_BINARY_OPERATOR\x1b[m\x1b[K(*, __multiplies)\n'}
[4.379760] (order_optimizer) StderrLine: {'line': b'      |     \x1b[01;36m\x1b[K^~~~~~~~~~~~~~~~~~~~~~~~~~~~\x1b[m\x1b[K\n'}
[4.380000] (order_optimizer) StderrLine: {'line': b'\x1b[01m\x1b[K/usr/include/c++/9/bits/valarray_after.h:407:5:\x1b[m\x1b[K \x1b[01;36m\x1b[Knote: \x1b[m\x1b[K  template argument deduction/substitution failed:\n'}
[4.380181] (order_optimizer) StderrLine: {'line': b'\x1b[01m\x1b[K/home/knapp/git/order_optimizer/src/order_optimizer/src/subscriber_function.cpp:118:52:\x1b[m\x1b[K \x1b[01;36m\x1b[Knote: \x1b[m\x1b[K  candidate expects 2 arguments, 1 provided\n'}
[4.380470] (order_optimizer) StderrLine: {'line': b'  118 |         const YAML::Node& parts = *productt["parts"\x1b[01;36m\x1b[K]\x1b[m\x1b[K;\n'}
[4.380632] (order_optimizer) StderrLine: {'line': b'      |                                                    \x1b[01;36m\x1b[K^\x1b[m\x1b[K\n'}
[4.380778] (order_optimizer) StderrLine: {'line': b'In file included from \x1b[01m\x1b[K/usr/include/x86_64-linux-gnu/c++/9/bits/stdc++.h:95\x1b[m\x1b[K,\n'}
[4.380906] (order_optimizer) StderrLine: {'line': b'                 from \x1b[01m\x1b[K/home/knapp/git/order_optimizer/src/order_optimizer/src/subscriber_function.cpp:7\x1b[m\x1b[K:\n'}
[4.381032] (order_optimizer) StderrLine: {'line': b'\x1b[01m\x1b[K/usr/include/c++/9/valarray:1187:1:\x1b[m\x1b[K \x1b[01;36m\x1b[Knote: \x1b[m\x1b[Kcandidate: \xe2\x80\x98\x1b[01m\x1b[Ktemplate<class _Tp> std::_Expr<std::__detail::_BinClos<std::__multiplies, std::_ValArray, std::_ValArray, _Tp, _Tp>, typename std::__fun<std::__multiplies, _Tp>::result_type> std::operator*(const std::valarray<_Tp>&, const std::valarray<_Tp>&)\x1b[m\x1b[K\xe2\x80\x99\n'}
[4.381163] (order_optimizer) StderrLine: {'line': b' 1187 | \x1b[01;36m\x1b[K_DEFINE_BINARY_OPERATOR\x1b[m\x1b[K(*, __multiplies)\n'}
[4.381288] (order_optimizer) StderrLine: {'line': b'      | \x1b[01;36m\x1b[K^~~~~~~~~~~~~~~~~~~~~~~\x1b[m\x1b[K\n'}
[4.381411] (order_optimizer) StderrLine: {'line': b'\x1b[01m\x1b[K/usr/include/c++/9/valarray:1187:1:\x1b[m\x1b[K \x1b[01;36m\x1b[Knote: \x1b[m\x1b[K  template argument deduction/substitution failed:\n'}
[4.381546] (order_optimizer) StderrLine: {'line': b'\x1b[01m\x1b[K/home/knapp/git/order_optimizer/src/order_optimizer/src/subscriber_function.cpp:118:52:\x1b[m\x1b[K \x1b[01;36m\x1b[Knote: \x1b[m\x1b[K  \xe2\x80\x98\x1b[01m\x1b[Kconst YAML::Node\x1b[m\x1b[K\xe2\x80\x99 is not derived from \xe2\x80\x98\x1b[01m\x1b[Kconst std::valarray<_Tp>\x1b[m\x1b[K\xe2\x80\x99\n'}
[4.381674] (order_optimizer) StderrLine: {'line': b'  118 |         const YAML::Node& parts = *productt["parts"\x1b[01;36m\x1b[K]\x1b[m\x1b[K;\n'}
[4.381798] (order_optimizer) StderrLine: {'line': b'      |                                                    \x1b[01;36m\x1b[K^\x1b[m\x1b[K\n'}
[4.381921] (order_optimizer) StderrLine: {'line': b'In file included from \x1b[01m\x1b[K/usr/include/x86_64-linux-gnu/c++/9/bits/stdc++.h:95\x1b[m\x1b[K,\n'}
[4.382048] (order_optimizer) StderrLine: {'line': b'                 from \x1b[01m\x1b[K/home/knapp/git/order_optimizer/src/order_optimizer/src/subscriber_function.cpp:7\x1b[m\x1b[K:\n'}
[4.382172] (order_optimizer) StderrLine: {'line': b'\x1b[01m\x1b[K/usr/include/c++/9/valarray:1187:1:\x1b[m\x1b[K \x1b[01;36m\x1b[Knote: \x1b[m\x1b[Kcandidate: \xe2\x80\x98\x1b[01m\x1b[Ktemplate<class _Tp> std::_Expr<std::__detail::_BinClos<std::__multiplies, std::_ValArray, std::_Constant, _Tp, _Tp>, typename std::__fun<std::__multiplies, _Tp>::result_type> std::operator*(const std::valarray<_Tp>&, const typename std::valarray<_Tp>::value_type&)\x1b[m\x1b[K\xe2\x80\x99\n'}
[4.382338] (order_optimizer) StderrLine: {'line': b' 1187 | \x1b[01;36m\x1b[K_DEFINE_BINARY_OPERATOR\x1b[m\x1b[K(*, __multiplies)\n'}
[4.382462] (order_optimizer) StderrLine: {'line': b'      | \x1b[01;36m\x1b[K^~~~~~~~~~~~~~~~~~~~~~~\x1b[m\x1b[K\n'}
[4.382583] (order_optimizer) StderrLine: {'line': b'\x1b[01m\x1b[K/usr/include/c++/9/valarray:1187:1:\x1b[m\x1b[K \x1b[01;36m\x1b[Knote: \x1b[m\x1b[K  template argument deduction/substitution failed:\n'}
[4.382707] (order_optimizer) StderrLine: {'line': b'\x1b[01m\x1b[K/home/knapp/git/order_optimizer/src/order_optimizer/src/subscriber_function.cpp:118:52:\x1b[m\x1b[K \x1b[01;36m\x1b[Knote: \x1b[m\x1b[K  \xe2\x80\x98\x1b[01m\x1b[Kconst YAML::Node\x1b[m\x1b[K\xe2\x80\x99 is not derived from \xe2\x80\x98\x1b[01m\x1b[Kconst std::valarray<_Tp>\x1b[m\x1b[K\xe2\x80\x99\n'}
[4.388469] (order_optimizer) StderrLine: {'line': b'  118 |         const YAML::Node& parts = *productt["parts"\x1b[01;36m\x1b[K]\x1b[m\x1b[K;\n'}
[4.388624] (order_optimizer) StderrLine: {'line': b'      |                                                    \x1b[01;36m\x1b[K^\x1b[m\x1b[K\n'}
[4.388747] (order_optimizer) StderrLine: {'line': b'In file included from \x1b[01m\x1b[K/usr/include/x86_64-linux-gnu/c++/9/bits/stdc++.h:95\x1b[m\x1b[K,\n'}
[4.390527] (order_optimizer) StderrLine: {'line': b'                 from \x1b[01m\x1b[K/home/knapp/git/order_optimizer/src/order_optimizer/src/subscriber_function.cpp:7\x1b[m\x1b[K:\n'}
[4.390717] (order_optimizer) StderrLine: {'line': b'\x1b[01m\x1b[K/usr/include/c++/9/valarray:1187:1:\x1b[m\x1b[K \x1b[01;36m\x1b[Knote: \x1b[m\x1b[Kcandidate: \xe2\x80\x98\x1b[01m\x1b[Ktemplate<class _Tp> std::_Expr<std::__detail::_BinClos<std::__multiplies, std::_Constant, std::_ValArray, _Tp, _Tp>, typename std::__fun<std::__multiplies, _Tp>::result_type> std::operator*(const typename std::valarray<_Tp>::value_type&, const std::valarray<_Tp>&)\x1b[m\x1b[K\xe2\x80\x99\n'}
[4.390848] (order_optimizer) StderrLine: {'line': b' 1187 | \x1b[01;36m\x1b[K_DEFINE_BINARY_OPERATOR\x1b[m\x1b[K(*, __multiplies)\n'}
[4.390969] (order_optimizer) StderrLine: {'line': b'      | \x1b[01;36m\x1b[K^~~~~~~~~~~~~~~~~~~~~~~\x1b[m\x1b[K\n'}
[4.391090] (order_optimizer) StderrLine: {'line': b'\x1b[01m\x1b[K/usr/include/c++/9/valarray:1187:1:\x1b[m\x1b[K \x1b[01;36m\x1b[Knote: \x1b[m\x1b[K  template argument deduction/substitution failed:\n'}
[4.391212] (order_optimizer) StderrLine: {'line': b'\x1b[01m\x1b[K/home/knapp/git/order_optimizer/src/order_optimizer/src/subscriber_function.cpp:118:52:\x1b[m\x1b[K \x1b[01;36m\x1b[Knote: \x1b[m\x1b[K  candidate expects 2 arguments, 1 provided\n'}
[4.391332] (order_optimizer) StderrLine: {'line': b'  118 |         const YAML::Node& parts = *productt["parts"\x1b[01;36m\x1b[K]\x1b[m\x1b[K;\n'}
[4.391451] (order_optimizer) StderrLine: {'line': b'      |                                                    \x1b[01;36m\x1b[K^\x1b[m\x1b[K\n'}
[4.391569] (order_optimizer) StderrLine: {'line': b'\x1b[01m\x1b[K/home/knapp/git/order_optimizer/src/order_optimizer/src/subscriber_function.cpp:122:35:\x1b[m\x1b[K \x1b[01;31m\x1b[Kerror: \x1b[m\x1b[Kconversion from \xe2\x80\x98\x1b[01m\x1b[Kconst YAML::Node\x1b[m\x1b[K\xe2\x80\x99 to non-scalar type \xe2\x80\x98\x1b[01m\x1b[Kpart\x1b[m\x1b[K\xe2\x80\x99 requested\n'}
[4.391692] (order_optimizer) StderrLine: {'line': b'  122 |             part part_ = parts[it2\x1b[01;31m\x1b[K]\x1b[m\x1b[K;\n'}
[4.391809] (order_optimizer) StderrLine: {'line': b'      |                                   \x1b[01;31m\x1b[K^\x1b[m\x1b[K\n'}
[4.447582] (-) TimerEvent: {}
[4.550119] (-) TimerEvent: {}
[4.652302] (-) TimerEvent: {}
[4.753781] (-) TimerEvent: {}
[4.856650] (-) TimerEvent: {}
[4.958256] (-) TimerEvent: {}
[5.060551] (-) TimerEvent: {}
[5.162879] (-) TimerEvent: {}
[5.264060] (-) TimerEvent: {}
[5.366434] (-) TimerEvent: {}
[5.468465] (-) TimerEvent: {}
[5.570095] (-) TimerEvent: {}
[5.672434] (-) TimerEvent: {}
[5.776374] (-) TimerEvent: {}
[5.877028] (-) TimerEvent: {}
[5.977678] (-) TimerEvent: {}
[6.079246] (-) TimerEvent: {}
[6.181468] (-) TimerEvent: {}
[6.283419] (-) TimerEvent: {}
[6.385272] (-) TimerEvent: {}
[6.488215] (-) TimerEvent: {}
[6.590079] (-) TimerEvent: {}
[6.691108] (-) TimerEvent: {}
[6.792338] (-) TimerEvent: {}
[6.894495] (-) TimerEvent: {}
[6.996497] (-) TimerEvent: {}
[7.098102] (-) TimerEvent: {}
[7.199130] (-) TimerEvent: {}
[7.300938] (-) TimerEvent: {}
[7.335808] (order_optimizer) StderrLine: {'line': b'make[2]: *** [CMakeFiles/OrderOptimizer.dir/build.make:63: CMakeFiles/OrderOptimizer.dir/src/subscriber_function.cpp.o] Error 1\n'}
[7.344583] (order_optimizer) StderrLine: {'line': b'make[1]: *** [CMakeFiles/Makefile2:80: CMakeFiles/OrderOptimizer.dir/all] Error 2\n'}
[7.346463] (order_optimizer) StderrLine: {'line': b'make: *** [Makefile:141: all] Error 2\n'}
[7.347072] (order_optimizer) CommandEnded: {'returncode': 2}
[7.404574] (-) TimerEvent: {}
[7.506490] (-) TimerEvent: {}
[7.598142] (order_optimizer) JobEnded: {'identifier': 'order_optimizer', 'rc': 2}
[7.605168] (-) EventReactorShutdown: {}
