[01m[K/home/knapp/git/order_optimizer/src/order_optimizer/src/subscriber_function.cpp:13:9:[m[K [01;35m[Kwarning: [m[KISO C++ forbids flexible array member â€˜[01m[Kproducts[m[Kâ€™ [[01;35m[K-Wpedantic[m[K]
   13 |     int [01;35m[Kproducts[m[K[];
      |         [01;35m[K^~~~~~~~[m[K
[01m[K/home/knapp/git/order_optimizer/src/order_optimizer/src/subscriber_function.cpp:25:10:[m[K [01;35m[Kwarning: [m[KISO C++ forbids flexible array member â€˜[01m[Kparts[m[Kâ€™ [[01;35m[K-Wpedantic[m[K]
   25 |     part [01;35m[Kparts[m[K[];
      |          [01;35m[K^~~~~[m[K
[01m[K/home/knapp/git/order_optimizer/src/order_optimizer/src/subscriber_function.cpp:[m[K In function â€˜[01m[Kint main(int, char**)[m[Kâ€™:
[01m[K/home/knapp/git/order_optimizer/src/order_optimizer/src/subscriber_function.cpp:74:28:[m[K [01;31m[Kerror: [m[Kâ€˜[01m[Kfilesystem[m[Kâ€™ in namespace â€˜[01m[Kstd[m[Kâ€™ does not name a type
   74 |                 const std::[01;31m[Kfilesystem[m[K::path path(config_path); // Constructing the path from a string is possible.
      |                            [01;31m[K^~~~~~~~~~[m[K
[01m[K/home/knapp/git/order_optimizer/src/order_optimizer/src/subscriber_function.cpp:76:26:[m[K [01;31m[Kerror: [m[Kâ€˜[01m[Kstd::filesystem[m[Kâ€™ has not been declared
   76 |                 if (std::[01;31m[Kfilesystem[m[K::is_directory(path, ec))
      |                          [01;31m[K^~~~~~~~~~[m[K
[01m[K/home/knapp/git/order_optimizer/src/order_optimizer/src/subscriber_function.cpp:76:51:[m[K [01;31m[Kerror: [m[Kâ€˜[01m[Kpath[m[Kâ€™ was not declared in this scope
   76 |                 if (std::filesystem::is_directory([01;31m[Kpath[m[K, ec))
      |                                                   [01;31m[K^~~~[m[K
make[2]: *** [CMakeFiles/OrderOptimizer.dir/build.make:63: CMakeFiles/OrderOptimizer.dir/src/subscriber_function.cpp.o] Error 1
make[1]: *** [CMakeFiles/Makefile2:80: CMakeFiles/OrderOptimizer.dir/all] Error 2
make: *** [Makefile:141: all] Error 2
