[35m[1mScanning dependencies of target OrderOptimizer[0m
[ 25%] [32mBuilding CXX object CMakeFiles/OrderOptimizer.dir/src/subscriber_function.cpp.o[0m
[01m[K/home/knapp/git/order_optimizer/src/order_optimizer/src/subscriber_function.cpp:[m[K In lambda function:
[01m[K/home/knapp/git/order_optimizer/src/order_optimizer/src/subscriber_function.cpp:240:102:[m[K [01;31m[Kerror: [m[Kinvalid user-defined conversion from â€˜[01m[Kstd::reference_wrapper<const std::vector<order> >[m[Kâ€™ to â€˜[01m[Kstd::vector<order>&[m[Kâ€™ [[01;31m[K-fpermissive[m[K]
  240 |             thread_objects.push_back(std::thread ([=] {read_orders(order_filename, order_id, [01;31m[Kstd::ref(orders)[m[K);}));
      |                                                                                              [01;31m[K~~~~~~~~^~~~~~~~[m[K
In file included from [01m[K/usr/include/c++/9/bits/shared_ptr_base.h:54[m[K,
                 from [01m[K/usr/include/c++/9/bits/shared_ptr.h:52[m[K,
                 from [01m[K/usr/include/c++/9/memory:81[m[K,
                 from [01m[K/home/knapp/git/order_optimizer/src/order_optimizer/src/subscriber_function.cpp:1[m[K:
[01m[K/usr/include/c++/9/bits/refwrap.h:325:7:[m[K [01;36m[Knote: [m[Kcandidate is: â€˜[01m[Kstd::reference_wrapper<_Tp>::operator _Tp&() const [with _Tp = const std::vector<order>][m[Kâ€™ <near match>
  325 |       [01;36m[Koperator[m[K _Tp&() const noexcept
      |       [01;36m[K^~~~~~~~[m[K
[01m[K/usr/include/c++/9/bits/refwrap.h:325:7:[m[K [01;36m[Knote: [m[K  no known conversion from â€˜[01m[Kconst std::vector<order>&[m[Kâ€™ to â€˜[01m[Kstd::vector<order>&[m[Kâ€™
[01m[K/home/knapp/git/order_optimizer/src/order_optimizer/src/subscriber_function.cpp:240:110:[m[K [01;31m[Kerror: [m[Kconversion from â€˜[01m[Kconst std::vector<order>[m[Kâ€™ to â€˜[01m[Kstd::vector<order>&[m[Kâ€™ discards qualifiers [[01;31m[K-fpermissive[m[K]
  240 |             thread_objects.push_back(std::thread ([=] {read_orders(order_filename, order_id, std::ref(orders)[01;31m[K)[m[K;}));
      |                                                                                                              [01;31m[K^[m[K
[01m[K/home/knapp/git/order_optimizer/src/order_optimizer/src/subscriber_function.cpp:151:83:[m[K [01;36m[Knote: [m[K  initializing argument 3 of â€˜[01m[Kvoid OrderOptimizer::read_orders(std::string, int, std::vector<order>&)[m[Kâ€™
  151 |     void read_orders(std::string config_file, int order_id, [01;36m[Kvector<struct order> &orders[m[K) {
      |                                                             [01;36m[K~~~~~~~~~~~~~~~~~~~~~~^~~~~~[m[K
[01m[K/home/knapp/git/order_optimizer/src/order_optimizer/src/subscriber_function.cpp:[m[K In member function â€˜[01m[Kvoid OrderOptimizer::next_order_callback(std_msgs::msg::String_<std::allocator<void> >::SharedPtr)[m[Kâ€™:
[01m[K/home/knapp/git/order_optimizer/src/order_optimizer/src/subscriber_function.cpp:243:24:[m[K [01;31m[Kerror: [m[Kuse of deleted function â€˜[01m[Kstd::thread::thread(const std::thread&)[m[Kâ€™
  243 |         for (auto thr: [01;31m[Kthread_objects[m[K){
      |                        [01;31m[K^~~~~~~~~~~~~~[m[K
In file included from [01m[K/usr/include/c++/9/future:39[m[K,
                 from [01m[K/home/knapp/ros2_foxy/install/rclcpp/include/rclcpp/executors.hpp:18[m[K,
                 from [01m[K/home/knapp/ros2_foxy/install/rclcpp/include/rclcpp/rclcpp.hpp:146[m[K,
                 from [01m[K/home/knapp/git/order_optimizer/src/order_optimizer/src/subscriber_function.cpp:3[m[K:
[01m[K/usr/include/c++/9/thread:142:5:[m[K [01;36m[Knote: [m[Kdeclared here
  142 |     [01;36m[Kthread[m[K(const thread&) = delete;
      |     [01;36m[K^~~~~~[m[K
make[2]: *** [CMakeFiles/OrderOptimizer.dir/build.make:63: CMakeFiles/OrderOptimizer.dir/src/subscriber_function.cpp.o] Error 1
make[1]: *** [CMakeFiles/Makefile2:80: CMakeFiles/OrderOptimizer.dir/all] Error 2
make: *** [Makefile:141: all] Error 2
