[0.152s] Invoking command in '/home/knapp/git/order_optimizer/build/order_optimizer': CMAKE_PREFIX_PATH=${CMAKE_PREFIX_PATH}:/home/knapp/ros2_foxy/install/ros2bag:/home/knapp/ros2_foxy/install/tracetools_launch:/home/knapp/ros2_foxy/install/topic_monitor:/home/knapp/ros2_foxy/install/examples_tf2_py:/home/knapp/ros2_foxy/install/sros2:/home/knapp/ros2_foxy/install/rqt_topic:/home/knapp/ros2_foxy/install/rqt_top:/home/knapp/ros2_foxy/install/rqt_srv:/home/knapp/ros2_foxy/install/rqt_shell:/home/knapp/ros2_foxy/install/rqt_service_caller:/home/knapp/ros2_foxy/install/rqt_reconfigure:/home/knapp/ros2_foxy/install/rqt_py_console:/home/knapp/ros2_foxy/install/rqt_publisher:/home/knapp/ros2_foxy/install/rqt_plot:/home/knapp/ros2_foxy/install/rqt_action:/home/knapp/ros2_foxy/install/rqt_msg:/home/knapp/ros2_foxy/install/rqt:/home/knapp/ros2_foxy/install/rqt_graph:/home/knapp/ros2_foxy/install/rqt_gui_py:/home/knapp/ros2_foxy/install/rqt_gui:/home/knapp/ros2_foxy/install/ros2trace:/home/knapp/ros2_foxy/install/ros2topic:/home/knapp/ros2_foxy/install/ros2test:/home/knapp/ros2_foxy/install/ros2component:/home/knapp/ros2_foxy/install/ros2param:/home/knapp/ros2_foxy/install/ros2lifecycle:/home/knapp/ros2_foxy/install/ros2service:/home/knapp/ros2_foxy/install/ros2run:/home/knapp/ros2_foxy/install/ros2launch:/home/knapp/ros2_foxy/install/ros2pkg:/home/knapp/ros2_foxy/install/ros2node:/home/knapp/ros2_foxy/install/ros2multicast:/home/knapp/ros2_foxy/install/ros2interface:/home/knapp/ros2_foxy/install/ros2doctor:/home/knapp/ros2_foxy/install/ros2action:/home/knapp/ros2_foxy/install/ros2cli:/home/knapp/ros2_foxy/install/quality_of_service_demo_py:/home/knapp/ros2_foxy/install/launch_testing_ros:/home/knapp/ros2_foxy/install/launch_ros:/home/knapp/ros2_foxy/install/examples_rclpy_minimal_subscriber:/home/knapp/ros2_foxy/install/examples_rclpy_minimal_service:/home/knapp/ros2_foxy/install/examples_rclpy_minimal_publisher:/home/knapp/ros2_foxy/install/examples_rclpy_minimal_client:/home/knapp/ros2_foxy/install/examples_rclpy_minimal_action_server:/home/knapp/ros2_foxy/install/examples_rclpy_minimal_action_client:/home/knapp/ros2_foxy/install/examples_rclpy_executors:/home/knapp/ros2_foxy/install/demo_nodes_py:/home/knapp/ros2_foxy/install/action_tutorials_py:/home/knapp/ros2_foxy/install/ament_uncrustify:/home/knapp/ros2_foxy/install/tracetools_trace:/home/knapp/ros2_foxy/install/tracetools_read:/home/knapp/ros2_foxy/install/test_launch_ros:/home/knapp/ros2_foxy/install/sensor_msgs_py:/home/knapp/ros2_foxy/install/rpyutils:/home/knapp/ros2_foxy/install/rosidl_runtime_py:/home/knapp/ros2_foxy/install/launch_yaml:/home/knapp/ros2_foxy/install/launch_xml:/home/knapp/ros2_foxy/install/launch_testing:/home/knapp/ros2_foxy/install/launch:/home/knapp/ros2_foxy/install/osrf_pycommon:/home/knapp/ros2_foxy/install/domain_coordinator:/home/knapp/ros2_foxy/install/ament_xmllint:/home/knapp/ros2_foxy/install/ament_pyflakes:/home/knapp/ros2_foxy/install/ament_pycodestyle:/home/knapp/ros2_foxy/install/ament_pep257:/home/knapp/ros2_foxy/install/ament_pclint:/home/knapp/ros2_foxy/install/ament_package:/home/knapp/ros2_foxy/install/ament_mypy:/home/knapp/ros2_foxy/install/ament_lint_cmake:/home/knapp/ros2_foxy/install/ament_flake8:/home/knapp/ros2_foxy/install/ament_copyright:/home/knapp/ros2_foxy/install/ament_lint:/home/knapp/ros2_foxy/install/ament_index_python:/home/knapp/ros2_foxy/install/ament_cpplint:/home/knapp/ros2_foxy/install/ament_cppcheck:/home/knapp/ros2_foxy/install/ament_clang_tidy:/home/knapp/ros2_foxy/install/ament_clang_format /usr/bin/cmake --build /home/knapp/git/order_optimizer/build/order_optimizer -- -j1 -l1
[0.363s] -- Found ament_cmake: 0.9.8 (/home/knapp/ros2_foxy/install/ament_cmake/share/ament_cmake/cmake)
[1.343s] -- Using PYTHON_EXECUTABLE: /usr/bin/python3
[2.859s] -- Found rclcpp: 2.3.1 (/home/knapp/ros2_foxy/install/rclcpp/share/rclcpp/cmake)
[3.037s] -- Using all available rosidl_typesupport_c: rosidl_typesupport_introspection_c;rosidl_typesupport_fastrtps_c
[3.044s] -- Found rosidl_adapter: 1.2.1 (/home/knapp/ros2_foxy/install/rosidl_adapter/share/rosidl_adapter/cmake)
[3.552s] -- Using all available rosidl_typesupport_cpp: rosidl_typesupport_introspection_cpp;rosidl_typesupport_fastrtps_cpp
[3.665s] -- Found rmw_implementation_cmake: 1.0.3 (/home/knapp/ros2_foxy/install/rmw_implementation_cmake/share/rmw_implementation_cmake/cmake)
[3.716s] -- Using RMW implementation 'rmw_fastrtps_cpp' as default
[4.003s] -- Found geometry_msgs: 2.0.4 (/home/knapp/ros2_foxy/install/geometry_msgs/share/geometry_msgs/cmake)
[4.168s] -- Found ament_lint_auto: 0.9.6 (/home/knapp/ros2_foxy/install/ament_lint_auto/share/ament_lint_auto/cmake)
[5.315s] -- Added test 'copyright' to check source files copyright and LICENSE
[5.317s] -- Added test 'cppcheck' to perform static code analysis on C / C++ code
[5.318s] -- Configured cppcheck include dirs: 
[5.318s] -- Configured cppcheck exclude dirs and/or files: 
[5.321s] -- Added test 'cpplint' to check C / C++ code against the Google style
[5.321s] -- Configured cpplint exclude dirs and/or files: 
[5.326s] -- Added test 'lint_cmake' to check CMake code style
[5.328s] -- Added test 'uncrustify' to check C / C++ code style
[5.329s] -- Configured uncrustify additional arguments: 
[5.330s] -- Added test 'xmllint' to check XML markup files
[5.337s] -- Configuring done
[5.395s] -- Generating done
[5.400s] -- Build files have been written to: /home/knapp/git/order_optimizer/build/order_optimizer
[5.659s] [ 50%] Built target OrderOptimizer
[5.715s] [35m[1mScanning dependencies of target SendOrder[0m
[5.841s] [ 75%] [32mBuilding CXX object CMakeFiles/SendOrder.dir/src/publisher_function.cpp.o[0m
[8.915s] [01m[K/home/knapp/git/order_optimizer/src/order_optimizer/src/publisher_function.cpp:10:28:[m[K [01;31m[Kerror: [m[Kâ€˜[01m[KPoseStamped[m[Kâ€™ is not a member of â€˜[01m[Kgeometry_msgs[m[Kâ€™; did you mean â€˜[01m[Kgeometry_msgs::msg::PoseStamped[m[Kâ€™?
[8.915s]    10 | std::vector<geometry_msgs::[01;31m[KPoseStamped[m[K::ConstPtr> current_pos;
[8.916s]       |                            [01;31m[K^~~~~~~~~~~[m[K
[8.916s] In file included from [01m[K/home/knapp/ros2_foxy/install/geometry_msgs/include/geometry_msgs/msg/pose_stamped.hpp:7[m[K,
[8.917s]                  from [01m[K/home/knapp/git/order_optimizer/src/order_optimizer/src/publisher_function.cpp:5[m[K:
[8.917s] [01m[K/home/knapp/ros2_foxy/install/geometry_msgs/include/geometry_msgs/msg/detail/pose_stamped__struct.hpp:134:7:[m[K [01;36m[Knote: [m[Kâ€˜[01m[Kgeometry_msgs::msg::PoseStamped[m[Kâ€™ declared here
[8.917s]   134 | using [01;36m[KPoseStamped[m[K =
[8.918s]       |       [01;36m[K^~~~~~~~~~~[m[K
[8.919s] [01m[K/home/knapp/git/order_optimizer/src/order_optimizer/src/publisher_function.cpp:10:28:[m[K [01;31m[Kerror: [m[Kâ€˜[01m[KPoseStamped[m[Kâ€™ is not a member of â€˜[01m[Kgeometry_msgs[m[Kâ€™; did you mean â€˜[01m[Kgeometry_msgs::msg::PoseStamped[m[Kâ€™?
[8.919s]    10 | std::vector<geometry_msgs::[01;31m[KPoseStamped[m[K::ConstPtr> current_pos;
[8.919s]       |                            [01;31m[K^~~~~~~~~~~[m[K
[8.920s] In file included from [01m[K/home/knapp/ros2_foxy/install/geometry_msgs/include/geometry_msgs/msg/pose_stamped.hpp:7[m[K,
[8.920s]                  from [01m[K/home/knapp/git/order_optimizer/src/order_optimizer/src/publisher_function.cpp:5[m[K:
[8.920s] [01m[K/home/knapp/ros2_foxy/install/geometry_msgs/include/geometry_msgs/msg/detail/pose_stamped__struct.hpp:134:7:[m[K [01;36m[Knote: [m[Kâ€˜[01m[Kgeometry_msgs::msg::PoseStamped[m[Kâ€™ declared here
[8.920s]   134 | using [01;36m[KPoseStamped[m[K =
[8.921s]       |       [01;36m[K^~~~~~~~~~~[m[K
[8.921s] [01m[K/home/knapp/git/order_optimizer/src/order_optimizer/src/publisher_function.cpp:10:49:[m[K [01;31m[Kerror: [m[Ktemplate argument 1 is invalid
[8.921s]    10 | std::vector<geometry_msgs::PoseStamped::ConstPtr[01;31m[K>[m[K current_pos;
[8.922s]       |                                                 [01;31m[K^[m[K
[8.922s] [01m[K/home/knapp/git/order_optimizer/src/order_optimizer/src/publisher_function.cpp:10:49:[m[K [01;31m[Kerror: [m[Ktemplate argument 2 is invalid
[8.935s] [01m[K/home/knapp/git/order_optimizer/src/order_optimizer/src/publisher_function.cpp:[m[K In constructor â€˜[01m[KSendOrder::SendOrder()[m[Kâ€™:
[8.935s] [01m[K/home/knapp/git/order_optimizer/src/order_optimizer/src/publisher_function.cpp:20:24:[m[K [01;31m[Kerror: [m[Kclass â€˜[01m[KSendOrder[m[Kâ€™ does not have any field named â€˜[01m[Kcount_[m[Kâ€™
[8.936s]    20 |   : Node("SendOrder"), [01;31m[Kcount_[m[K(0)
[8.936s]       |                        [01;31m[K^~~~~~[m[K
[8.967s] [01m[K/home/knapp/git/order_optimizer/src/order_optimizer/src/publisher_function.cpp:[m[K In member function â€˜[01m[Kvoid SendOrder::current_position_callback()[m[Kâ€™:
[8.967s] [01m[K/home/knapp/git/order_optimizer/src/order_optimizer/src/publisher_function.cpp:34:80:[m[K [01;31m[Kerror: [m[Krequest for member â€˜[01m[Kposition[m[Kâ€™ in â€˜[01m[Kcurrent_pos[m[Kâ€™, which is of non-class type â€˜[01m[Kint[m[Kâ€™
[8.968s]    34 |  = "Current Positions x and y:" + std::to_string(current_pos.[01;31m[Kposition[m[K.x) + " and " + std::to_string(current_pos.position.x);
[8.968s]       |                                                              [01;31m[K^~~~~~~~[m[K
[8.968s] 
[8.968s] [01m[K/home/knapp/git/order_optimizer/src/order_optimizer/src/publisher_function.cpp:34:131:[m[K [01;31m[Kerror: [m[Krequest for member â€˜[01m[Kposition[m[Kâ€™ in â€˜[01m[Kcurrent_pos[m[Kâ€™, which is of non-class type â€˜[01m[Kint[m[Kâ€™
[8.969s]    34 | ing(current_pos.position.x) + " and " + std::to_string(current_pos.[01;31m[Kposition[m[K.x);
[8.969s]       |                                                                    [01;31m[K^~~~~~~~[m[K
[8.969s] 
[8.987s] [01m[K/home/knapp/git/order_optimizer/src/order_optimizer/src/publisher_function.cpp:[m[K At global scope:
[8.988s] [01m[K/home/knapp/git/order_optimizer/src/order_optimizer/src/publisher_function.cpp:57:5:[m[K [01;31m[Kerror: [m[Kexpected initializer before â€˜[01m[Kif[m[Kâ€™
[8.988s]    57 |     [01;31m[Kif[m[K (argc != 7) {
[8.988s]       |     [01;31m[K^~[m[K
[8.989s] [01m[K/home/knapp/git/order_optimizer/src/order_optimizer/src/publisher_function.cpp:69:5:[m[K [01;31m[Kerror: [m[Kexpected unqualified-id before â€˜[01m[Kfor[m[Kâ€™
[8.989s]    69 |     [01;31m[Kfor[m[K (int i=0; i<6; i++){
[8.990s]       |     [01;31m[K^~~[m[K
[8.992s] [01m[K/home/knapp/git/order_optimizer/src/order_optimizer/src/publisher_function.cpp:69:19:[m[K [01;31m[Kerror: [m[Kâ€˜[01m[Ki[m[Kâ€™ does not name a type
[8.992s]    69 |     for (int i=0; [01;31m[Ki[m[K<6; i++){
[8.992s]       |                   [01;31m[K^[m[K
[8.994s] [01m[K/home/knapp/git/order_optimizer/src/order_optimizer/src/publisher_function.cpp:69:24:[m[K [01;31m[Kerror: [m[Kâ€˜[01m[Ki[m[Kâ€™ does not name a type
[8.995s]    69 |     for (int i=0; i<6; [01;31m[Ki[m[K++){
[8.995s]       |                        [01;31m[K^[m[K
[8.995s] [01m[K/home/knapp/git/order_optimizer/src/order_optimizer/src/publisher_function.cpp:100:5:[m[K [01;31m[Kerror: [m[Kexpected unqualified-id before â€˜[01m[Kif[m[Kâ€™
[8.995s]   100 |     [01;31m[Kif[m[K (parameters!=3){
[8.996s]       |     [01;31m[K^~[m[K
[8.997s] [01m[K/home/knapp/git/order_optimizer/src/order_optimizer/src/publisher_function.cpp:105:5:[m[K [01;31m[Kerror: [m[Kâ€˜[01m[Kcurrent_pos[m[Kâ€™ does not name a type
[8.998s]   105 |     [01;31m[Kcurrent_pos[m[K.position.x = x;
[8.998s]       |     [01;31m[K^~~~~~~~~~~[m[K
[9.000s] [01m[K/home/knapp/git/order_optimizer/src/order_optimizer/src/publisher_function.cpp:106:5:[m[K [01;31m[Kerror: [m[Kâ€˜[01m[Kcurrent_pos[m[Kâ€™ does not name a type
[9.000s]   106 |     [01;31m[Kcurrent_pos[m[K.position.y = y;
[9.001s]       |     [01;31m[K^~~~~~~~~~~[m[K
[9.002s] [01m[K/home/knapp/git/order_optimizer/src/order_optimizer/src/publisher_function.cpp:107:5:[m[K [01;31m[Kerror: [m[Kâ€˜[01m[Korder_id[m[Kâ€™ does not name a type
[9.002s]   107 |     [01;31m[Korder_id[m[K = id;
[9.002s]       |     [01;31m[K^~~~~~~~[m[K
[9.003s] [01m[K/home/knapp/git/order_optimizer/src/order_optimizer/src/publisher_function.cpp:109:15:[m[K [01;31m[Kerror: [m[Kexpected constructor, destructor, or type conversion before â€˜[01m[K([m[Kâ€™ token
[9.003s]   109 |   rclcpp::init[01;31m[K([m[Kargc, argv);
[9.003s]       |               [01;31m[K^[m[K
[9.004s] [01m[K/home/knapp/git/order_optimizer/src/order_optimizer/src/publisher_function.cpp:110:15:[m[K [01;31m[Kerror: [m[Kexpected constructor, destructor, or type conversion before â€˜[01m[K([m[Kâ€™ token
[9.004s]   110 |   rclcpp::spin[01;31m[K([m[Kstd::make_shared<SendOrder>());
[9.004s]       |               [01;31m[K^[m[K
[9.005s] [01m[K/home/knapp/git/order_optimizer/src/order_optimizer/src/publisher_function.cpp:111:21:[m[K [01;31m[Kerror: [m[Kexpected constructor, destructor, or type conversion before â€˜[01m[K;[m[Kâ€™ token
[9.005s]   111 |   rclcpp::shutdown()[01;31m[K;[m[K
[9.005s]       |                     [01;31m[K^[m[K
[9.006s] [01m[K/home/knapp/git/order_optimizer/src/order_optimizer/src/publisher_function.cpp:112:3:[m[K [01;31m[Kerror: [m[Kexpected unqualified-id before â€˜[01m[Kreturn[m[Kâ€™
[9.006s]   112 |   [01;31m[Kreturn[m[K 0;
[9.007s]       |   [01;31m[K^~~~~~[m[K
[9.008s] [01m[K/home/knapp/git/order_optimizer/src/order_optimizer/src/publisher_function.cpp:113:1:[m[K [01;31m[Kerror: [m[Kexpected declaration before â€˜[01m[K}[m[Kâ€™ token
[9.012s]   113 | [01;31m[K}[m[K
[9.012s]       | [01;31m[K^[m[K
[10.354s] make[2]: *** [CMakeFiles/SendOrder.dir/build.make:63: CMakeFiles/SendOrder.dir/src/publisher_function.cpp.o] Error 1
[10.356s] make[1]: *** [CMakeFiles/Makefile2:107: CMakeFiles/SendOrder.dir/all] Error 2
[10.359s] make: *** [Makefile:141: all] Error 2
[10.370s] Invoked command in '/home/knapp/git/order_optimizer/build/order_optimizer' returned '2': CMAKE_PREFIX_PATH=${CMAKE_PREFIX_PATH}:/home/knapp/ros2_foxy/install/ros2bag:/home/knapp/ros2_foxy/install/tracetools_launch:/home/knapp/ros2_foxy/install/topic_monitor:/home/knapp/ros2_foxy/install/examples_tf2_py:/home/knapp/ros2_foxy/install/sros2:/home/knapp/ros2_foxy/install/rqt_topic:/home/knapp/ros2_foxy/install/rqt_top:/home/knapp/ros2_foxy/install/rqt_srv:/home/knapp/ros2_foxy/install/rqt_shell:/home/knapp/ros2_foxy/install/rqt_service_caller:/home/knapp/ros2_foxy/install/rqt_reconfigure:/home/knapp/ros2_foxy/install/rqt_py_console:/home/knapp/ros2_foxy/install/rqt_publisher:/home/knapp/ros2_foxy/install/rqt_plot:/home/knapp/ros2_foxy/install/rqt_action:/home/knapp/ros2_foxy/install/rqt_msg:/home/knapp/ros2_foxy/install/rqt:/home/knapp/ros2_foxy/install/rqt_graph:/home/knapp/ros2_foxy/install/rqt_gui_py:/home/knapp/ros2_foxy/install/rqt_gui:/home/knapp/ros2_foxy/install/ros2trace:/home/knapp/ros2_foxy/install/ros2topic:/home/knapp/ros2_foxy/install/ros2test:/home/knapp/ros2_foxy/install/ros2component:/home/knapp/ros2_foxy/install/ros2param:/home/knapp/ros2_foxy/install/ros2lifecycle:/home/knapp/ros2_foxy/install/ros2service:/home/knapp/ros2_foxy/install/ros2run:/home/knapp/ros2_foxy/install/ros2launch:/home/knapp/ros2_foxy/install/ros2pkg:/home/knapp/ros2_foxy/install/ros2node:/home/knapp/ros2_foxy/install/ros2multicast:/home/knapp/ros2_foxy/install/ros2interface:/home/knapp/ros2_foxy/install/ros2doctor:/home/knapp/ros2_foxy/install/ros2action:/home/knapp/ros2_foxy/install/ros2cli:/home/knapp/ros2_foxy/install/quality_of_service_demo_py:/home/knapp/ros2_foxy/install/launch_testing_ros:/home/knapp/ros2_foxy/install/launch_ros:/home/knapp/ros2_foxy/install/examples_rclpy_minimal_subscriber:/home/knapp/ros2_foxy/install/examples_rclpy_minimal_service:/home/knapp/ros2_foxy/install/examples_rclpy_minimal_publisher:/home/knapp/ros2_foxy/install/examples_rclpy_minimal_client:/home/knapp/ros2_foxy/install/examples_rclpy_minimal_action_server:/home/knapp/ros2_foxy/install/examples_rclpy_minimal_action_client:/home/knapp/ros2_foxy/install/examples_rclpy_executors:/home/knapp/ros2_foxy/install/demo_nodes_py:/home/knapp/ros2_foxy/install/action_tutorials_py:/home/knapp/ros2_foxy/install/ament_uncrustify:/home/knapp/ros2_foxy/install/tracetools_trace:/home/knapp/ros2_foxy/install/tracetools_read:/home/knapp/ros2_foxy/install/test_launch_ros:/home/knapp/ros2_foxy/install/sensor_msgs_py:/home/knapp/ros2_foxy/install/rpyutils:/home/knapp/ros2_foxy/install/rosidl_runtime_py:/home/knapp/ros2_foxy/install/launch_yaml:/home/knapp/ros2_foxy/install/launch_xml:/home/knapp/ros2_foxy/install/launch_testing:/home/knapp/ros2_foxy/install/launch:/home/knapp/ros2_foxy/install/osrf_pycommon:/home/knapp/ros2_foxy/install/domain_coordinator:/home/knapp/ros2_foxy/install/ament_xmllint:/home/knapp/ros2_foxy/install/ament_pyflakes:/home/knapp/ros2_foxy/install/ament_pycodestyle:/home/knapp/ros2_foxy/install/ament_pep257:/home/knapp/ros2_foxy/install/ament_pclint:/home/knapp/ros2_foxy/install/ament_package:/home/knapp/ros2_foxy/install/ament_mypy:/home/knapp/ros2_foxy/install/ament_lint_cmake:/home/knapp/ros2_foxy/install/ament_flake8:/home/knapp/ros2_foxy/install/ament_copyright:/home/knapp/ros2_foxy/install/ament_lint:/home/knapp/ros2_foxy/install/ament_index_python:/home/knapp/ros2_foxy/install/ament_cpplint:/home/knapp/ros2_foxy/install/ament_cppcheck:/home/knapp/ros2_foxy/install/ament_clang_tidy:/home/knapp/ros2_foxy/install/ament_clang_format /usr/bin/cmake --build /home/knapp/git/order_optimizer/build/order_optimizer -- -j1 -l1
