[0.249s] Invoking command in '/home/knapp/git/order_optimizer/build/order_optimizer': CMAKE_PREFIX_PATH=${CMAKE_PREFIX_PATH}:/home/knapp/ros2_foxy/install/ros2bag:/home/knapp/ros2_foxy/install/tracetools_launch:/home/knapp/ros2_foxy/install/topic_monitor:/home/knapp/ros2_foxy/install/examples_tf2_py:/home/knapp/ros2_foxy/install/sros2:/home/knapp/ros2_foxy/install/rqt_topic:/home/knapp/ros2_foxy/install/rqt_top:/home/knapp/ros2_foxy/install/rqt_srv:/home/knapp/ros2_foxy/install/rqt_shell:/home/knapp/ros2_foxy/install/rqt_service_caller:/home/knapp/ros2_foxy/install/rqt_reconfigure:/home/knapp/ros2_foxy/install/rqt_py_console:/home/knapp/ros2_foxy/install/rqt_publisher:/home/knapp/ros2_foxy/install/rqt_plot:/home/knapp/ros2_foxy/install/rqt_action:/home/knapp/ros2_foxy/install/rqt_msg:/home/knapp/ros2_foxy/install/rqt:/home/knapp/ros2_foxy/install/rqt_graph:/home/knapp/ros2_foxy/install/rqt_gui_py:/home/knapp/ros2_foxy/install/rqt_gui:/home/knapp/ros2_foxy/install/ros2trace:/home/knapp/ros2_foxy/install/ros2topic:/home/knapp/ros2_foxy/install/ros2test:/home/knapp/ros2_foxy/install/ros2component:/home/knapp/ros2_foxy/install/ros2param:/home/knapp/ros2_foxy/install/ros2lifecycle:/home/knapp/ros2_foxy/install/ros2service:/home/knapp/ros2_foxy/install/ros2run:/home/knapp/ros2_foxy/install/ros2launch:/home/knapp/ros2_foxy/install/ros2pkg:/home/knapp/ros2_foxy/install/ros2node:/home/knapp/ros2_foxy/install/ros2multicast:/home/knapp/ros2_foxy/install/ros2interface:/home/knapp/ros2_foxy/install/ros2doctor:/home/knapp/ros2_foxy/install/ros2action:/home/knapp/ros2_foxy/install/ros2cli:/home/knapp/ros2_foxy/install/quality_of_service_demo_py:/home/knapp/ros2_foxy/install/launch_testing_ros:/home/knapp/ros2_foxy/install/launch_ros:/home/knapp/ros2_foxy/install/examples_rclpy_minimal_subscriber:/home/knapp/ros2_foxy/install/examples_rclpy_minimal_service:/home/knapp/ros2_foxy/install/examples_rclpy_minimal_publisher:/home/knapp/ros2_foxy/install/examples_rclpy_minimal_client:/home/knapp/ros2_foxy/install/examples_rclpy_minimal_action_server:/home/knapp/ros2_foxy/install/examples_rclpy_minimal_action_client:/home/knapp/ros2_foxy/install/examples_rclpy_executors:/home/knapp/ros2_foxy/install/demo_nodes_py:/home/knapp/ros2_foxy/install/action_tutorials_py:/home/knapp/ros2_foxy/install/ament_uncrustify:/home/knapp/ros2_foxy/install/tracetools_trace:/home/knapp/ros2_foxy/install/tracetools_read:/home/knapp/ros2_foxy/install/test_launch_ros:/home/knapp/ros2_foxy/install/sensor_msgs_py:/home/knapp/ros2_foxy/install/rpyutils:/home/knapp/ros2_foxy/install/rosidl_runtime_py:/home/knapp/ros2_foxy/install/launch_yaml:/home/knapp/ros2_foxy/install/launch_xml:/home/knapp/ros2_foxy/install/launch_testing:/home/knapp/ros2_foxy/install/launch:/home/knapp/ros2_foxy/install/osrf_pycommon:/home/knapp/ros2_foxy/install/domain_coordinator:/home/knapp/ros2_foxy/install/ament_xmllint:/home/knapp/ros2_foxy/install/ament_pyflakes:/home/knapp/ros2_foxy/install/ament_pycodestyle:/home/knapp/ros2_foxy/install/ament_pep257:/home/knapp/ros2_foxy/install/ament_pclint:/home/knapp/ros2_foxy/install/ament_package:/home/knapp/ros2_foxy/install/ament_mypy:/home/knapp/ros2_foxy/install/ament_lint_cmake:/home/knapp/ros2_foxy/install/ament_flake8:/home/knapp/ros2_foxy/install/ament_copyright:/home/knapp/ros2_foxy/install/ament_lint:/home/knapp/ros2_foxy/install/ament_index_python:/home/knapp/ros2_foxy/install/ament_cpplint:/home/knapp/ros2_foxy/install/ament_cppcheck:/home/knapp/ros2_foxy/install/ament_clang_tidy:/home/knapp/ros2_foxy/install/ament_clang_format /usr/bin/cmake --build /home/knapp/git/order_optimizer/build/order_optimizer -- -j1 -l1
[0.750s] [35m[1mScanning dependencies of target OrderOptimizer[0m
[0.857s] [ 25%] [32mBuilding CXX object CMakeFiles/OrderOptimizer.dir/src/subscriber_function.cpp.o[0m
[5.309s] [01m[K/home/knapp/git/order_optimizer/src/order_optimizer/src/subscriber_function.cpp:93:43:[m[K [01;31m[Kerror: [m[Karray bound is not an integer constant before â€˜[01m[K][m[Kâ€™ token
[5.310s]    93 |     void dijkstra(double graph[matrix_size[01;31m[K][m[K[matrix_size], int src, int V, struct order order_)
[5.310s]       |                                           [01;31m[K^[m[K
[5.310s] [01m[K/home/knapp/git/order_optimizer/src/order_optimizer/src/subscriber_function.cpp:93:56:[m[K [01;31m[Kerror: [m[Karray bound is not an integer constant before â€˜[01m[K][m[Kâ€™ token
[5.311s]    93 |     void dijkstra(double graph[matrix_size][matrix_size[01;31m[K][m[K, int src, int V, struct order order_)
[5.311s]       |                                                        [01;31m[K^[m[K
[5.311s] [01m[K/home/knapp/git/order_optimizer/src/order_optimizer/src/subscriber_function.cpp:93:57:[m[K [01;31m[Kerror: [m[Kexpected â€˜[01m[K)[m[Kâ€™ before â€˜[01m[K,[m[Kâ€™ token
[5.311s]    93 |     void dijkstra[34m[K([m[Kdouble graph[matrix_size][matrix_size][01;31m[K,[m[K int src, int V, struct order order_)
[5.312s]       |                  [34m[K~[m[K                                      [01;31m[K^[m[K
[5.312s]       |                                                         [32m[K)[m[K
[5.312s] [01m[K/home/knapp/git/order_optimizer/src/order_optimizer/src/subscriber_function.cpp:93:59:[m[K [01;31m[Kerror: [m[Kexpected unqualified-id before â€˜[01m[Kint[m[Kâ€™
[5.312s]    93 |     void dijkstra(double graph[matrix_size][matrix_size], [01;31m[Kint[m[K src, int V, struct order order_)
[5.313s]       |                                                           [01;31m[K^~~[m[K
[5.313s] [01m[K/home/knapp/git/order_optimizer/src/order_optimizer/src/subscriber_function.cpp:188:42:[m[K [01;31m[Kerror: [m[Kcannot declare pointer to â€˜[01m[Kdouble&[m[Kâ€™
[5.313s]   188 |    void create_distance_matrix(double &**[01;31m[Kdistances[m[K, struct order order_) {
[5.314s]       |                                          [01;31m[K^~~~~~~~~[m[K
[5.376s] [01m[K/home/knapp/git/order_optimizer/src/order_optimizer/src/subscriber_function.cpp:[m[K In member function â€˜[01m[Kint OrderOptimizer::printSolution(int*, int, order, double**)[m[Kâ€™:
[5.376s] [01m[K/home/knapp/git/order_optimizer/src/order_optimizer/src/subscriber_function.cpp:79:21:[m[K [01;31m[Kerror: [m[Kâ€˜[01m[KV[m[Kâ€™ was not declared in this scope
[5.381s]    79 |         std::cerr <<[01;31m[KV[m[K-1<<".  Starting with given destinatation x: "<<order_.products.at(0).cx<", y: "<<order_.products.at(0).cy<<std::endl;
[5.381s]       |                     [01;31m[K^[m[K
[5.382s] [01m[K/home/knapp/git/order_optimizer/src/order_optimizer/src/subscriber_function.cpp:79:102:[m[K [01;31m[Kerror: [m[Kinvalid operands of types â€˜[01m[Kconst char [6][m[Kâ€™ and â€˜[01m[Kdouble[m[Kâ€™ to binary â€˜[01m[Koperator<<[m[Kâ€™
[5.382s]    79 |         std::cerr <<V-1<<".  Starting with given destinatation x: "<<order_.products.at(0).cx<[32m[K", y: "[m[K[01;31m[K<<[m[K[34m[Korder_.products.at(0).cy[m[K<<std::endl;
[5.382s]       |                                                                                               [32m[K~~~~~~~[m[K[01;31m[K^~[m[K[34m[K~~~~~~~~~~~~~~~~~~~~~~~~[m[K
[5.383s]       |                                                                                               [32m[K|[m[K                              [34m[K|[m[K
[5.383s]       |                                                                                               [32m[Kconst char [6][m[K                 [34m[Kdouble[m[K
[5.386s] [01m[K/home/knapp/git/order_optimizer/src/order_optimizer/src/subscriber_function.cpp:83:176:[m[K [01;31m[Kerror: [m[Kinvalid operands of types â€˜[01m[Kconst char [6][m[Kâ€™ and â€˜[01m[Kdouble[m[Kâ€™ to binary â€˜[01m[Koperator<<[m[Kâ€™
[5.386s]    83 | roducts.at(j).part << " for product "<<order_.products.at(j).product<<" at x: "<<order_.products.at(j).cx<[32m[K", y: "[m[K[01;31m[K<<[m[K[34m[Korder_.products.at(j).cy[m[K<<std::endl;
[5.387s]       |                                                                                                           [32m[K~~~~~~~[m[K[01;31m[K^~[m[K[34m[K~~~~~~~~~~~~~~~~~~~~~~~~[m[K
[5.387s]       |                                                                                                           [32m[K|[m[K                              [34m[K|[m[K
[5.387s]       |                                                                                                           [32m[Kconst char [6][m[K                 [34m[Kdouble[m[K
[5.387s] 
[5.388s] [01m[K/home/knapp/git/order_optimizer/src/order_optimizer/src/subscriber_function.cpp:89:5:[m[K [01;35m[Kwarning: [m[Kno return statement in function returning non-void [[01;35m[K-Wreturn-type[m[K]
[5.388s]    89 |     [01;35m[K}[m[K
[5.389s]       |     [01;35m[K^[m[K
[5.389s] [01m[K/home/knapp/git/order_optimizer/src/order_optimizer/src/subscriber_function.cpp:76:39:[m[K [01;35m[Kwarning: [m[Kunused parameter â€˜[01m[Kn[m[Kâ€™ [[01;35m[K-Wunused-parameter[m[K]
[5.389s]    76 |     int printSolution(int dist[], [01;35m[Kint n[m[K, struct order order_, double **distances)
[5.389s]       |                                   [01;35m[K~~~~^[m[K
[5.394s] [01m[K/home/knapp/git/order_optimizer/src/order_optimizer/src/subscriber_function.cpp:[m[K In member function â€˜[01m[Kvoid OrderOptimizer::fill_product_part(int, std::string, std::string, double, double, std::vector<product_part>&)[m[Kâ€™:
[5.394s] [01m[K/home/knapp/git/order_optimizer/src/order_optimizer/src/subscriber_function.cpp:134:28:[m[K [01;31m[Kerror: [m[Kâ€˜[01m[Kpr[m[Kâ€™ was not declared in this scope; did you mean â€˜[01m[Kpart[m[Kâ€™?
[5.395s]   134 |         product_part_.id = [01;31m[Kpr[m[K.id;
[5.395s]       |                            [01;31m[K^~[m[K
[5.396s]       |                            [32m[Kpart[m[K
[5.399s] [01m[K/home/knapp/git/order_optimizer/src/order_optimizer/src/subscriber_function.cpp:136:29:[m[K [01;31m[Kerror: [m[Kâ€˜[01m[Kp[m[Kâ€™ was not declared in this scope
[5.399s]   136 |         product_part_.part= [01;31m[Kp[m[K.part;
[5.399s]       |                             [01;31m[K^[m[K
[5.400s] [01m[K/home/knapp/git/order_optimizer/src/order_optimizer/src/subscriber_function.cpp:132:32:[m[K [01;35m[Kwarning: [m[Kunused parameter â€˜[01m[Kid[m[Kâ€™ [[01;35m[K-Wunused-parameter[m[K]
[5.400s]   132 |     void fill_product_part([01;35m[Kint id[m[K, std::string product, std::string part, double cx, double cy, vector < struct product_part> &products_){
[5.400s]       |                            [01;35m[K~~~~^~[m[K
[5.401s] [01m[K/home/knapp/git/order_optimizer/src/order_optimizer/src/subscriber_function.cpp:132:48:[m[K [01;35m[Kwarning: [m[Kunused parameter â€˜[01m[Kproduct[m[Kâ€™ [[01;35m[K-Wunused-parameter[m[K]
[5.401s]   132 |     void fill_product_part(int id, [01;35m[Kstd::string product[m[K, std::string part, double cx, double cy, vector < struct product_part> &products_){
[5.401s]       |                                    [01;35m[K~~~~~~~~~~~~^~~~~~~[m[K
[5.402s] [01m[K/home/knapp/git/order_optimizer/src/order_optimizer/src/subscriber_function.cpp:132:69:[m[K [01;35m[Kwarning: [m[Kunused parameter â€˜[01m[Kpart[m[Kâ€™ [[01;35m[K-Wunused-parameter[m[K]
[5.402s]   132 |     void fill_product_part(int id, std::string product, [01;35m[Kstd::string part[m[K, double cx, double cy, vector < struct product_part> &products_){
[5.402s]       |                                                         [01;35m[K~~~~~~~~~~~~^~~~[m[K
[5.402s] [01m[K/home/knapp/git/order_optimizer/src/order_optimizer/src/subscriber_function.cpp:132:82:[m[K [01;35m[Kwarning: [m[Kunused parameter â€˜[01m[Kcx[m[Kâ€™ [[01;35m[K-Wunused-parameter[m[K]
[5.403s]   132 |     void fill_product_part(int id, std::string product, std::string part, [01;35m[Kdouble cx[m[K, double cy, vector < struct product_part> &products_){
[5.403s]       |                                                                           [01;35m[K~~~~~~~^~[m[K
[5.403s] [01m[K/home/knapp/git/order_optimizer/src/order_optimizer/src/subscriber_function.cpp:132:93:[m[K [01;35m[Kwarning: [m[Kunused parameter â€˜[01m[Kcy[m[Kâ€™ [[01;35m[K-Wunused-parameter[m[K]
[5.403s]   132 |     void fill_product_part(int id, std::string product, std::string part, double cx, [01;35m[Kdouble cy[m[K, vector < struct product_part> &products_){
[5.404s]       |                                                                                      [01;35m[K~~~~~~~^~[m[K
[5.409s] [01m[K/home/knapp/git/order_optimizer/src/order_optimizer/src/subscriber_function.cpp:[m[K In member function â€˜[01m[Kvoid OrderOptimizer::read_orders(std::string, int, std::vector<order>&)[m[Kâ€™:
[5.410s] [01m[K/home/knapp/git/order_optimizer/src/order_optimizer/src/subscriber_function.cpp:161:76:[m[K [01;31m[Kerror: [m[Kcannot convert â€˜[01m[Kstd::string[m[Kâ€™ {aka â€˜[01m[Kstd::__cxx11::basic_string<char>[m[Kâ€™} to â€˜[01m[Kdouble[m[Kâ€™
[5.411s]   161 |                 fill_product_part("Order Start", "Whole package", "Start", [01;31m[Kx_position[m[K, y_position, products_);
[5.411s]       |                                                                            [01;31m[K^~~~~~~~~~[m[K
[5.411s]       |                                                                            [01;31m[K|[m[K
[5.412s]       |                                                                            [01;31m[Kstd::string {aka std::__cxx11::basic_string<char>}[m[K
[5.412s] [01m[K/home/knapp/git/order_optimizer/src/order_optimizer/src/subscriber_function.cpp:132:82:[m[K [01;36m[Knote: [m[K  initializing argument 4 of â€˜[01m[Kvoid OrderOptimizer::fill_product_part(int, std::string, std::string, double, double, std::vector<product_part>&)[m[Kâ€™
[5.412s]   132 |     void fill_product_part(int id, std::string product, std::string part, [01;36m[Kdouble cx[m[K, double cy, vector < struct product_part> &products_){
[5.413s]       |                                                                           [01;36m[K~~~~~~~^~[m[K
[5.420s] [01m[K/home/knapp/git/order_optimizer/src/order_optimizer/src/subscriber_function.cpp:173:43:[m[K [01;31m[Kerror: [m[Kinvalid conversion from â€˜[01m[Kconst char*[m[Kâ€™ to â€˜[01m[Kint[m[Kâ€™ [[01;31m[K-fpermissive[m[K]
[5.420s]   173 |                         fill_product_part([01;31m[K"Order Destination"[m[K, "Whole package", "Goal", order_.cx, order_.cy, products_);
[5.420s]       |                                           [01;31m[K^~~~~~~~~~~~~~~~~~~[m[K
[5.421s]       |                                           [01;31m[K|[m[K
[5.421s]       |                                           [01;31m[Kconst char*[m[K
[5.421s] [01m[K/home/knapp/git/order_optimizer/src/order_optimizer/src/subscriber_function.cpp:132:32:[m[K [01;36m[Knote: [m[K  initializing argument 1 of â€˜[01m[Kvoid OrderOptimizer::fill_product_part(int, std::string, std::string, double, double, std::vector<product_part>&)[m[Kâ€™
[5.421s]   132 |     void fill_product_part([01;36m[Kint id[m[K, std::string product, std::string part, double cx, double cy, vector < struct product_part> &products_){
[5.422s]       |                            [01;36m[K~~~~^~[m[K
[9.343s] make[2]: *** [CMakeFiles/OrderOptimizer.dir/build.make:63: CMakeFiles/OrderOptimizer.dir/src/subscriber_function.cpp.o] Error 1
[9.352s] make[1]: *** [CMakeFiles/Makefile2:80: CMakeFiles/OrderOptimizer.dir/all] Error 2
[9.352s] make: *** [Makefile:141: all] Error 2
[9.359s] Invoked command in '/home/knapp/git/order_optimizer/build/order_optimizer' returned '2': CMAKE_PREFIX_PATH=${CMAKE_PREFIX_PATH}:/home/knapp/ros2_foxy/install/ros2bag:/home/knapp/ros2_foxy/install/tracetools_launch:/home/knapp/ros2_foxy/install/topic_monitor:/home/knapp/ros2_foxy/install/examples_tf2_py:/home/knapp/ros2_foxy/install/sros2:/home/knapp/ros2_foxy/install/rqt_topic:/home/knapp/ros2_foxy/install/rqt_top:/home/knapp/ros2_foxy/install/rqt_srv:/home/knapp/ros2_foxy/install/rqt_shell:/home/knapp/ros2_foxy/install/rqt_service_caller:/home/knapp/ros2_foxy/install/rqt_reconfigure:/home/knapp/ros2_foxy/install/rqt_py_console:/home/knapp/ros2_foxy/install/rqt_publisher:/home/knapp/ros2_foxy/install/rqt_plot:/home/knapp/ros2_foxy/install/rqt_action:/home/knapp/ros2_foxy/install/rqt_msg:/home/knapp/ros2_foxy/install/rqt:/home/knapp/ros2_foxy/install/rqt_graph:/home/knapp/ros2_foxy/install/rqt_gui_py:/home/knapp/ros2_foxy/install/rqt_gui:/home/knapp/ros2_foxy/install/ros2trace:/home/knapp/ros2_foxy/install/ros2topic:/home/knapp/ros2_foxy/install/ros2test:/home/knapp/ros2_foxy/install/ros2component:/home/knapp/ros2_foxy/install/ros2param:/home/knapp/ros2_foxy/install/ros2lifecycle:/home/knapp/ros2_foxy/install/ros2service:/home/knapp/ros2_foxy/install/ros2run:/home/knapp/ros2_foxy/install/ros2launch:/home/knapp/ros2_foxy/install/ros2pkg:/home/knapp/ros2_foxy/install/ros2node:/home/knapp/ros2_foxy/install/ros2multicast:/home/knapp/ros2_foxy/install/ros2interface:/home/knapp/ros2_foxy/install/ros2doctor:/home/knapp/ros2_foxy/install/ros2action:/home/knapp/ros2_foxy/install/ros2cli:/home/knapp/ros2_foxy/install/quality_of_service_demo_py:/home/knapp/ros2_foxy/install/launch_testing_ros:/home/knapp/ros2_foxy/install/launch_ros:/home/knapp/ros2_foxy/install/examples_rclpy_minimal_subscriber:/home/knapp/ros2_foxy/install/examples_rclpy_minimal_service:/home/knapp/ros2_foxy/install/examples_rclpy_minimal_publisher:/home/knapp/ros2_foxy/install/examples_rclpy_minimal_client:/home/knapp/ros2_foxy/install/examples_rclpy_minimal_action_server:/home/knapp/ros2_foxy/install/examples_rclpy_minimal_action_client:/home/knapp/ros2_foxy/install/examples_rclpy_executors:/home/knapp/ros2_foxy/install/demo_nodes_py:/home/knapp/ros2_foxy/install/action_tutorials_py:/home/knapp/ros2_foxy/install/ament_uncrustify:/home/knapp/ros2_foxy/install/tracetools_trace:/home/knapp/ros2_foxy/install/tracetools_read:/home/knapp/ros2_foxy/install/test_launch_ros:/home/knapp/ros2_foxy/install/sensor_msgs_py:/home/knapp/ros2_foxy/install/rpyutils:/home/knapp/ros2_foxy/install/rosidl_runtime_py:/home/knapp/ros2_foxy/install/launch_yaml:/home/knapp/ros2_foxy/install/launch_xml:/home/knapp/ros2_foxy/install/launch_testing:/home/knapp/ros2_foxy/install/launch:/home/knapp/ros2_foxy/install/osrf_pycommon:/home/knapp/ros2_foxy/install/domain_coordinator:/home/knapp/ros2_foxy/install/ament_xmllint:/home/knapp/ros2_foxy/install/ament_pyflakes:/home/knapp/ros2_foxy/install/ament_pycodestyle:/home/knapp/ros2_foxy/install/ament_pep257:/home/knapp/ros2_foxy/install/ament_pclint:/home/knapp/ros2_foxy/install/ament_package:/home/knapp/ros2_foxy/install/ament_mypy:/home/knapp/ros2_foxy/install/ament_lint_cmake:/home/knapp/ros2_foxy/install/ament_flake8:/home/knapp/ros2_foxy/install/ament_copyright:/home/knapp/ros2_foxy/install/ament_lint:/home/knapp/ros2_foxy/install/ament_index_python:/home/knapp/ros2_foxy/install/ament_cpplint:/home/knapp/ros2_foxy/install/ament_cppcheck:/home/knapp/ros2_foxy/install/ament_clang_tidy:/home/knapp/ros2_foxy/install/ament_clang_format /usr/bin/cmake --build /home/knapp/git/order_optimizer/build/order_optimizer -- -j1 -l1
